[runlim] version:		1.8
[runlim] time limit:		1800 seconds
[runlim] real time limit:	3600 seconds
[runlim] space limit:		32768 MB
[runlim] argv[0]:		/home/cril/wallon/new-cdcl/divide/start.sh
[runlim] argv[1]:		/data/PB/PB06/SATUNSAT-SMALLINT/submitted-PB05/aloul/FPGA_SAT05/normalized-fpga35_35_sat_pb.cnf.cr.opb.bz2
[runlim] argv[2]:		/home/cril/wallon/new-cdcl/divide/results/data_PB_PB06_SATUNSAT_SMALLINT_submitted_PB05_aloul_FPGA_SAT05_normalized_fpga35_35_sat_pb.cnf.cr.opb.bz2
[runlim] start:			Wed Feb  5 18:56:26 2020
[runlim] main pid:		120254
[runlim] sample:		16.8 time, 10.6 real, 1226.7 MB
[runlim] sample:		27.7 time, 20.6 real, 1270.1 MB
[runlim] sample:		38.2 time, 30.6 real, 1342.1 MB
[runlim] sample:		48.8 time, 40.6 real, 1488.2 MB
[runlim] sample:		59.3 time, 50.6 real, 2832.3 MB
[runlim] sample:		69.6 time, 60.6 real, 3128.3 MB
[runlim] sample:		80.2 time, 70.6 real, 3444.5 MB
[runlim] sample:		90.2 time, 80.6 real, 4558.5 MB
[runlim] sample:		100.5 time, 90.6 real, 5576.5 MB
[runlim] sample:		110.8 time, 100.6 real, 6656.6 MB
[runlim] sample:		120.8 time, 110.6 real, 6656.6 MB
[runlim] sample:		131.3 time, 120.6 real, 6736.8 MB
[runlim] sample:		141.7 time, 130.6 real, 6969.0 MB
[runlim] sample:		151.7 time, 140.6 real, 6969.0 MB
[runlim] sample:		162.6 time, 150.6 real, 7283.3 MB
[runlim] sample:		173.1 time, 160.6 real, 7427.4 MB
[runlim] sample:		183.2 time, 170.6 real, 7416.7 MB
[runlim] sample:		193.7 time, 180.6 real, 7460.7 MB
[runlim] sample:		203.8 time, 190.6 real, 7460.7 MB
[runlim] end:			Wed Feb  5 18:59:42 2020
[runlim] status:		ok
[runlim] result:		0
[runlim] children:		1958
[runlim] real:			196.23 seconds
[runlim] time:			209.51 seconds
[runlim] space:			7460.7 MB
[runlim] samples:		1956
