[runlim] version:		1.8
[runlim] time limit:		1800 seconds
[runlim] real time limit:	3600 seconds
[runlim] space limit:		32768 MB
[runlim] argv[0]:		/home/cril/wallon/new-cdcl/divide/start.sh
[runlim] argv[1]:		/data/PB/PB06/SATUNSAT-SMALLINT/submitted-PB05/aloul/FPGA_SAT05/normalized-fpga30_29_sat_pb.cnf.cr.opb.bz2
[runlim] argv[2]:		/home/cril/wallon/new-cdcl/divide/results/data_PB_PB06_SATUNSAT_SMALLINT_submitted_PB05_aloul_FPGA_SAT05_normalized_fpga30_29_sat_pb.cnf.cr.opb.bz2
[runlim] start:			Wed Feb  5 18:56:26 2020
[runlim] main pid:		193250
[runlim] sample:		19.0 time, 10.4 real, 1252.8 MB
[runlim] sample:		29.8 time, 20.4 real, 1309.2 MB
[runlim] sample:		40.5 time, 30.4 real, 1533.3 MB
[runlim] sample:		51.1 time, 40.4 real, 2135.4 MB
[runlim] sample:		61.5 time, 50.4 real, 2315.4 MB
[runlim] sample:		72.0 time, 60.4 real, 2597.5 MB
[runlim] sample:		82.2 time, 70.4 real, 2759.6 MB
[runlim] sample:		92.6 time, 80.4 real, 4079.8 MB
[runlim] sample:		102.9 time, 90.4 real, 4375.8 MB
[runlim] sample:		113.2 time, 100.4 real, 4549.8 MB
[runlim] sample:		123.5 time, 110.4 real, 5153.9 MB
[runlim] sample:		133.8 time, 120.4 real, 5277.9 MB
[runlim] sample:		144.1 time, 130.4 real, 5523.9 MB
[runlim] sample:		154.1 time, 140.4 real, 5523.9 MB
[runlim] sample:		164.6 time, 150.4 real, 7536.0 MB
[runlim] sample:		174.7 time, 160.4 real, 7536.0 MB
[runlim] sample:		185.1 time, 170.4 real, 7638.0 MB
[runlim] sample:		195.1 time, 180.4 real, 7638.0 MB
[runlim] sample:		205.5 time, 190.4 real, 7746.0 MB
[runlim] sample:		215.6 time, 200.4 real, 7746.0 MB
[runlim] sample:		226.1 time, 210.4 real, 7830.0 MB
[runlim] sample:		236.1 time, 220.4 real, 7830.0 MB
[runlim] sample:		246.5 time, 230.4 real, 7978.0 MB
[runlim] sample:		256.6 time, 240.4 real, 7978.0 MB
[runlim] sample:		267.0 time, 250.4 real, 8228.2 MB
[runlim] sample:		277.0 time, 260.4 real, 8228.2 MB
[runlim] sample:		287.4 time, 270.4 real, 8464.2 MB
[runlim] sample:		297.5 time, 280.4 real, 8464.2 MB
[runlim] sample:		308.2 time, 290.4 real, 8542.4 MB
[runlim] sample:		318.9 time, 300.4 real, 8550.7 MB
[runlim] sample:		329.0 time, 310.4 real, 8539.1 MB
[runlim] sample:		339.6 time, 320.4 real, 8609.1 MB
[runlim] sample:		349.6 time, 330.4 real, 8609.2 MB
[runlim] sample:		360.1 time, 340.4 real, 8659.2 MB
[runlim] sample:		370.1 time, 350.4 real, 8659.2 MB
[runlim] sample:		380.1 time, 360.4 real, 10507.2 MB
[runlim] sample:		390.6 time, 370.4 real, 11585.3 MB
[runlim] sample:		400.6 time, 380.4 real, 11585.3 MB
[runlim] sample:		410.8 time, 390.4 real, 11589.3 MB
[runlim] sample:		421.3 time, 400.4 real, 11661.4 MB
[runlim] sample:		431.3 time, 410.4 real, 11661.4 MB
[runlim] sample:		441.9 time, 420.4 real, 11891.4 MB
[runlim] sample:		451.9 time, 430.4 real, 11891.4 MB
[runlim] sample:		462.0 time, 440.4 real, 11891.4 MB
[runlim] sample:		472.0 time, 450.4 real, 11891.5 MB
[runlim] sample:		482.6 time, 460.4 real, 11911.5 MB
[runlim] sample:		493.3 time, 470.4 real, 11923.7 MB
[runlim] sample:		503.9 time, 480.4 real, 11945.7 MB
[runlim] sample:		514.5 time, 490.4 real, 11962.2 MB
[runlim] sample:		525.0 time, 500.4 real, 11974.2 MB
[runlim] sample:		535.6 time, 510.4 real, 11984.2 MB
[runlim] sample:		546.0 time, 520.4 real, 11994.2 MB
[runlim] sample:		556.7 time, 530.4 real, 12006.4 MB
[runlim] sample:		567.1 time, 540.4 real, 12012.5 MB
[runlim] sample:		577.5 time, 550.4 real, 12016.5 MB
[runlim] sample:		587.9 time, 560.4 real, 12034.5 MB
[runlim] sample:		598.2 time, 570.4 real, 12042.6 MB
[runlim] sample:		608.5 time, 580.4 real, 12066.6 MB
[runlim] sample:		618.8 time, 590.4 real, 12086.6 MB
[runlim] sample:		628.9 time, 600.4 real, 12086.6 MB
[runlim] sample:		639.1 time, 610.4 real, 12108.6 MB
[runlim] sample:		649.3 time, 620.4 real, 12124.6 MB
[runlim] sample:		659.5 time, 630.4 real, 12128.6 MB
[runlim] sample:		669.6 time, 640.4 real, 12128.6 MB
[runlim] sample:		680.0 time, 650.4 real, 12132.6 MB
[runlim] sample:		690.2 time, 660.4 real, 12136.6 MB
[runlim] sample:		700.6 time, 670.4 real, 12137.8 MB
[runlim] sample:		711.2 time, 680.4 real, 12141.0 MB
[runlim] sample:		721.4 time, 690.4 real, 12143.0 MB
[runlim] sample:		731.6 time, 700.4 real, 12143.0 MB
[runlim] sample:		741.9 time, 710.4 real, 12149.0 MB
[runlim] sample:		752.2 time, 720.4 real, 12153.0 MB
[runlim] sample:		762.2 time, 730.4 real, 12153.0 MB
[runlim] sample:		772.6 time, 740.4 real, 12155.0 MB
[runlim] sample:		782.6 time, 750.4 real, 12155.0 MB
[runlim] sample:		793.1 time, 760.4 real, 12155.0 MB
[runlim] sample:		803.8 time, 770.4 real, 12158.1 MB
[runlim] sample:		814.1 time, 780.4 real, 12158.1 MB
[runlim] sample:		825.5 time, 790.4 real, 12161.0 MB
[runlim] sample:		836.7 time, 800.4 real, 12164.7 MB
[runlim] sample:		847.0 time, 810.4 real, 12164.7 MB
[runlim] sample:		857.4 time, 820.4 real, 12166.7 MB
[runlim] sample:		867.8 time, 830.4 real, 12168.7 MB
[runlim] sample:		878.3 time, 840.4 real, 12168.7 MB
[runlim] sample:		889.2 time, 850.4 real, 12170.7 MB
[runlim] sample:		899.9 time, 860.4 real, 12172.8 MB
[runlim] sample:		910.0 time, 870.4 real, 12172.8 MB
[runlim] sample:		920.4 time, 880.4 real, 12174.8 MB
[runlim] sample:		930.4 time, 890.4 real, 12174.8 MB
[runlim] sample:		940.9 time, 900.4 real, 12177.8 MB
[runlim] sample:		951.5 time, 910.4 real, 12179.8 MB
[runlim] sample:		962.2 time, 920.4 real, 12179.8 MB
[runlim] sample:		972.9 time, 930.4 real, 12183.8 MB
[runlim] sample:		983.6 time, 940.4 real, 12187.8 MB
[runlim] sample:		993.9 time, 950.4 real, 12187.8 MB
[runlim] sample:		1004.5 time, 960.4 real, 12189.8 MB
[runlim] sample:		1015.1 time, 970.4 real, 12191.8 MB
[runlim] sample:		1025.5 time, 980.4 real, 12191.8 MB
[runlim] sample:		1036.7 time, 990.4 real, 12195.9 MB
[runlim] sample:		1048.3 time, 1000.4 real, 12201.2 MB
[runlim] sample:		1059.4 time, 1010.4 real, 12207.2 MB
[runlim] sample:		1070.1 time, 1020.4 real, 12207.2 MB
[runlim] sample:		1080.9 time, 1030.4 real, 12211.2 MB
[runlim] sample:		1092.5 time, 1040.4 real, 12217.2 MB
[runlim] sample:		1104.7 time, 1050.4 real, 12225.3 MB
[runlim] sample:		1119.5 time, 1060.4 real, 12235.9 MB
[runlim] sample:		1134.4 time, 1070.4 real, 12242.0 MB
[runlim] sample:		1149.1 time, 1080.4 real, 12256.0 MB
[runlim] sample:		1164.0 time, 1090.4 real, 12262.1 MB
[runlim] sample:		1178.5 time, 1100.4 real, 12264.4 MB
[runlim] sample:		1193.8 time, 1110.4 real, 12274.2 MB
[runlim] sample:		1209.8 time, 1120.4 real, 12279.5 MB
[runlim] sample:		1226.0 time, 1130.4 real, 12287.9 MB
[runlim] sample:		1242.9 time, 1140.4 real, 12302.5 MB
[runlim] sample:		1260.3 time, 1150.4 real, 12306.3 MB
[runlim] sample:		1277.2 time, 1160.4 real, 12311.0 MB
[runlim] sample:		1292.9 time, 1170.4 real, 12315.1 MB
[runlim] sample:		1309.3 time, 1180.4 real, 12319.1 MB
[runlim] sample:		1325.2 time, 1190.4 real, 12321.2 MB
[runlim] sample:		1341.1 time, 1200.4 real, 12323.2 MB
[runlim] sample:		1357.7 time, 1210.4 real, 12325.2 MB
[runlim] sample:		1373.7 time, 1220.4 real, 12329.2 MB
[runlim] sample:		1389.9 time, 1230.4 real, 12331.2 MB
[runlim] sample:		1406.2 time, 1240.4 real, 12333.2 MB
[runlim] sample:		1423.5 time, 1250.4 real, 12333.2 MB
[runlim] sample:		1439.7 time, 1260.4 real, 12333.2 MB
[runlim] sample:		1456.5 time, 1270.4 real, 12335.2 MB
[runlim] sample:		1473.8 time, 1280.4 real, 12344.6 MB
[runlim] sample:		1490.4 time, 1290.4 real, 12348.4 MB
[runlim] sample:		1506.9 time, 1300.4 real, 12350.6 MB
[runlim] sample:		1522.1 time, 1310.4 real, 12350.8 MB
[runlim] sample:		1538.5 time, 1320.4 real, 12352.8 MB
[runlim] sample:		1554.8 time, 1330.4 real, 12354.9 MB
[runlim] sample:		1568.9 time, 1340.4 real, 12356.9 MB
[runlim] sample:		1582.2 time, 1350.4 real, 12356.9 MB
[runlim] sample:		1596.1 time, 1360.4 real, 12356.9 MB
[runlim] sample:		1612.7 time, 1370.4 real, 12358.9 MB
[runlim] sample:		1627.9 time, 1380.4 real, 12360.9 MB
[runlim] sample:		1645.1 time, 1390.4 real, 12362.9 MB
[runlim] sample:		1663.1 time, 1400.4 real, 12364.4 MB
[runlim] sample:		1679.3 time, 1410.4 real, 12366.4 MB
[runlim] sample:		1696.7 time, 1420.4 real, 12368.4 MB
[runlim] sample:		1713.4 time, 1430.4 real, 12368.4 MB
[runlim] sample:		1729.4 time, 1440.4 real, 12370.4 MB
[runlim] sample:		1743.2 time, 1450.4 real, 12370.4 MB
[runlim] sample:		1758.3 time, 1460.4 real, 12372.4 MB
[runlim] sample:		1774.6 time, 1470.4 real, 12374.4 MB
[runlim] sample:		1791.0 time, 1480.4 real, 12374.4 MB
[runlim] end:			Wed Feb  5 19:21:11 2020
[runlim] status:		out of time
[runlim] result:		1
[runlim] children:		14856
[runlim] real:			1485.92 seconds
[runlim] time:			1800.05 seconds
[runlim] space:			12374.4 MB
[runlim] samples:		14855
