[runlim] version:		1.8
[runlim] time limit:		1800 seconds
[runlim] real time limit:	3600 seconds
[runlim] space limit:		32768 MB
[runlim] argv[0]:		/home/cril/wallon/new-cdcl/divide/start.sh
[runlim] argv[1]:		/data/PB/PB06/SATUNSAT-SMALLINT/submitted-PB05/aloul/FPGA_SAT05/normalized-fpga15_13_sat_pb.cnf.cr.opb.bz2
[runlim] argv[2]:		/home/cril/wallon/new-cdcl/divide/results/data_PB_PB06_SATUNSAT_SMALLINT_submitted_PB05_aloul_FPGA_SAT05_normalized_fpga15_13_sat_pb.cnf.cr.opb.bz2
[runlim] start:			Wed Feb  5 18:55:50 2020
[runlim] main pid:		10555
[runlim] sample:		12.8 time, 10.9 real, 1268.2 MB
[runlim] sample:		23.3 time, 20.9 real, 1518.2 MB
[runlim] sample:		33.6 time, 30.9 real, 2002.3 MB
[runlim] sample:		44.0 time, 40.9 real, 2660.3 MB
[runlim] sample:		54.2 time, 50.9 real, 3090.4 MB
[runlim] sample:		64.3 time, 60.9 real, 3294.8 MB
[runlim] sample:		74.6 time, 70.9 real, 3687.2 MB
[runlim] sample:		84.8 time, 80.9 real, 4239.6 MB
[runlim] sample:		95.1 time, 90.9 real, 4332.6 MB
[runlim] sample:		105.6 time, 100.9 real, 4481.1 MB
[runlim] sample:		116.7 time, 110.9 real, 4485.9 MB
[runlim] sample:		127.8 time, 120.9 real, 4488.2 MB
[runlim] sample:		139.2 time, 130.9 real, 4494.3 MB
[runlim] sample:		150.1 time, 140.9 real, 4495.1 MB
[runlim] sample:		161.5 time, 150.9 real, 4501.3 MB
[runlim] sample:		173.0 time, 160.9 real, 4507.9 MB
[runlim] sample:		183.8 time, 170.9 real, 4637.3 MB
[runlim] sample:		194.9 time, 180.9 real, 4977.4 MB
[runlim] sample:		206.0 time, 190.9 real, 5676.7 MB
[runlim] sample:		216.8 time, 200.9 real, 5676.7 MB
[runlim] sample:		228.0 time, 210.9 real, 6153.0 MB
[runlim] sample:		238.8 time, 220.9 real, 6525.5 MB
[runlim] sample:		249.6 time, 230.9 real, 9883.9 MB
[runlim] sample:		260.8 time, 240.9 real, 10086.5 MB
[runlim] sample:		271.2 time, 250.9 real, 10094.6 MB
[runlim] sample:		282.2 time, 260.9 real, 10916.9 MB
[runlim] sample:		292.5 time, 270.9 real, 10916.9 MB
[runlim] sample:		302.8 time, 280.9 real, 10916.9 MB
[runlim] sample:		313.1 time, 290.9 real, 11008.9 MB
[runlim] sample:		323.5 time, 300.9 real, 12345.0 MB
[runlim] sample:		333.5 time, 310.9 real, 12345.0 MB
[runlim] sample:		343.6 time, 320.9 real, 12345.0 MB
[runlim] sample:		353.7 time, 330.9 real, 12483.0 MB
[runlim] sample:		364.2 time, 340.9 real, 12615.0 MB
[runlim] sample:		374.3 time, 350.9 real, 12615.0 MB
[runlim] sample:		384.5 time, 360.9 real, 12615.0 MB
[runlim] sample:		394.9 time, 370.9 real, 12777.1 MB
[runlim] sample:		405.2 time, 380.9 real, 12777.1 MB
[runlim] sample:		415.4 time, 390.9 real, 12777.1 MB
[runlim] sample:		425.5 time, 400.9 real, 12777.1 MB
[runlim] sample:		435.9 time, 410.9 real, 12791.1 MB
[runlim] sample:		446.1 time, 420.9 real, 12791.1 MB
[runlim] sample:		456.4 time, 430.9 real, 12791.1 MB
[runlim] sample:		467.0 time, 440.9 real, 12799.1 MB
[runlim] sample:		477.2 time, 450.9 real, 12799.1 MB
[runlim] sample:		487.3 time, 460.9 real, 12799.1 MB
[runlim] sample:		497.5 time, 470.9 real, 12799.1 MB
[runlim] sample:		507.9 time, 480.9 real, 12813.2 MB
[runlim] sample:		518.0 time, 490.9 real, 12813.2 MB
[runlim] sample:		528.1 time, 500.9 real, 12813.2 MB
[runlim] sample:		538.2 time, 510.9 real, 12813.2 MB
[runlim] sample:		548.7 time, 520.9 real, 12825.3 MB
[runlim] sample:		558.8 time, 530.9 real, 12825.3 MB
[runlim] sample:		568.9 time, 540.9 real, 12825.3 MB
[runlim] sample:		579.0 time, 550.9 real, 12825.3 MB
[runlim] sample:		589.3 time, 560.9 real, 12833.3 MB
[runlim] sample:		599.4 time, 570.9 real, 12833.3 MB
[runlim] sample:		609.4 time, 580.9 real, 12833.3 MB
[runlim] sample:		619.5 time, 590.9 real, 12833.3 MB
[runlim] sample:		629.8 time, 600.9 real, 12845.3 MB
[runlim] sample:		639.9 time, 610.9 real, 12845.3 MB
[runlim] sample:		649.9 time, 620.9 real, 12845.3 MB
[runlim] sample:		660.2 time, 630.9 real, 12851.4 MB
[runlim] sample:		670.2 time, 640.9 real, 12851.4 MB
[runlim] sample:		680.3 time, 650.9 real, 12851.4 MB
[runlim] sample:		690.3 time, 660.9 real, 12851.4 MB
[runlim] sample:		700.6 time, 670.9 real, 12857.4 MB
[runlim] sample:		710.6 time, 680.9 real, 12857.4 MB
[runlim] sample:		720.6 time, 690.9 real, 12857.4 MB
[runlim] sample:		730.7 time, 700.9 real, 12857.4 MB
[runlim] sample:		740.9 time, 710.9 real, 12865.4 MB
[runlim] sample:		750.9 time, 720.9 real, 12865.4 MB
[runlim] sample:		760.9 time, 730.9 real, 12865.4 MB
[runlim] sample:		770.9 time, 740.9 real, 12865.4 MB
[runlim] sample:		781.2 time, 750.9 real, 12871.4 MB
[runlim] sample:		791.2 time, 760.9 real, 12871.4 MB
[runlim] sample:		801.2 time, 770.9 real, 12871.4 MB
[runlim] sample:		811.2 time, 780.9 real, 12871.4 MB
[runlim] sample:		821.5 time, 790.9 real, 12883.4 MB
[runlim] sample:		831.5 time, 800.9 real, 12883.4 MB
[runlim] sample:		841.5 time, 810.9 real, 12883.4 MB
[runlim] sample:		851.6 time, 820.9 real, 12883.4 MB
[runlim] sample:		861.9 time, 830.9 real, 12889.4 MB
[runlim] sample:		871.9 time, 840.9 real, 12889.4 MB
[runlim] sample:		881.9 time, 850.9 real, 12889.4 MB
[runlim] sample:		891.9 time, 860.9 real, 12889.4 MB
[runlim] sample:		902.2 time, 870.9 real, 12907.4 MB
[runlim] sample:		912.2 time, 880.9 real, 12907.4 MB
[runlim] sample:		922.2 time, 890.9 real, 12907.4 MB
[runlim] sample:		932.3 time, 900.9 real, 12907.4 MB
[runlim] sample:		942.5 time, 910.9 real, 12921.4 MB
[runlim] sample:		952.5 time, 920.9 real, 12921.4 MB
[runlim] sample:		962.6 time, 930.9 real, 12921.4 MB
[runlim] sample:		972.6 time, 940.9 real, 12921.4 MB
[runlim] sample:		982.8 time, 950.9 real, 12941.4 MB
[runlim] sample:		992.9 time, 960.9 real, 12941.4 MB
[runlim] sample:		1002.9 time, 970.9 real, 12941.4 MB
[runlim] sample:		1012.9 time, 980.9 real, 12941.4 MB
[runlim] sample:		1023.1 time, 990.9 real, 12951.5 MB
[runlim] sample:		1033.2 time, 1000.9 real, 12951.5 MB
[runlim] sample:		1043.2 time, 1010.9 real, 12951.5 MB
[runlim] sample:		1053.2 time, 1020.9 real, 12951.5 MB
[runlim] sample:		1063.4 time, 1030.9 real, 12957.5 MB
[runlim] sample:		1073.5 time, 1040.9 real, 12957.5 MB
[runlim] sample:		1083.5 time, 1050.9 real, 12957.5 MB
[runlim] sample:		1093.5 time, 1060.9 real, 12957.5 MB
[runlim] sample:		1103.7 time, 1070.9 real, 12967.5 MB
[runlim] sample:		1113.8 time, 1080.9 real, 12967.5 MB
[runlim] sample:		1123.8 time, 1090.9 real, 12967.5 MB
[runlim] sample:		1133.8 time, 1100.9 real, 12967.5 MB
[runlim] sample:		1144.0 time, 1110.9 real, 12973.5 MB
[runlim] sample:		1154.0 time, 1120.9 real, 12973.5 MB
[runlim] sample:		1164.0 time, 1130.9 real, 12973.5 MB
[runlim] sample:		1174.1 time, 1140.9 real, 12973.5 MB
[runlim] sample:		1184.3 time, 1150.9 real, 12979.5 MB
[runlim] sample:		1194.3 time, 1160.9 real, 12979.5 MB
[runlim] sample:		1204.4 time, 1170.9 real, 12979.5 MB
[runlim] sample:		1214.4 time, 1180.9 real, 12979.5 MB
[runlim] sample:		1224.7 time, 1190.9 real, 12985.5 MB
[runlim] sample:		1234.7 time, 1200.9 real, 12985.5 MB
[runlim] sample:		1244.7 time, 1210.9 real, 12985.5 MB
[runlim] sample:		1254.7 time, 1220.9 real, 12985.5 MB
[runlim] sample:		1264.7 time, 1230.9 real, 12985.5 MB
[runlim] sample:		1275.0 time, 1240.9 real, 12989.5 MB
[runlim] sample:		1285.0 time, 1250.9 real, 12989.5 MB
[runlim] sample:		1295.0 time, 1260.9 real, 12989.5 MB
[runlim] sample:		1305.0 time, 1270.9 real, 12989.5 MB
[runlim] sample:		1315.3 time, 1280.9 real, 13001.5 MB
[runlim] sample:		1325.3 time, 1290.9 real, 13001.5 MB
[runlim] sample:		1335.3 time, 1300.9 real, 13001.5 MB
[runlim] sample:		1345.3 time, 1310.9 real, 13001.5 MB
[runlim] sample:		1355.6 time, 1320.9 real, 13011.5 MB
[runlim] sample:		1365.6 time, 1330.9 real, 13011.5 MB
[runlim] sample:		1375.7 time, 1340.9 real, 13011.5 MB
[runlim] sample:		1385.7 time, 1350.9 real, 13011.5 MB
[runlim] sample:		1395.7 time, 1360.9 real, 13011.5 MB
[runlim] sample:		1406.0 time, 1370.9 real, 13025.5 MB
[runlim] sample:		1416.0 time, 1380.9 real, 13025.5 MB
[runlim] sample:		1426.0 time, 1390.9 real, 13025.5 MB
[runlim] sample:		1436.1 time, 1400.9 real, 13025.5 MB
[runlim] sample:		1446.4 time, 1410.9 real, 13041.5 MB
[runlim] sample:		1456.4 time, 1420.9 real, 13041.5 MB
[runlim] sample:		1466.4 time, 1430.9 real, 13041.5 MB
[runlim] sample:		1476.4 time, 1440.9 real, 13041.5 MB
[runlim] sample:		1486.7 time, 1450.9 real, 13055.6 MB
[runlim] sample:		1496.7 time, 1460.9 real, 13055.6 MB
[runlim] sample:		1506.7 time, 1470.9 real, 13055.6 MB
[runlim] sample:		1516.7 time, 1480.9 real, 13055.6 MB
[runlim] sample:		1526.7 time, 1490.9 real, 13055.6 MB
[runlim] sample:		1536.9 time, 1500.9 real, 13065.6 MB
[runlim] sample:		1547.0 time, 1510.9 real, 13065.6 MB
[runlim] sample:		1557.0 time, 1520.9 real, 13065.6 MB
[runlim] sample:		1567.0 time, 1530.9 real, 13065.6 MB
[runlim] sample:		1577.2 time, 1540.9 real, 13075.6 MB
[runlim] sample:		1587.2 time, 1550.9 real, 13075.6 MB
[runlim] sample:		1597.3 time, 1560.9 real, 13075.6 MB
[runlim] sample:		1607.3 time, 1570.9 real, 13075.6 MB
[runlim] sample:		1617.5 time, 1580.9 real, 13083.6 MB
[runlim] sample:		1627.5 time, 1590.9 real, 13083.6 MB
[runlim] sample:		1637.7 time, 1600.9 real, 13083.6 MB
[runlim] sample:		1647.7 time, 1610.9 real, 13083.6 MB
[runlim] sample:		1657.7 time, 1620.9 real, 13083.6 MB
[runlim] sample:		1668.0 time, 1630.9 real, 13091.6 MB
[runlim] sample:		1678.0 time, 1640.9 real, 13091.6 MB
[runlim] sample:		1688.1 time, 1650.9 real, 13091.6 MB
[runlim] sample:		1698.1 time, 1660.9 real, 13091.6 MB
[runlim] sample:		1708.4 time, 1670.9 real, 13099.6 MB
[runlim] sample:		1718.4 time, 1680.9 real, 13099.6 MB
[runlim] sample:		1728.4 time, 1690.9 real, 13099.6 MB
[runlim] sample:		1738.4 time, 1700.9 real, 13099.6 MB
[runlim] sample:		1748.5 time, 1710.9 real, 13099.6 MB
[runlim] sample:		1758.7 time, 1720.9 real, 13105.6 MB
[runlim] sample:		1768.7 time, 1730.9 real, 13105.6 MB
[runlim] sample:		1778.7 time, 1740.9 real, 13105.6 MB
[runlim] sample:		1788.7 time, 1750.9 real, 13105.6 MB
[runlim] sample:		1799.0 time, 1760.9 real, 13109.6 MB
[runlim] end:			Wed Feb  5 19:25:12 2020
[runlim] status:		out of time
[runlim] result:		1
[runlim] children:		17611
[runlim] real:			1762.05 seconds
[runlim] time:			1800.09 seconds
[runlim] space:			13109.6 MB
[runlim] samples:		17611
