[runlim] version:		1.8
[runlim] time limit:		1800 seconds
[runlim] real time limit:	3600 seconds
[runlim] space limit:		32768 MB
[runlim] argv[0]:		/home/cril/wallon/new-cdcl/weaken-to-clash/start.sh
[runlim] argv[1]:		/data/PB/PB06/SATUNSAT-SMALLINT/submitted-PB06/liu/vdw/normalized-vdw_k4_l4_n360.opb.bz2
[runlim] argv[2]:		/home/cril/wallon/new-cdcl/weaken-to-clash/results/data_PB_PB06_SATUNSAT_SMALLINT_submitted_PB06_liu_vdw_normalized_vdw_k4_l4_n360.opb.bz2
[runlim] start:			Sat Feb  8 19:20:41 2020
[runlim] main pid:		2153
[runlim] sample:		16.2 time, 10.6 real, 1215.9 MB
[runlim] sample:		27.8 time, 20.6 real, 5045.9 MB
[runlim] sample:		38.5 time, 30.6 real, 7315.9 MB
[runlim] sample:		50.9 time, 40.6 real, 7367.2 MB
[runlim] sample:		61.3 time, 50.6 real, 7439.3 MB
[runlim] sample:		71.5 time, 60.6 real, 7523.3 MB
[runlim] sample:		83.4 time, 70.6 real, 7991.9 MB
[runlim] sample:		93.4 time, 80.6 real, 7895.9 MB
[runlim] sample:		103.5 time, 90.6 real, 7929.9 MB
[runlim] sample:		113.7 time, 100.7 real, 8011.9 MB
[runlim] sample:		123.8 time, 110.6 real, 8655.9 MB
[runlim] sample:		134.0 time, 120.6 real, 12550.0 MB
[runlim] sample:		144.0 time, 130.6 real, 12550.1 MB
[runlim] sample:		154.0 time, 140.6 real, 12552.1 MB
[runlim] sample:		164.2 time, 150.6 real, 12556.1 MB
[runlim] sample:		174.3 time, 160.7 real, 12556.1 MB
[runlim] sample:		184.8 time, 170.7 real, 12578.1 MB
[runlim] sample:		195.3 time, 180.6 real, 12582.4 MB
[runlim] sample:		205.7 time, 190.7 real, 12590.4 MB
[runlim] sample:		216.1 time, 200.7 real, 12606.4 MB
[runlim] sample:		226.7 time, 210.6 real, 12614.4 MB
[runlim] sample:		237.1 time, 220.7 real, 12622.7 MB
[runlim] sample:		247.3 time, 230.6 real, 12628.8 MB
[runlim] sample:		257.6 time, 240.6 real, 12635.2 MB
[runlim] sample:		268.0 time, 250.7 real, 12641.7 MB
[runlim] sample:		278.6 time, 260.7 real, 12648.7 MB
[runlim] sample:		289.1 time, 270.6 real, 12651.0 MB
[runlim] sample:		299.4 time, 280.7 real, 12655.0 MB
[runlim] sample:		309.7 time, 290.6 real, 12657.2 MB
[runlim] sample:		319.8 time, 300.6 real, 12657.2 MB
[runlim] sample:		330.1 time, 310.6 real, 12661.2 MB
[runlim] sample:		340.3 time, 320.6 real, 12663.2 MB
[runlim] sample:		350.5 time, 330.6 real, 12663.3 MB
[runlim] sample:		360.6 time, 340.6 real, 12665.3 MB
[runlim] sample:		370.9 time, 350.6 real, 12667.3 MB
[runlim] sample:		381.1 time, 360.6 real, 12669.3 MB
[runlim] sample:		391.3 time, 370.6 real, 12671.3 MB
[runlim] sample:		401.4 time, 380.6 real, 12673.3 MB
[runlim] sample:		411.6 time, 390.7 real, 12677.3 MB
[runlim] sample:		421.6 time, 400.6 real, 12677.3 MB
[runlim] sample:		431.8 time, 410.6 real, 12679.3 MB
[runlim] sample:		441.9 time, 420.6 real, 12681.3 MB
[runlim] sample:		452.0 time, 430.6 real, 12683.4 MB
[runlim] sample:		462.1 time, 440.7 real, 12683.4 MB
[runlim] sample:		472.2 time, 450.6 real, 12683.4 MB
[runlim] sample:		482.3 time, 460.6 real, 12685.4 MB
[runlim] sample:		492.4 time, 470.7 real, 12689.4 MB
[runlim] sample:		502.4 time, 480.6 real, 12689.4 MB
[runlim] sample:		512.5 time, 490.6 real, 12691.4 MB
[runlim] sample:		522.6 time, 500.6 real, 12693.4 MB
[runlim] sample:		532.6 time, 510.6 real, 12693.4 MB
[runlim] sample:		542.7 time, 520.6 real, 12697.4 MB
[runlim] sample:		552.8 time, 530.6 real, 12701.4 MB
[runlim] sample:		562.9 time, 540.6 real, 12701.4 MB
[runlim] sample:		573.0 time, 550.6 real, 12703.4 MB
[runlim] sample:		583.0 time, 560.7 real, 12707.4 MB
[runlim] sample:		593.1 time, 570.6 real, 12707.4 MB
[runlim] sample:		603.2 time, 580.6 real, 12707.4 MB
[runlim] sample:		613.3 time, 590.6 real, 12707.4 MB
[runlim] sample:		623.3 time, 600.6 real, 12707.4 MB
[runlim] sample:		633.4 time, 610.7 real, 12709.4 MB
[runlim] sample:		643.4 time, 620.7 real, 12709.4 MB
[runlim] sample:		653.5 time, 630.6 real, 12711.4 MB
[runlim] sample:		663.6 time, 640.6 real, 12711.4 MB
[runlim] sample:		673.6 time, 650.6 real, 12711.4 MB
[runlim] sample:		683.8 time, 660.6 real, 12713.4 MB
[runlim] sample:		693.8 time, 670.6 real, 12713.4 MB
[runlim] sample:		703.9 time, 680.7 real, 12713.4 MB
[runlim] sample:		713.9 time, 690.7 real, 12713.4 MB
[runlim] sample:		724.0 time, 700.7 real, 12715.4 MB
[runlim] sample:		734.0 time, 710.6 real, 12715.4 MB
[runlim] sample:		744.1 time, 720.6 real, 12717.4 MB
[runlim] sample:		754.2 time, 730.6 real, 12717.4 MB
[runlim] sample:		764.3 time, 740.6 real, 12717.4 MB
[runlim] sample:		774.3 time, 750.6 real, 12717.4 MB
[runlim] sample:		784.4 time, 760.7 real, 12719.5 MB
[runlim] sample:		794.4 time, 770.7 real, 12719.5 MB
[runlim] sample:		804.5 time, 780.7 real, 12719.5 MB
[runlim] sample:		814.6 time, 790.6 real, 12719.5 MB
[runlim] sample:		824.7 time, 800.6 real, 12721.5 MB
[runlim] sample:		834.7 time, 810.6 real, 12721.5 MB
[runlim] sample:		844.8 time, 820.7 real, 12723.5 MB
[runlim] sample:		854.8 time, 830.6 real, 12723.5 MB
[runlim] sample:		865.0 time, 840.6 real, 12725.5 MB
[runlim] sample:		875.0 time, 850.6 real, 12725.5 MB
[runlim] sample:		885.1 time, 860.6 real, 12727.5 MB
[runlim] sample:		895.1 time, 870.6 real, 12727.5 MB
[runlim] sample:		905.2 time, 880.6 real, 12727.5 MB
[runlim] sample:		915.3 time, 890.6 real, 12727.5 MB
[runlim] sample:		925.4 time, 900.6 real, 12729.5 MB
[runlim] sample:		935.4 time, 910.6 real, 12729.5 MB
[runlim] sample:		945.6 time, 920.6 real, 12731.5 MB
[runlim] sample:		955.6 time, 930.6 real, 12731.5 MB
[runlim] sample:		965.6 time, 940.6 real, 12731.5 MB
[runlim] sample:		975.7 time, 950.6 real, 12731.5 MB
[runlim] sample:		985.8 time, 960.6 real, 12731.5 MB
[runlim] sample:		995.9 time, 970.6 real, 12733.5 MB
[runlim] sample:		1005.9 time, 980.6 real, 12733.5 MB
[runlim] sample:		1016.1 time, 990.6 real, 12735.5 MB
[runlim] sample:		1026.1 time, 1000.6 real, 12735.5 MB
[runlim] sample:		1036.1 time, 1010.6 real, 12735.5 MB
[runlim] sample:		1046.2 time, 1020.6 real, 12737.5 MB
[runlim] sample:		1056.3 time, 1030.6 real, 12737.5 MB
[runlim] sample:		1066.4 time, 1040.7 real, 12737.5 MB
[runlim] sample:		1076.4 time, 1050.6 real, 12737.5 MB
[runlim] sample:		1086.5 time, 1060.6 real, 12737.5 MB
[runlim] sample:		1096.6 time, 1070.7 real, 12739.5 MB
[runlim] sample:		1106.6 time, 1080.6 real, 12739.5 MB
[runlim] sample:		1116.8 time, 1090.7 real, 12741.5 MB
[runlim] sample:		1126.8 time, 1100.7 real, 12741.5 MB
[runlim] sample:		1136.8 time, 1110.6 real, 12741.5 MB
[runlim] sample:		1147.0 time, 1120.6 real, 12743.6 MB
[runlim] sample:		1157.0 time, 1130.6 real, 12743.6 MB
[runlim] sample:		1167.0 time, 1140.6 real, 12743.6 MB
[runlim] sample:		1177.2 time, 1150.6 real, 12747.6 MB
[runlim] sample:		1187.2 time, 1160.6 real, 12747.6 MB
[runlim] sample:		1197.4 time, 1170.6 real, 12749.6 MB
[runlim] sample:		1207.4 time, 1180.6 real, 12749.6 MB
[runlim] sample:		1217.4 time, 1190.6 real, 12749.6 MB
[runlim] sample:		1227.6 time, 1200.7 real, 12751.6 MB
[runlim] sample:		1237.6 time, 1210.6 real, 12751.6 MB
[runlim] sample:		1247.7 time, 1220.6 real, 12751.6 MB
[runlim] sample:		1257.8 time, 1230.6 real, 12753.6 MB
[runlim] sample:		1267.9 time, 1240.6 real, 12753.6 MB
[runlim] sample:		1278.0 time, 1250.6 real, 12755.6 MB
[runlim] sample:		1288.0 time, 1260.6 real, 12755.6 MB
[runlim] sample:		1298.1 time, 1270.6 real, 12755.6 MB
[runlim] sample:		1308.2 time, 1280.6 real, 12757.6 MB
[runlim] sample:		1318.3 time, 1290.6 real, 12757.6 MB
[runlim] sample:		1328.3 time, 1300.6 real, 12757.6 MB
[runlim] sample:		1338.4 time, 1310.6 real, 12757.6 MB
[runlim] sample:		1348.5 time, 1320.6 real, 12757.6 MB
[runlim] sample:		1358.5 time, 1330.6 real, 12757.6 MB
[runlim] sample:		1368.7 time, 1340.6 real, 12761.6 MB
[runlim] sample:		1378.7 time, 1350.7 real, 12761.6 MB
[runlim] sample:		1388.7 time, 1360.6 real, 12761.6 MB
[runlim] sample:		1398.8 time, 1370.6 real, 12763.6 MB
[runlim] sample:		1408.9 time, 1380.6 real, 12763.6 MB
[runlim] sample:		1418.9 time, 1390.6 real, 12763.6 MB
[runlim] sample:		1429.1 time, 1400.6 real, 12765.6 MB
[runlim] sample:		1439.1 time, 1410.6 real, 12765.6 MB
[runlim] sample:		1449.2 time, 1420.6 real, 12769.6 MB
[runlim] sample:		1459.2 time, 1430.6 real, 12769.6 MB
[runlim] sample:		1469.3 time, 1440.6 real, 12769.6 MB
[runlim] sample:		1480.0 time, 1450.6 real, 12773.7 MB
[runlim] sample:		1490.1 time, 1460.6 real, 12777.7 MB
[runlim] sample:		1500.2 time, 1470.7 real, 12777.7 MB
[runlim] sample:		1510.2 time, 1480.6 real, 12777.7 MB
[runlim] sample:		1520.3 time, 1490.7 real, 12779.7 MB
[runlim] sample:		1530.3 time, 1500.6 real, 12779.7 MB
[runlim] sample:		1540.4 time, 1510.6 real, 12779.7 MB
[runlim] sample:		1550.5 time, 1520.6 real, 12781.7 MB
[runlim] sample:		1560.6 time, 1530.6 real, 12781.7 MB
[runlim] sample:		1570.6 time, 1540.6 real, 12781.7 MB
[runlim] sample:		1580.7 time, 1550.6 real, 12783.7 MB
[runlim] sample:		1590.7 time, 1560.6 real, 12783.7 MB
[runlim] sample:		1600.8 time, 1570.6 real, 12783.7 MB
[runlim] sample:		1610.9 time, 1580.6 real, 12787.7 MB
[runlim] sample:		1620.9 time, 1590.6 real, 12787.7 MB
[runlim] sample:		1631.0 time, 1600.6 real, 12787.7 MB
[runlim] sample:		1641.1 time, 1610.6 real, 12789.7 MB
[runlim] sample:		1651.1 time, 1620.6 real, 12789.7 MB
[runlim] sample:		1661.1 time, 1630.6 real, 12789.7 MB
[runlim] sample:		1671.3 time, 1640.7 real, 12793.7 MB
[runlim] sample:		1681.3 time, 1650.6 real, 12793.7 MB
[runlim] sample:		1691.3 time, 1660.6 real, 12793.7 MB
[runlim] sample:		1701.5 time, 1670.6 real, 12797.7 MB
[runlim] sample:		1711.5 time, 1680.6 real, 12797.7 MB
[runlim] sample:		1721.5 time, 1690.6 real, 12797.7 MB
[runlim] sample:		1731.6 time, 1700.6 real, 12797.7 MB
[runlim] sample:		1741.6 time, 1710.6 real, 12797.7 MB
[runlim] sample:		1751.7 time, 1720.6 real, 12797.7 MB
[runlim] sample:		1761.7 time, 1730.6 real, 12797.7 MB
[runlim] sample:		1771.8 time, 1740.6 real, 12799.7 MB
[runlim] sample:		1781.8 time, 1750.6 real, 12799.7 MB
[runlim] sample:		1791.9 time, 1760.6 real, 12799.7 MB
[runlim] end:			Sat Feb  8 19:50:09 2020
[runlim] status:		out of time
[runlim] result:		1
[runlim] children:		17692
[runlim] real:			1768.66 seconds
[runlim] time:			1800.01 seconds
[runlim] space:			12801.7 MB
[runlim] samples:		17680
