[runlim] version:		1.8
[runlim] time limit:		1800 seconds
[runlim] real time limit:	3600 seconds
[runlim] space limit:		32768 MB
[runlim] argv[0]:		/home/cril/wallon/new-cdcl/weaken-to-clash/start.sh
[runlim] argv[1]:		/data/PB/PB06/SATUNSAT-SMALLINT/submitted-PB06/liu/vdw/normalized-vdw_k3_l5_n550.opb.bz2
[runlim] argv[2]:		/home/cril/wallon/new-cdcl/weaken-to-clash/results/data_PB_PB06_SATUNSAT_SMALLINT_submitted_PB06_liu_vdw_normalized_vdw_k3_l5_n550.opb.bz2
[runlim] start:			Sat Feb  8 19:20:41 2020
[runlim] main pid:		33235
[runlim] sample:		17.6 time, 10.6 real, 1336.8 MB
[runlim] sample:		32.1 time, 20.6 real, 2277.1 MB
[runlim] sample:		42.4 time, 30.6 real, 2506.6 MB
[runlim] sample:		52.7 time, 40.6 real, 3404.7 MB
[runlim] sample:		63.0 time, 50.6 real, 3782.7 MB
[runlim] sample:		73.5 time, 60.6 real, 3796.8 MB
[runlim] sample:		83.8 time, 70.6 real, 3801.1 MB
[runlim] sample:		94.4 time, 80.6 real, 3807.1 MB
[runlim] sample:		104.6 time, 90.6 real, 3811.1 MB
[runlim] sample:		114.8 time, 100.6 real, 3819.1 MB
[runlim] sample:		125.0 time, 110.6 real, 3823.1 MB
[runlim] sample:		135.1 time, 120.6 real, 3829.1 MB
[runlim] sample:		145.3 time, 130.6 real, 3947.3 MB
[runlim] sample:		155.4 time, 140.6 real, 4359.3 MB
[runlim] sample:		165.6 time, 150.6 real, 4765.3 MB
[runlim] sample:		175.7 time, 160.6 real, 5285.3 MB
[runlim] sample:		185.8 time, 170.6 real, 5555.3 MB
[runlim] sample:		195.9 time, 180.6 real, 5569.9 MB
[runlim] sample:		206.0 time, 190.6 real, 5954.0 MB
[runlim] sample:		216.1 time, 200.6 real, 6180.0 MB
[runlim] sample:		226.2 time, 210.6 real, 6358.0 MB
[runlim] sample:		236.3 time, 220.6 real, 6584.0 MB
[runlim] sample:		246.4 time, 230.6 real, 6824.0 MB
[runlim] sample:		256.5 time, 240.6 real, 6824.0 MB
[runlim] sample:		266.6 time, 250.6 real, 7652.1 MB
[runlim] sample:		276.7 time, 260.6 real, 8412.1 MB
[runlim] sample:		286.7 time, 270.6 real, 8412.1 MB
[runlim] sample:		296.9 time, 280.6 real, 8626.1 MB
[runlim] sample:		307.2 time, 290.6 real, 8626.1 MB
[runlim] sample:		317.3 time, 300.6 real, 8998.1 MB
[runlim] sample:		327.4 time, 310.6 real, 8998.1 MB
[runlim] sample:		337.5 time, 320.6 real, 9212.1 MB
[runlim] sample:		347.5 time, 330.6 real, 9212.1 MB
[runlim] sample:		357.6 time, 340.6 real, 9432.1 MB
[runlim] sample:		367.7 time, 350.6 real, 9432.1 MB
[runlim] sample:		377.7 time, 360.6 real, 11862.1 MB
[runlim] sample:		387.9 time, 370.6 real, 12700.1 MB
[runlim] sample:		397.9 time, 380.6 real, 12700.1 MB
[runlim] sample:		408.0 time, 390.6 real, 12708.1 MB
[runlim] sample:		418.0 time, 400.6 real, 12708.1 MB
[runlim] sample:		428.1 time, 410.6 real, 12708.1 MB
[runlim] sample:		438.2 time, 420.6 real, 12712.2 MB
[runlim] sample:		448.2 time, 430.6 real, 12712.2 MB
[runlim] sample:		458.3 time, 440.6 real, 12712.2 MB
[runlim] sample:		468.4 time, 450.6 real, 12712.2 MB
[runlim] sample:		478.5 time, 460.6 real, 12712.2 MB
[runlim] sample:		488.6 time, 470.6 real, 12716.2 MB
[runlim] sample:		498.6 time, 480.6 real, 12716.2 MB
[runlim] sample:		508.7 time, 490.6 real, 12716.2 MB
[runlim] sample:		518.8 time, 500.6 real, 12718.2 MB
[runlim] sample:		528.8 time, 510.6 real, 12718.2 MB
[runlim] sample:		538.9 time, 520.6 real, 12718.2 MB
[runlim] sample:		549.0 time, 530.6 real, 12718.2 MB
[runlim] sample:		559.0 time, 540.6 real, 12718.2 MB
[runlim] sample:		569.2 time, 550.6 real, 12726.2 MB
[runlim] sample:		579.2 time, 560.6 real, 12726.2 MB
[runlim] sample:		589.3 time, 570.6 real, 12726.2 MB
[runlim] sample:		599.6 time, 580.6 real, 12740.2 MB
[runlim] sample:		609.6 time, 590.6 real, 12740.2 MB
[runlim] sample:		619.7 time, 600.6 real, 12740.2 MB
[runlim] sample:		629.9 time, 610.6 real, 12744.2 MB
[runlim] sample:		639.9 time, 620.6 real, 12744.2 MB
[runlim] sample:		649.9 time, 630.6 real, 12744.2 MB
[runlim] sample:		660.1 time, 640.6 real, 12752.2 MB
[runlim] sample:		670.1 time, 650.6 real, 12752.2 MB
[runlim] sample:		680.3 time, 660.6 real, 12756.2 MB
[runlim] sample:		690.3 time, 670.6 real, 12756.2 MB
[runlim] sample:		700.4 time, 680.6 real, 12756.2 MB
[runlim] sample:		710.5 time, 690.6 real, 12758.2 MB
[runlim] sample:		720.5 time, 700.6 real, 12758.2 MB
[runlim] sample:		730.6 time, 710.6 real, 12758.2 MB
[runlim] sample:		740.8 time, 720.6 real, 12762.2 MB
[runlim] sample:		750.8 time, 730.6 real, 12762.2 MB
[runlim] sample:		760.8 time, 740.6 real, 12762.2 MB
[runlim] sample:		771.0 time, 750.6 real, 12764.3 MB
[runlim] sample:		781.0 time, 760.6 real, 12764.3 MB
[runlim] sample:		791.0 time, 770.6 real, 12764.3 MB
[runlim] sample:		801.2 time, 780.6 real, 12768.3 MB
[runlim] sample:		811.2 time, 790.6 real, 12768.3 MB
[runlim] sample:		821.3 time, 800.6 real, 12768.3 MB
[runlim] sample:		831.4 time, 810.6 real, 12770.3 MB
[runlim] sample:		841.5 time, 820.6 real, 12770.3 MB
[runlim] sample:		851.5 time, 830.6 real, 12770.3 MB
[runlim] sample:		861.7 time, 840.6 real, 12772.3 MB
[runlim] sample:		871.7 time, 850.6 real, 12772.3 MB
[runlim] sample:		881.7 time, 860.6 real, 12772.3 MB
[runlim] sample:		891.9 time, 870.6 real, 12774.3 MB
[runlim] sample:		901.9 time, 880.6 real, 12774.3 MB
[runlim] sample:		912.1 time, 890.6 real, 12778.3 MB
[runlim] sample:		922.2 time, 900.6 real, 12778.3 MB
[runlim] sample:		932.2 time, 910.6 real, 12778.3 MB
[runlim] sample:		942.4 time, 920.6 real, 12784.3 MB
[runlim] sample:		952.4 time, 930.6 real, 12784.3 MB
[runlim] sample:		962.5 time, 940.6 real, 12784.3 MB
[runlim] sample:		972.7 time, 950.6 real, 12790.3 MB
[runlim] sample:		982.7 time, 960.6 real, 12790.3 MB
[runlim] sample:		992.8 time, 970.6 real, 12790.3 MB
[runlim] sample:		1003.0 time, 980.6 real, 12798.3 MB
[runlim] sample:		1013.0 time, 990.6 real, 12798.3 MB
[runlim] sample:		1023.0 time, 1000.6 real, 12798.3 MB
[runlim] sample:		1033.3 time, 1010.6 real, 12812.3 MB
[runlim] sample:		1043.3 time, 1020.6 real, 12812.3 MB
[runlim] sample:		1053.5 time, 1030.6 real, 12812.3 MB
[runlim] sample:		1063.7 time, 1040.6 real, 12820.4 MB
[runlim] sample:		1073.8 time, 1050.6 real, 12820.4 MB
[runlim] sample:		1083.8 time, 1060.6 real, 12820.4 MB
[runlim] sample:		1094.0 time, 1070.6 real, 12822.4 MB
[runlim] sample:		1104.0 time, 1080.6 real, 12822.4 MB
[runlim] sample:		1114.0 time, 1090.6 real, 12822.4 MB
[runlim] sample:		1124.1 time, 1100.6 real, 12822.5 MB
[runlim] sample:		1134.3 time, 1110.6 real, 12824.5 MB
[runlim] sample:		1144.3 time, 1120.6 real, 12824.5 MB
[runlim] sample:		1154.3 time, 1130.6 real, 12824.5 MB
[runlim] sample:		1164.5 time, 1140.6 real, 12826.5 MB
[runlim] sample:		1174.5 time, 1150.6 real, 12826.5 MB
[runlim] sample:		1184.6 time, 1160.6 real, 12826.5 MB
[runlim] sample:		1194.7 time, 1170.6 real, 12828.5 MB
[runlim] sample:		1204.8 time, 1180.6 real, 12828.5 MB
[runlim] sample:		1214.8 time, 1190.6 real, 12828.5 MB
[runlim] sample:		1225.0 time, 1200.6 real, 12828.5 MB
[runlim] sample:		1235.0 time, 1210.6 real, 12828.5 MB
[runlim] sample:		1245.0 time, 1220.6 real, 12828.5 MB
[runlim] sample:		1255.2 time, 1230.6 real, 12832.5 MB
[runlim] sample:		1265.2 time, 1240.6 real, 12832.5 MB
[runlim] sample:		1275.3 time, 1250.6 real, 12832.5 MB
[runlim] sample:		1285.5 time, 1260.6 real, 12836.5 MB
[runlim] sample:		1295.5 time, 1270.6 real, 12836.5 MB
[runlim] sample:		1305.5 time, 1280.6 real, 12836.5 MB
[runlim] sample:		1315.7 time, 1290.6 real, 12842.5 MB
[runlim] sample:		1325.7 time, 1300.6 real, 12842.5 MB
[runlim] sample:		1335.8 time, 1310.6 real, 12842.5 MB
[runlim] sample:		1345.8 time, 1320.6 real, 12842.5 MB
[runlim] sample:		1356.0 time, 1330.6 real, 12848.5 MB
[runlim] sample:		1366.0 time, 1340.6 real, 12848.5 MB
[runlim] sample:		1376.0 time, 1350.6 real, 12848.5 MB
[runlim] sample:		1386.2 time, 1360.6 real, 12852.5 MB
[runlim] sample:		1396.2 time, 1370.6 real, 12852.5 MB
[runlim] sample:		1406.2 time, 1380.6 real, 12852.5 MB
[runlim] sample:		1416.4 time, 1390.6 real, 12858.5 MB
[runlim] sample:		1426.4 time, 1400.6 real, 12858.5 MB
[runlim] sample:		1436.5 time, 1410.6 real, 12858.5 MB
[runlim] sample:		1446.6 time, 1420.6 real, 12862.6 MB
[runlim] sample:		1456.6 time, 1430.6 real, 12862.6 MB
[runlim] sample:		1466.7 time, 1440.6 real, 12862.6 MB
[runlim] sample:		1476.8 time, 1450.6 real, 12868.6 MB
[runlim] sample:		1486.8 time, 1460.6 real, 12868.6 MB
[runlim] sample:		1497.1 time, 1470.6 real, 12868.6 MB
[runlim] sample:		1507.2 time, 1480.6 real, 12868.6 MB
[runlim] sample:		1517.3 time, 1490.6 real, 12872.6 MB
[runlim] sample:		1527.3 time, 1500.6 real, 12872.6 MB
[runlim] sample:		1537.4 time, 1510.6 real, 12872.6 MB
[runlim] sample:		1547.5 time, 1520.6 real, 12878.6 MB
[runlim] sample:		1557.5 time, 1530.6 real, 12878.6 MB
[runlim] sample:		1567.6 time, 1540.6 real, 12878.6 MB
[runlim] sample:		1577.8 time, 1550.6 real, 12880.6 MB
[runlim] sample:		1587.8 time, 1560.6 real, 12880.6 MB
[runlim] sample:		1597.8 time, 1570.6 real, 12880.6 MB
[runlim] sample:		1608.1 time, 1580.6 real, 12882.6 MB
[runlim] sample:		1618.1 time, 1590.6 real, 12882.6 MB
[runlim] sample:		1628.1 time, 1600.6 real, 12882.6 MB
[runlim] sample:		1638.1 time, 1610.6 real, 12882.6 MB
[runlim] sample:		1648.3 time, 1620.6 real, 12882.6 MB
[runlim] sample:		1658.3 time, 1630.6 real, 12882.6 MB
[runlim] sample:		1668.4 time, 1640.6 real, 12882.6 MB
[runlim] sample:		1678.5 time, 1650.6 real, 12884.6 MB
[runlim] sample:		1688.6 time, 1660.6 real, 12884.6 MB
[runlim] sample:		1698.6 time, 1670.6 real, 12884.6 MB
[runlim] sample:		1708.8 time, 1680.6 real, 12884.6 MB
[runlim] sample:		1718.8 time, 1690.6 real, 12884.6 MB
[runlim] sample:		1728.8 time, 1700.6 real, 12884.6 MB
[runlim] sample:		1739.0 time, 1710.6 real, 12892.6 MB
[runlim] sample:		1749.0 time, 1720.6 real, 12892.6 MB
[runlim] sample:		1759.1 time, 1730.6 real, 12892.6 MB
[runlim] sample:		1769.1 time, 1740.6 real, 12892.6 MB
[runlim] sample:		1779.3 time, 1750.6 real, 12896.6 MB
[runlim] sample:		1789.3 time, 1760.6 real, 12896.6 MB
[runlim] sample:		1799.3 time, 1770.6 real, 12896.6 MB
[runlim] end:			Sat Feb  8 19:50:12 2020
[runlim] status:		out of time
[runlim] result:		1
[runlim] children:		17720
[runlim] real:			1771.33 seconds
[runlim] time:			1800.03 seconds
[runlim] space:			12896.6 MB
[runlim] samples:		17707
