[runlim] version:		1.8
[runlim] time limit:		1800 seconds
[runlim] real time limit:	3600 seconds
[runlim] space limit:		32768 MB
[runlim] argv[0]:		/home/cril/wallon/new-cdcl/weaken-to-clash/start.sh
[runlim] argv[1]:		/data/PB/PB06/SATUNSAT-SMALLINT/submitted-PB05/aloul/FPGA_SAT05/normalized-fpga45_44_sat_pb.cnf.cr.opb.bz2
[runlim] argv[2]:		/home/cril/wallon/new-cdcl/weaken-to-clash/results/data_PB_PB06_SATUNSAT_SMALLINT_submitted_PB05_aloul_FPGA_SAT05_normalized_fpga45_44_sat_pb.cnf.cr.opb.bz2
[runlim] start:			Sat Feb  8 20:50:51 2020
[runlim] main pid:		176193
[runlim] sample:		18.5 time, 10.8 real, 1249.7 MB
[runlim] sample:		29.6 time, 20.8 real, 1258.8 MB
[runlim] sample:		40.1 time, 30.8 real, 1344.9 MB
[runlim] sample:		50.4 time, 40.8 real, 4420.9 MB
[runlim] sample:		60.4 time, 50.8 real, 8358.9 MB
[runlim] sample:		70.4 time, 60.8 real, 12160.9 MB
[runlim] sample:		80.7 time, 70.8 real, 12573.3 MB
[runlim] sample:		91.1 time, 80.8 real, 12573.3 MB
[runlim] sample:		101.3 time, 90.8 real, 12573.4 MB
[runlim] sample:		111.8 time, 100.8 real, 12573.4 MB
[runlim] sample:		122.2 time, 110.8 real, 12595.4 MB
[runlim] sample:		132.6 time, 120.8 real, 12605.4 MB
[runlim] sample:		142.9 time, 130.8 real, 12611.4 MB
[runlim] sample:		153.6 time, 140.9 real, 12621.4 MB
[runlim] sample:		164.0 time, 150.8 real, 12627.4 MB
[runlim] sample:		174.3 time, 160.8 real, 12631.4 MB
[runlim] sample:		184.7 time, 170.8 real, 12633.4 MB
[runlim] sample:		195.4 time, 180.8 real, 12639.5 MB
[runlim] sample:		205.8 time, 190.8 real, 12643.6 MB
[runlim] sample:		216.2 time, 200.8 real, 12647.6 MB
[runlim] sample:		226.7 time, 210.8 real, 12684.0 MB
[runlim] sample:		237.1 time, 220.8 real, 12706.1 MB
[runlim] sample:		248.6 time, 230.8 real, 12720.5 MB
[runlim] sample:		259.7 time, 240.8 real, 12742.5 MB
[runlim] sample:		270.6 time, 250.8 real, 12753.1 MB
[runlim] sample:		281.9 time, 260.8 real, 12759.8 MB
[runlim] sample:		293.3 time, 270.8 real, 12766.1 MB
[runlim] sample:		304.5 time, 280.8 real, 12774.6 MB
[runlim] sample:		315.6 time, 290.8 real, 12782.8 MB
[runlim] sample:		327.1 time, 300.8 real, 12788.8 MB
[runlim] sample:		338.4 time, 310.8 real, 12793.2 MB
[runlim] sample:		349.7 time, 320.8 real, 12799.2 MB
[runlim] sample:		361.1 time, 330.8 real, 12803.2 MB
[runlim] sample:		372.1 time, 340.8 real, 12807.2 MB
[runlim] sample:		382.5 time, 350.8 real, 12807.2 MB
[runlim] sample:		393.4 time, 360.8 real, 12811.3 MB
[runlim] sample:		404.1 time, 370.8 real, 12815.3 MB
[runlim] sample:		414.9 time, 380.8 real, 12819.3 MB
[runlim] sample:		425.6 time, 390.8 real, 12823.3 MB
[runlim] sample:		436.3 time, 400.8 real, 12831.3 MB
[runlim] sample:		446.7 time, 410.8 real, 12837.3 MB
[runlim] sample:		457.1 time, 420.8 real, 12841.3 MB
[runlim] sample:		467.4 time, 430.8 real, 12845.3 MB
[runlim] sample:		477.5 time, 440.8 real, 12845.3 MB
[runlim] sample:		487.9 time, 450.8 real, 12849.3 MB
[runlim] sample:		498.2 time, 460.8 real, 12857.3 MB
[runlim] sample:		508.6 time, 470.8 real, 12863.3 MB
[runlim] sample:		518.9 time, 480.8 real, 12867.3 MB
[runlim] sample:		528.9 time, 490.8 real, 12867.4 MB
[runlim] sample:		539.2 time, 500.8 real, 12869.4 MB
[runlim] sample:		549.4 time, 510.8 real, 12873.4 MB
[runlim] sample:		561.9 time, 520.8 real, 12986.9 MB
[runlim] sample:		572.3 time, 530.8 real, 12992.9 MB
[runlim] sample:		582.6 time, 540.8 real, 12998.9 MB
[runlim] sample:		593.0 time, 550.8 real, 13002.9 MB
[runlim] sample:		603.2 time, 560.8 real, 13006.9 MB
[runlim] sample:		613.5 time, 570.8 real, 13008.9 MB
[runlim] sample:		624.1 time, 580.8 real, 13024.9 MB
[runlim] sample:		634.3 time, 590.8 real, 13028.9 MB
[runlim] sample:		644.6 time, 600.8 real, 12925.6 MB
[runlim] sample:		654.9 time, 610.8 real, 12929.7 MB
[runlim] sample:		665.2 time, 620.8 real, 12933.7 MB
[runlim] sample:		675.8 time, 630.8 real, 12937.7 MB
[runlim] sample:		686.1 time, 640.8 real, 12939.7 MB
[runlim] sample:		696.4 time, 650.8 real, 12943.7 MB
[runlim] sample:		706.6 time, 660.8 real, 12949.7 MB
[runlim] sample:		716.8 time, 670.9 real, 12949.7 MB
[runlim] sample:		727.1 time, 680.8 real, 12951.7 MB
[runlim] sample:		737.6 time, 690.8 real, 12955.7 MB
[runlim] sample:		748.0 time, 700.8 real, 12959.7 MB
[runlim] sample:		758.4 time, 710.8 real, 12961.7 MB
[runlim] sample:		768.9 time, 720.8 real, 12967.7 MB
[runlim] sample:		779.4 time, 730.8 real, 12969.7 MB
[runlim] sample:		789.6 time, 740.8 real, 12969.7 MB
[runlim] sample:		800.0 time, 750.8 real, 12973.7 MB
[runlim] sample:		810.5 time, 760.8 real, 12975.7 MB
[runlim] sample:		820.8 time, 770.8 real, 12977.8 MB
[runlim] sample:		831.0 time, 780.8 real, 12977.8 MB
[runlim] sample:		841.5 time, 790.8 real, 12983.8 MB
[runlim] sample:		852.0 time, 800.8 real, 12989.8 MB
[runlim] sample:		862.5 time, 810.8 real, 12993.8 MB
[runlim] sample:		872.6 time, 820.8 real, 12993.8 MB
[runlim] sample:		883.1 time, 830.8 real, 12997.8 MB
[runlim] sample:		893.8 time, 840.8 real, 13005.8 MB
[runlim] sample:		904.1 time, 850.8 real, 13005.8 MB
[runlim] sample:		914.7 time, 860.8 real, 13013.8 MB
[runlim] sample:		925.5 time, 870.8 real, 13017.8 MB
[runlim] sample:		936.4 time, 880.8 real, 13023.8 MB
[runlim] sample:		947.3 time, 890.8 real, 13023.9 MB
[runlim] sample:		958.4 time, 900.8 real, 13028.0 MB
[runlim] sample:		969.1 time, 910.8 real, 13030.0 MB
[runlim] sample:		979.4 time, 920.8 real, 13030.2 MB
[runlim] sample:		990.5 time, 930.8 real, 13036.2 MB
[runlim] sample:		1001.5 time, 940.8 real, 13042.2 MB
[runlim] sample:		1012.2 time, 950.8 real, 13042.2 MB
[runlim] sample:		1023.4 time, 960.8 real, 13046.2 MB
[runlim] sample:		1034.7 time, 970.8 real, 13050.8 MB
[runlim] sample:		1046.1 time, 980.8 real, 13050.9 MB
[runlim] sample:		1057.2 time, 990.8 real, 13056.5 MB
[runlim] sample:		1068.5 time, 1000.8 real, 13056.6 MB
[runlim] sample:		1079.9 time, 1010.8 real, 13060.6 MB
[runlim] sample:		1091.3 time, 1020.8 real, 13064.6 MB
[runlim] sample:		1102.3 time, 1030.8 real, 13064.6 MB
[runlim] sample:		1113.6 time, 1040.8 real, 13066.6 MB
[runlim] sample:		1124.8 time, 1050.8 real, 13070.7 MB
[runlim] sample:		1136.2 time, 1060.8 real, 13070.7 MB
[runlim] sample:		1148.6 time, 1070.8 real, 13074.1 MB
[runlim] sample:		1160.5 time, 1080.8 real, 13074.5 MB
[runlim] sample:		1172.9 time, 1090.8 real, 13080.0 MB
[runlim] sample:		1185.1 time, 1100.8 real, 13082.1 MB
[runlim] sample:		1197.3 time, 1110.8 real, 13086.9 MB
[runlim] sample:		1209.4 time, 1120.8 real, 13090.9 MB
[runlim] sample:		1222.0 time, 1130.8 real, 13090.9 MB
[runlim] sample:		1234.9 time, 1140.8 real, 13095.1 MB
[runlim] sample:		1248.3 time, 1150.8 real, 13095.8 MB
[runlim] sample:		1261.8 time, 1160.8 real, 13104.0 MB
[runlim] sample:		1275.3 time, 1170.8 real, 13106.2 MB
[runlim] sample:		1288.2 time, 1180.8 real, 13113.8 MB
[runlim] sample:		1300.7 time, 1190.8 real, 13118.0 MB
[runlim] sample:		1313.2 time, 1200.8 real, 13118.0 MB
[runlim] sample:		1326.6 time, 1210.8 real, 13120.0 MB
[runlim] sample:		1339.8 time, 1220.8 real, 13120.0 MB
[runlim] sample:		1354.6 time, 1230.8 real, 13124.5 MB
[runlim] sample:		1369.9 time, 1240.8 real, 13135.7 MB
[runlim] sample:		1383.6 time, 1250.8 real, 13135.7 MB
[runlim] sample:		1397.8 time, 1260.9 real, 13139.9 MB
[runlim] sample:		1411.2 time, 1270.9 real, 13139.9 MB
[runlim] sample:		1424.1 time, 1280.8 real, 13143.9 MB
[runlim] sample:		1438.2 time, 1290.8 real, 13143.9 MB
[runlim] sample:		1453.1 time, 1300.8 real, 13149.9 MB
[runlim] sample:		1467.8 time, 1310.8 real, 13149.9 MB
[runlim] sample:		1482.6 time, 1320.8 real, 13157.4 MB
[runlim] sample:		1497.7 time, 1330.8 real, 13157.4 MB
[runlim] sample:		1512.6 time, 1340.8 real, 13161.5 MB
[runlim] sample:		1527.1 time, 1350.8 real, 13161.5 MB
[runlim] sample:		1542.0 time, 1360.8 real, 13163.5 MB
[runlim] sample:		1556.6 time, 1370.8 real, 13163.5 MB
[runlim] sample:		1572.8 time, 1380.8 real, 13170.4 MB
[runlim] sample:		1588.1 time, 1390.8 real, 13175.6 MB
[runlim] sample:		1604.3 time, 1400.8 real, 13181.0 MB
[runlim] sample:		1620.8 time, 1410.8 real, 13184.2 MB
[runlim] sample:		1637.8 time, 1420.8 real, 13189.2 MB
[runlim] sample:		1654.7 time, 1430.8 real, 13196.3 MB
[runlim] sample:		1670.6 time, 1440.8 real, 13196.3 MB
[runlim] sample:		1687.2 time, 1450.8 real, 13202.5 MB
[runlim] sample:		1703.1 time, 1460.8 real, 13202.5 MB
[runlim] sample:		1719.7 time, 1470.8 real, 13218.5 MB
[runlim] sample:		1736.1 time, 1480.8 real, 13218.5 MB
[runlim] sample:		1752.6 time, 1490.8 real, 13228.6 MB
[runlim] sample:		1768.6 time, 1500.8 real, 13228.6 MB
[runlim] sample:		1785.1 time, 1510.8 real, 13238.6 MB
[runlim] end:			Sat Feb  8 21:16:10 2020
[runlim] status:		out of time
[runlim] result:		1
[runlim] children:		15193
[runlim] real:			1519.86 seconds
[runlim] time:			1800.02 seconds
[runlim] space:			13238.6 MB
[runlim] samples:		15190
