[runlim] version:		1.8
[runlim] time limit:		1800 seconds
[runlim] real time limit:	3600 seconds
[runlim] space limit:		32768 MB
[runlim] argv[0]:		/home/cril/wallon/new-cdcl/divide/start.sh
[runlim] argv[1]:		/data/PB/PB06/SATUNSAT-SMALLINT/submitted-PB05/aloul/FPGA_SAT05/normalized-fpga30_28_sat_pb.cnf.cr.opb.bz2
[runlim] argv[2]:		/home/cril/wallon/new-cdcl/divide/results/data_PB_PB06_SATUNSAT_SMALLINT_submitted_PB05_aloul_FPGA_SAT05_normalized_fpga30_28_sat_pb.cnf.cr.opb.bz2
[runlim] start:			Wed Feb  5 18:54:06 2020
[runlim] main pid:		193065
[runlim] sample:		15.9 time, 11.0 real, 1224.6 MB
[runlim] sample:		28.4 time, 21.0 real, 1292.9 MB
[runlim] sample:		38.9 time, 31.0 real, 1634.4 MB
[runlim] sample:		49.5 time, 41.0 real, 2134.5 MB
[runlim] sample:		59.8 time, 51.0 real, 3336.5 MB
[runlim] sample:		70.0 time, 61.0 real, 3396.6 MB
[runlim] sample:		80.5 time, 71.0 real, 3940.7 MB
[runlim] sample:		90.8 time, 81.0 real, 4018.7 MB
[runlim] sample:		101.1 time, 91.0 real, 4104.7 MB
[runlim] sample:		111.4 time, 101.0 real, 4244.8 MB
[runlim] sample:		121.6 time, 111.0 real, 5078.8 MB
[runlim] sample:		131.6 time, 121.0 real, 8682.8 MB
[runlim] sample:		141.8 time, 131.0 real, 12284.9 MB
[runlim] sample:		152.1 time, 141.0 real, 12612.9 MB
[runlim] sample:		162.1 time, 151.0 real, 12618.9 MB
[runlim] sample:		172.2 time, 161.0 real, 12618.9 MB
[runlim] sample:		182.6 time, 171.0 real, 12630.9 MB
[runlim] sample:		192.6 time, 181.0 real, 12630.9 MB
[runlim] sample:		202.6 time, 191.0 real, 12630.9 MB
[runlim] sample:		213.0 time, 201.0 real, 12652.9 MB
[runlim] sample:		223.1 time, 211.0 real, 12652.9 MB
[runlim] sample:		233.1 time, 221.0 real, 12652.9 MB
[runlim] sample:		243.5 time, 231.0 real, 12671.0 MB
[runlim] sample:		253.5 time, 241.0 real, 12671.0 MB
[runlim] sample:		263.6 time, 251.0 real, 12671.0 MB
[runlim] sample:		273.6 time, 261.0 real, 12671.0 MB
[runlim] sample:		284.1 time, 271.0 real, 12687.0 MB
[runlim] sample:		294.1 time, 281.0 real, 12687.1 MB
[runlim] sample:		304.1 time, 291.0 real, 12687.1 MB
[runlim] sample:		314.6 time, 301.0 real, 12693.1 MB
[runlim] sample:		324.7 time, 311.0 real, 12693.1 MB
[runlim] sample:		335.0 time, 321.0 real, 12700.9 MB
[runlim] sample:		345.1 time, 331.0 real, 12693.1 MB
[runlim] sample:		355.7 time, 341.0 real, 12705.1 MB
[runlim] sample:		365.8 time, 351.0 real, 12705.1 MB
[runlim] sample:		375.8 time, 361.0 real, 12705.1 MB
[runlim] sample:		386.4 time, 371.0 real, 12709.1 MB
[runlim] sample:		396.4 time, 381.0 real, 12709.1 MB
[runlim] sample:		406.4 time, 391.0 real, 12709.1 MB
[runlim] sample:		416.5 time, 401.0 real, 12709.1 MB
[runlim] sample:		427.0 time, 411.0 real, 12725.1 MB
[runlim] sample:		437.0 time, 421.0 real, 12725.1 MB
[runlim] sample:		447.0 time, 431.0 real, 12725.1 MB
[runlim] sample:		457.6 time, 441.0 real, 12735.1 MB
[runlim] sample:		467.6 time, 451.0 real, 12735.1 MB
[runlim] sample:		477.6 time, 461.0 real, 12735.1 MB
[runlim] sample:		487.6 time, 471.0 real, 12735.1 MB
[runlim] sample:		498.2 time, 481.0 real, 12753.1 MB
[runlim] sample:		508.6 time, 491.0 real, 12755.6 MB
[runlim] sample:		518.7 time, 501.0 real, 12755.6 MB
[runlim] sample:		529.2 time, 511.0 real, 12767.6 MB
[runlim] sample:		539.2 time, 521.0 real, 12767.6 MB
[runlim] sample:		549.2 time, 531.0 real, 12767.6 MB
[runlim] sample:		559.3 time, 541.0 real, 12767.6 MB
[runlim] sample:		569.9 time, 551.0 real, 12781.6 MB
[runlim] sample:		579.9 time, 561.0 real, 12781.6 MB
[runlim] sample:		590.0 time, 571.0 real, 12781.6 MB
[runlim] sample:		600.5 time, 581.0 real, 12795.6 MB
[runlim] sample:		610.6 time, 591.0 real, 12795.6 MB
[runlim] sample:		620.6 time, 601.0 real, 12795.6 MB
[runlim] sample:		630.6 time, 611.0 real, 12795.6 MB
[runlim] sample:		641.2 time, 621.0 real, 12801.7 MB
[runlim] sample:		651.2 time, 631.0 real, 12801.7 MB
[runlim] sample:		661.2 time, 641.0 real, 12801.7 MB
[runlim] sample:		671.3 time, 651.0 real, 12801.7 MB
[runlim] sample:		681.9 time, 661.0 real, 12821.7 MB
[runlim] sample:		691.9 time, 671.0 real, 12821.7 MB
[runlim] sample:		701.9 time, 681.0 real, 12821.7 MB
[runlim] sample:		712.5 time, 691.0 real, 12841.7 MB
[runlim] sample:		722.5 time, 701.0 real, 12841.7 MB
[runlim] sample:		732.6 time, 711.0 real, 12841.7 MB
[runlim] sample:		745.9 time, 721.0 real, 12992.0 MB
[runlim] sample:		758.9 time, 731.0 real, 12992.3 MB
[runlim] sample:		770.9 time, 741.0 real, 12992.4 MB
[runlim] sample:		782.0 time, 751.0 real, 12992.4 MB
[runlim] sample:		792.8 time, 761.0 real, 13002.4 MB
[runlim] sample:		803.3 time, 771.0 real, 13014.4 MB
[runlim] sample:		813.9 time, 781.0 real, 13036.5 MB
[runlim] sample:		824.3 time, 791.0 real, 13044.5 MB
[runlim] sample:		835.0 time, 801.0 real, 13052.5 MB
[runlim] sample:		845.3 time, 811.0 real, 13052.5 MB
[runlim] sample:		855.5 time, 821.0 real, 13052.5 MB
[runlim] sample:		865.8 time, 831.0 real, 13054.5 MB
[runlim] sample:		876.1 time, 841.0 real, 13054.6 MB
[runlim] sample:		886.3 time, 851.0 real, 13056.6 MB
[runlim] sample:		896.5 time, 861.0 real, 13056.6 MB
[runlim] sample:		907.1 time, 871.0 real, 13058.6 MB
[runlim] sample:		917.5 time, 881.0 real, 13058.6 MB
[runlim] sample:		927.7 time, 891.0 real, 13060.6 MB
[runlim] sample:		938.1 time, 901.0 real, 13062.6 MB
[runlim] sample:		948.3 time, 911.0 real, 13062.6 MB
[runlim] sample:		958.4 time, 921.0 real, 13062.6 MB
[runlim] sample:		968.7 time, 931.0 real, 13064.6 MB
[runlim] sample:		979.0 time, 941.0 real, 13066.6 MB
[runlim] sample:		989.4 time, 951.0 real, 13068.6 MB
[runlim] sample:		999.6 time, 961.0 real, 13068.7 MB
[runlim] sample:		1009.8 time, 971.0 real, 13068.7 MB
[runlim] sample:		1020.2 time, 981.0 real, 13072.7 MB
[runlim] sample:		1030.7 time, 991.0 real, 13074.7 MB
[runlim] sample:		1041.5 time, 1001.0 real, 13076.7 MB
[runlim] sample:		1051.6 time, 1011.0 real, 13076.7 MB
[runlim] sample:		1061.9 time, 1021.0 real, 13078.7 MB
[runlim] sample:		1072.2 time, 1031.0 real, 13080.7 MB
[runlim] sample:		1082.5 time, 1041.0 real, 13082.7 MB
[runlim] sample:		1092.6 time, 1051.0 real, 13082.7 MB
[runlim] sample:		1103.0 time, 1061.0 real, 13084.7 MB
[runlim] sample:		1113.4 time, 1071.0 real, 13086.7 MB
[runlim] sample:		1123.6 time, 1081.0 real, 13086.7 MB
[runlim] sample:		1134.0 time, 1091.0 real, 13088.8 MB
[runlim] sample:		1144.5 time, 1101.0 real, 13090.8 MB
[runlim] sample:		1154.6 time, 1111.0 real, 13090.8 MB
[runlim] sample:		1165.0 time, 1121.0 real, 13092.8 MB
[runlim] sample:		1175.4 time, 1131.0 real, 13094.8 MB
[runlim] sample:		1185.7 time, 1141.0 real, 13094.8 MB
[runlim] sample:		1196.3 time, 1151.0 real, 13098.8 MB
[runlim] sample:		1206.4 time, 1161.0 real, 13098.8 MB
[runlim] sample:		1217.1 time, 1171.0 real, 13100.8 MB
[runlim] sample:		1227.6 time, 1181.0 real, 13102.9 MB
[runlim] sample:		1237.9 time, 1191.0 real, 13102.9 MB
[runlim] sample:		1248.7 time, 1201.0 real, 13105.0 MB
[runlim] sample:		1259.1 time, 1211.0 real, 13105.0 MB
[runlim] sample:		1269.9 time, 1221.0 real, 13107.0 MB
[runlim] sample:		1280.5 time, 1231.0 real, 13109.0 MB
[runlim] sample:		1290.5 time, 1241.0 real, 13109.0 MB
[runlim] sample:		1301.0 time, 1251.0 real, 13109.0 MB
[runlim] sample:		1311.4 time, 1261.0 real, 13113.1 MB
[runlim] sample:		1321.6 time, 1271.0 real, 13113.1 MB
[runlim] sample:		1332.4 time, 1281.0 real, 13117.1 MB
[runlim] sample:		1343.4 time, 1291.0 real, 13118.7 MB
[runlim] sample:		1354.4 time, 1301.0 real, 13123.4 MB
[runlim] sample:		1365.0 time, 1311.0 real, 13125.4 MB
[runlim] sample:		1375.2 time, 1321.0 real, 13125.5 MB
[runlim] sample:		1385.8 time, 1331.0 real, 13127.5 MB
[runlim] sample:		1396.2 time, 1341.0 real, 13127.5 MB
[runlim] sample:		1407.2 time, 1351.0 real, 13131.5 MB
[runlim] sample:		1418.4 time, 1361.0 real, 13133.7 MB
[runlim] sample:		1429.4 time, 1371.0 real, 13136.9 MB
[runlim] sample:		1440.3 time, 1381.0 real, 13141.0 MB
[runlim] sample:		1450.8 time, 1391.0 real, 13141.0 MB
[runlim] sample:		1461.4 time, 1401.0 real, 13143.0 MB
[runlim] sample:		1472.1 time, 1411.0 real, 13143.0 MB
[runlim] sample:		1483.0 time, 1421.0 real, 13147.0 MB
[runlim] sample:		1493.7 time, 1431.0 real, 13147.0 MB
[runlim] sample:		1504.4 time, 1441.0 real, 13149.0 MB
[runlim] sample:		1515.2 time, 1451.0 real, 13149.0 MB
[runlim] sample:		1526.7 time, 1461.0 real, 13151.0 MB
[runlim] sample:		1538.0 time, 1471.0 real, 13152.2 MB
[runlim] sample:		1549.5 time, 1481.0 real, 13157.4 MB
[runlim] sample:		1560.1 time, 1491.0 real, 13157.5 MB
[runlim] sample:		1571.2 time, 1501.0 real, 13161.6 MB
[runlim] sample:		1582.9 time, 1511.0 real, 13161.6 MB
[runlim] sample:		1594.3 time, 1521.0 real, 13161.8 MB
[runlim] sample:		1605.2 time, 1531.0 real, 13161.9 MB
[runlim] sample:		1617.3 time, 1541.0 real, 13163.9 MB
[runlim] sample:		1629.2 time, 1551.0 real, 13166.9 MB
[runlim] sample:		1641.6 time, 1561.0 real, 13172.4 MB
[runlim] sample:		1654.3 time, 1571.0 real, 13173.8 MB
[runlim] sample:		1668.6 time, 1581.0 real, 13183.3 MB
[runlim] sample:		1683.2 time, 1591.0 real, 13186.6 MB
[runlim] sample:		1696.3 time, 1601.0 real, 13186.6 MB
[runlim] sample:		1708.8 time, 1611.0 real, 13190.6 MB
[runlim] sample:		1720.7 time, 1621.0 real, 13192.6 MB
[runlim] sample:		1731.9 time, 1631.0 real, 13196.6 MB
[runlim] sample:		1742.6 time, 1641.0 real, 13196.6 MB
[runlim] sample:		1753.5 time, 1651.0 real, 13198.6 MB
[runlim] sample:		1764.6 time, 1661.0 real, 13202.6 MB
[runlim] sample:		1775.9 time, 1671.0 real, 13208.6 MB
[runlim] sample:		1786.7 time, 1681.0 real, 13208.6 MB
[runlim] sample:		1798.3 time, 1691.0 real, 13210.6 MB
[runlim] end:			Wed Feb  5 19:22:18 2020
[runlim] status:		out of time
[runlim] result:		1
[runlim] children:		16916
[runlim] real:			1692.49 seconds
[runlim] time:			1800.02 seconds
[runlim] space:			13210.6 MB
[runlim] samples:		16915
