[runlim] version:		1.8
[runlim] time limit:		1800 seconds
[runlim] real time limit:	3600 seconds
[runlim] space limit:		32768 MB
[runlim] argv[0]:		/home/cril/wallon/new-cdcl/divide/start.sh
[runlim] argv[1]:		/data/PB/PB06/SATUNSAT-SMALLINT/submitted-PB06/liu/vdw/normalized-vdw_k5_l4_n750.opb.bz2
[runlim] argv[2]:		/home/cril/wallon/new-cdcl/divide/results/data_PB_PB06_SATUNSAT_SMALLINT_submitted_PB06_liu_vdw_normalized_vdw_k5_l4_n750.opb.bz2
[runlim] start:			Wed Feb  5 17:07:50 2020
[runlim] main pid:		182709
[runlim] sample:		16.8 time, 10.9 real, 1261.9 MB
[runlim] sample:		30.4 time, 20.9 real, 1405.6 MB
[runlim] sample:		41.3 time, 30.9 real, 1577.8 MB
[runlim] sample:		51.8 time, 40.9 real, 2081.9 MB
[runlim] sample:		62.0 time, 50.9 real, 4308.1 MB
[runlim] sample:		72.1 time, 60.9 real, 9844.4 MB
[runlim] sample:		82.4 time, 70.9 real, 12583.0 MB
[runlim] sample:		92.4 time, 80.9 real, 12583.2 MB
[runlim] sample:		102.7 time, 90.9 real, 12597.5 MB
[runlim] sample:		112.8 time, 100.9 real, 12597.5 MB
[runlim] sample:		122.9 time, 110.9 real, 12597.5 MB
[runlim] sample:		133.2 time, 120.9 real, 12611.5 MB
[runlim] sample:		143.3 time, 130.9 real, 12611.5 MB
[runlim] sample:		153.6 time, 140.9 real, 12627.5 MB
[runlim] sample:		163.6 time, 150.9 real, 12627.5 MB
[runlim] sample:		173.7 time, 160.9 real, 12627.5 MB
[runlim] sample:		184.0 time, 170.9 real, 12639.5 MB
[runlim] sample:		194.1 time, 180.9 real, 12639.5 MB
[runlim] sample:		204.5 time, 190.9 real, 12659.5 MB
[runlim] sample:		214.5 time, 200.9 real, 12659.5 MB
[runlim] sample:		224.7 time, 210.9 real, 12659.5 MB
[runlim] sample:		235.1 time, 220.9 real, 12669.8 MB
[runlim] sample:		245.1 time, 230.9 real, 12669.8 MB
[runlim] sample:		255.3 time, 240.9 real, 12669.8 MB
[runlim] sample:		265.8 time, 250.9 real, 12681.9 MB
[runlim] sample:		275.8 time, 260.9 real, 12681.9 MB
[runlim] sample:		286.3 time, 270.9 real, 12689.9 MB
[runlim] sample:		296.3 time, 280.9 real, 12689.9 MB
[runlim] sample:		306.3 time, 290.9 real, 12689.9 MB
[runlim] sample:		316.9 time, 300.9 real, 12691.9 MB
[runlim] sample:		327.0 time, 310.9 real, 12691.9 MB
[runlim] sample:		337.0 time, 320.9 real, 12691.9 MB
[runlim] sample:		347.4 time, 330.9 real, 12701.9 MB
[runlim] sample:		357.5 time, 340.9 real, 12701.9 MB
[runlim] sample:		367.5 time, 350.9 real, 12701.9 MB
[runlim] sample:		378.0 time, 360.9 real, 12705.9 MB
[runlim] sample:		388.0 time, 370.9 real, 12705.9 MB
[runlim] sample:		398.0 time, 380.9 real, 12705.9 MB
[runlim] sample:		408.5 time, 390.9 real, 12713.9 MB
[runlim] sample:		418.6 time, 400.9 real, 12713.9 MB
[runlim] sample:		428.6 time, 410.9 real, 12713.9 MB
[runlim] sample:		439.1 time, 420.9 real, 12724.0 MB
[runlim] sample:		449.1 time, 430.9 real, 12724.0 MB
[runlim] sample:		459.1 time, 440.9 real, 12724.0 MB
[runlim] sample:		469.6 time, 450.9 real, 12736.0 MB
[runlim] sample:		479.7 time, 460.9 real, 12736.0 MB
[runlim] sample:		489.7 time, 470.9 real, 12736.0 MB
[runlim] sample:		500.3 time, 480.9 real, 12748.0 MB
[runlim] sample:		510.3 time, 490.9 real, 12748.0 MB
[runlim] sample:		520.3 time, 500.9 real, 12748.0 MB
[runlim] sample:		530.9 time, 510.9 real, 12768.0 MB
[runlim] sample:		540.9 time, 520.9 real, 12768.0 MB
[runlim] sample:		551.0 time, 530.9 real, 12768.0 MB
[runlim] sample:		561.5 time, 540.9 real, 12778.0 MB
[runlim] sample:		571.5 time, 550.9 real, 12778.0 MB
[runlim] sample:		581.5 time, 560.9 real, 12778.1 MB
[runlim] sample:		592.1 time, 570.9 real, 12794.1 MB
[runlim] sample:		602.1 time, 580.9 real, 12794.1 MB
[runlim] sample:		612.1 time, 590.9 real, 12794.1 MB
[runlim] sample:		622.7 time, 600.9 real, 12810.1 MB
[runlim] sample:		632.7 time, 610.9 real, 12810.1 MB
[runlim] sample:		642.8 time, 620.9 real, 12810.1 MB
[runlim] sample:		653.5 time, 630.9 real, 12826.2 MB
[runlim] sample:		663.5 time, 640.9 real, 12826.2 MB
[runlim] sample:		673.6 time, 650.9 real, 12826.2 MB
[runlim] sample:		684.1 time, 660.9 real, 12844.2 MB
[runlim] sample:		694.2 time, 670.9 real, 12844.2 MB
[runlim] sample:		704.2 time, 680.9 real, 12844.2 MB
[runlim] sample:		714.3 time, 690.9 real, 12844.2 MB
[runlim] sample:		724.8 time, 700.9 real, 12858.2 MB
[runlim] sample:		734.9 time, 710.9 real, 12858.2 MB
[runlim] sample:		744.9 time, 720.9 real, 12858.2 MB
[runlim] sample:		755.4 time, 730.9 real, 12864.3 MB
[runlim] sample:		765.4 time, 740.9 real, 12864.3 MB
[runlim] sample:		775.5 time, 750.9 real, 12864.3 MB
[runlim] sample:		786.0 time, 760.9 real, 12870.3 MB
[runlim] sample:		796.0 time, 770.9 real, 12870.3 MB
[runlim] sample:		806.0 time, 780.9 real, 12870.3 MB
[runlim] sample:		816.0 time, 790.9 real, 12870.3 MB
[runlim] sample:		826.5 time, 800.9 real, 12876.3 MB
[runlim] sample:		836.5 time, 810.9 real, 12876.3 MB
[runlim] sample:		846.5 time, 820.9 real, 12876.3 MB
[runlim] sample:		857.0 time, 830.9 real, 12880.4 MB
[runlim] sample:		867.0 time, 840.9 real, 12880.4 MB
[runlim] sample:		877.0 time, 850.9 real, 12880.4 MB
[runlim] sample:		887.5 time, 860.9 real, 12890.4 MB
[runlim] sample:		897.5 time, 870.9 real, 12890.4 MB
[runlim] sample:		907.5 time, 880.9 real, 12890.4 MB
[runlim] sample:		917.6 time, 890.9 real, 12890.4 MB
[runlim] sample:		928.0 time, 900.9 real, 12898.4 MB
[runlim] sample:		938.0 time, 910.9 real, 12898.4 MB
[runlim] sample:		948.0 time, 920.9 real, 12898.4 MB
[runlim] sample:		958.5 time, 930.9 real, 12910.4 MB
[runlim] sample:		968.5 time, 940.9 real, 12910.4 MB
[runlim] sample:		978.5 time, 950.9 real, 12910.4 MB
[runlim] sample:		989.0 time, 960.9 real, 12928.5 MB
[runlim] sample:		999.0 time, 970.9 real, 12928.5 MB
[runlim] sample:		1009.0 time, 980.9 real, 12928.5 MB
[runlim] sample:		1019.0 time, 990.9 real, 12928.5 MB
[runlim] sample:		1029.4 time, 1000.9 real, 12938.5 MB
[runlim] sample:		1039.4 time, 1010.9 real, 12938.5 MB
[runlim] sample:		1049.5 time, 1020.9 real, 12938.5 MB
[runlim] sample:		1059.8 time, 1030.9 real, 12948.5 MB
[runlim] sample:		1069.9 time, 1040.9 real, 12948.5 MB
[runlim] sample:		1079.9 time, 1050.9 real, 12948.6 MB
[runlim] sample:		1089.9 time, 1060.9 real, 12948.6 MB
[runlim] sample:		1100.3 time, 1070.9 real, 12956.6 MB
[runlim] sample:		1110.4 time, 1080.9 real, 12956.7 MB
[runlim] sample:		1120.8 time, 1090.9 real, 12968.7 MB
[runlim] sample:		1130.8 time, 1100.9 real, 12968.7 MB
[runlim] sample:		1140.8 time, 1110.9 real, 12968.7 MB
[runlim] sample:		1151.2 time, 1120.9 real, 12992.7 MB
[runlim] sample:		1161.2 time, 1130.9 real, 12992.7 MB
[runlim] sample:		1171.2 time, 1140.9 real, 12992.7 MB
[runlim] sample:		1181.5 time, 1150.9 real, 13016.8 MB
[runlim] sample:		1191.6 time, 1160.9 real, 13016.8 MB
[runlim] sample:		1201.6 time, 1170.9 real, 13016.8 MB
[runlim] sample:		1211.6 time, 1180.9 real, 13016.8 MB
[runlim] sample:		1221.9 time, 1190.9 real, 13024.8 MB
[runlim] sample:		1231.9 time, 1200.9 real, 13024.8 MB
[runlim] sample:		1242.0 time, 1210.9 real, 13024.8 MB
[runlim] sample:		1252.2 time, 1220.9 real, 13028.8 MB
[runlim] sample:		1262.2 time, 1230.9 real, 13028.8 MB
[runlim] sample:		1272.3 time, 1240.9 real, 13028.8 MB
[runlim] sample:		1282.5 time, 1250.9 real, 13030.8 MB
[runlim] sample:		1292.6 time, 1260.9 real, 13030.8 MB
[runlim] sample:		1302.6 time, 1270.9 real, 13030.8 MB
[runlim] sample:		1312.9 time, 1280.9 real, 13032.8 MB
[runlim] sample:		1322.9 time, 1290.9 real, 13032.8 MB
[runlim] sample:		1333.3 time, 1300.9 real, 13036.9 MB
[runlim] sample:		1343.3 time, 1310.9 real, 13036.9 MB
[runlim] sample:		1353.7 time, 1320.9 real, 13040.9 MB
[runlim] sample:		1363.7 time, 1330.9 real, 13040.9 MB
[runlim] sample:		1374.0 time, 1340.9 real, 13044.9 MB
[runlim] sample:		1384.0 time, 1350.9 real, 13044.9 MB
[runlim] sample:		1394.1 time, 1360.9 real, 13044.9 MB
[runlim] sample:		1404.3 time, 1370.9 real, 13048.9 MB
[runlim] sample:		1414.4 time, 1380.9 real, 13048.9 MB
[runlim] sample:		1424.7 time, 1390.9 real, 13052.9 MB
[runlim] sample:		1434.7 time, 1400.9 real, 13052.9 MB
[runlim] sample:		1445.0 time, 1410.9 real, 13058.9 MB
[runlim] sample:		1455.0 time, 1420.9 real, 13058.9 MB
[runlim] sample:		1465.1 time, 1430.9 real, 13058.9 MB
[runlim] sample:		1475.4 time, 1440.9 real, 13068.9 MB
[runlim] sample:		1485.5 time, 1450.9 real, 13068.9 MB
[runlim] sample:		1495.8 time, 1460.9 real, 13077.0 MB
[runlim] sample:		1505.9 time, 1470.9 real, 13077.0 MB
[runlim] sample:		1516.2 time, 1480.9 real, 13083.0 MB
[runlim] sample:		1526.2 time, 1490.9 real, 13083.0 MB
[runlim] sample:		1536.2 time, 1500.9 real, 13083.0 MB
[runlim] sample:		1546.6 time, 1510.9 real, 13085.0 MB
[runlim] sample:		1556.6 time, 1520.9 real, 13085.0 MB
[runlim] sample:		1567.0 time, 1530.9 real, 13091.1 MB
[runlim] sample:		1577.0 time, 1540.9 real, 13091.1 MB
[runlim] sample:		1587.4 time, 1550.9 real, 13099.1 MB
[runlim] sample:		1597.4 time, 1560.9 real, 13099.1 MB
[runlim] sample:		1607.5 time, 1570.9 real, 13099.1 MB
[runlim] sample:		1617.9 time, 1580.9 real, 13105.1 MB
[runlim] sample:		1627.9 time, 1590.9 real, 13105.1 MB
[runlim] sample:		1638.3 time, 1600.9 real, 13107.1 MB
[runlim] sample:		1648.4 time, 1610.9 real, 13107.1 MB
[runlim] sample:		1658.5 time, 1620.9 real, 13107.3 MB
[runlim] sample:		1668.8 time, 1630.9 real, 13111.4 MB
[runlim] sample:		1678.9 time, 1640.9 real, 13111.4 MB
[runlim] sample:		1689.5 time, 1650.9 real, 13123.8 MB
[runlim] sample:		1699.6 time, 1660.9 real, 13123.8 MB
[runlim] sample:		1709.6 time, 1670.9 real, 13124.0 MB
[runlim] sample:		1720.1 time, 1680.9 real, 13128.0 MB
[runlim] sample:		1730.1 time, 1690.9 real, 13128.0 MB
[runlim] sample:		1740.5 time, 1700.9 real, 13130.0 MB
[runlim] sample:		1750.6 time, 1710.9 real, 13130.0 MB
[runlim] sample:		1760.6 time, 1720.9 real, 13130.0 MB
[runlim] sample:		1771.1 time, 1730.9 real, 13134.0 MB
[runlim] sample:		1781.1 time, 1740.9 real, 13134.0 MB
[runlim] sample:		1791.7 time, 1750.9 real, 13140.0 MB
[runlim] end:			Wed Feb  5 17:37:09 2020
[runlim] status:		out of time
[runlim] result:		1
[runlim] children:		17613
[runlim] real:			1759.20 seconds
[runlim] time:			1800.08 seconds
[runlim] space:			13140.0 MB
[runlim] samples:		17583
