c launch: 3600 1800 32768 /home/cril/wallon/new-cdcl/divide /data/PB/PB06/SATUNSAT-SMALLINT/submitted-PB05/aloul/FPGA_SAT05/normalized-fpga45_43_sat_pb.cnf.cr.opb.bz2 /home/cril/wallon/new-cdcl/divide/results/data_PB_PB06_SATUNSAT_SMALLINT_submitted_PB05_aloul_FPGA_SAT05_normalized_fpga45_43_sat_pb.cnf.cr.opb.bz2
c CPU timeout: 3600
c wall timeout: 1800
c memout: 32768
c executable: /home/cril/wallon/new-cdcl/divide/start.sh
c job: /data/PB/PB06/SATUNSAT-SMALLINT/submitted-PB05/aloul/FPGA_SAT05/normalized-fpga45_43_sat_pb.cnf.cr.opb.bz2
c output directory: /home/cril/wallon/new-cdcl/divide/results/data_PB_PB06_SATUNSAT_SMALLINT_submitted_PB05_aloul_FPGA_SAT05_normalized_fpga45_43_sat_pb.cnf.cr.opb.bz2
c SAT4J PB solver for KTH experiments
c version CUSTOM.v20200204
c Cutting planes based inference (org.sat4j.pb.core.PBSolverCP)
c  - never skip resolution steps
c  - Auto-division on coefficients is disabled
c  - No postprocessing
c  - Divide the constraint by the coefficient of the pivot when resolving, and weaken away non-divisible coefficient.
c  - Weaken first using unassigned literals
c --- Begin Solver configuration ---
c org.sat4j.pb.constraints.PBMaxClauseCardConstrDataStructure@17579e0f
c Learn all clauses as in MiniSAT
c LOGGER=java.util.logging.Logger@59e5ddf claDecay=0.999 varDecay=0.95 conflictBoundIncFactor=1.5 initConflictBound=100 
c VSIDS like heuristics from MiniSAT using a heap phase appearing in latest learned clause taking into account the objective function
c No reason simplification
c Armin Biere (Picosat) restarts strategy
c Glucose 2 learned constraints deletion strategy (LBD updated on propagation) with timer check every 1000 if the learned constraints reach increasing bounds: 5000 step 1000
c timeout=2147483s
c DB Simplification allowed=false
c Listener: org.sat4j.minisat.core.VoidTracing@1877ab81
c --- End Solver configuration ---
