[runlim] version:		1.8
[runlim] time limit:		1800 seconds
[runlim] real time limit:	3600 seconds
[runlim] space limit:		32768 MB
[runlim] argv[0]:		/home/cril/wallon/new-cdcl/divide/start.sh
[runlim] argv[1]:		/data/PB/PB06/SATUNSAT-SMALLINT/submitted-PB06/liu/vdw/normalized-vdw_k3_l5_n550.opb.bz2
[runlim] argv[2]:		/home/cril/wallon/new-cdcl/divide/results/data_PB_PB06_SATUNSAT_SMALLINT_submitted_PB06_liu_vdw_normalized_vdw_k3_l5_n550.opb.bz2
[runlim] start:			Wed Feb  5 17:07:16 2020
[runlim] main pid:		76848
[runlim] sample:		19.2 time, 10.5 real, 1346.9 MB
[runlim] sample:		29.9 time, 20.5 real, 1435.0 MB
[runlim] sample:		40.2 time, 30.5 real, 1941.1 MB
[runlim] sample:		50.3 time, 40.5 real, 4729.1 MB
[runlim] sample:		60.3 time, 50.5 real, 10435.1 MB
[runlim] sample:		70.6 time, 60.5 real, 12529.4 MB
[runlim] sample:		80.7 time, 70.5 real, 12529.5 MB
[runlim] sample:		91.3 time, 80.5 real, 12559.5 MB
[runlim] sample:		101.7 time, 90.5 real, 12563.5 MB
[runlim] sample:		111.9 time, 100.5 real, 12567.7 MB
[runlim] sample:		122.1 time, 110.5 real, 12569.7 MB
[runlim] sample:		132.3 time, 120.5 real, 12571.8 MB
[runlim] sample:		142.4 time, 130.5 real, 12575.8 MB
[runlim] sample:		152.7 time, 140.5 real, 12595.9 MB
[runlim] sample:		162.8 time, 150.5 real, 12598.0 MB
[runlim] sample:		172.9 time, 160.5 real, 12600.0 MB
[runlim] sample:		183.0 time, 170.5 real, 12600.0 MB
[runlim] sample:		193.1 time, 180.5 real, 12602.2 MB
[runlim] sample:		203.2 time, 190.5 real, 12604.3 MB
[runlim] sample:		213.3 time, 200.5 real, 12606.3 MB
[runlim] sample:		223.4 time, 210.5 real, 12608.3 MB
[runlim] sample:		233.5 time, 220.5 real, 12610.3 MB
[runlim] sample:		243.6 time, 230.5 real, 12612.3 MB
[runlim] sample:		253.7 time, 240.5 real, 12614.3 MB
[runlim] sample:		263.8 time, 250.5 real, 12616.4 MB
[runlim] sample:		273.9 time, 260.5 real, 12616.4 MB
[runlim] sample:		284.1 time, 270.5 real, 12618.4 MB
[runlim] sample:		294.2 time, 280.5 real, 12620.4 MB
[runlim] sample:		304.2 time, 290.5 real, 12620.4 MB
[runlim] sample:		314.3 time, 300.5 real, 12620.4 MB
[runlim] sample:		324.4 time, 310.5 real, 12622.4 MB
[runlim] sample:		334.6 time, 320.5 real, 12622.4 MB
[runlim] sample:		344.6 time, 330.5 real, 12622.4 MB
[runlim] sample:		354.6 time, 340.5 real, 12624.4 MB
[runlim] sample:		364.7 time, 350.5 real, 12626.4 MB
[runlim] sample:		374.8 time, 360.5 real, 12626.4 MB
[runlim] sample:		384.9 time, 370.5 real, 12628.4 MB
[runlim] sample:		395.0 time, 380.5 real, 12630.4 MB
[runlim] sample:		405.0 time, 390.5 real, 12630.4 MB
[runlim] sample:		415.2 time, 400.5 real, 12630.4 MB
[runlim] sample:		425.3 time, 410.5 real, 12632.4 MB
[runlim] sample:		435.3 time, 420.5 real, 12632.4 MB
[runlim] sample:		445.4 time, 430.5 real, 12634.4 MB
[runlim] sample:		455.4 time, 440.5 real, 12634.4 MB
[runlim] sample:		465.5 time, 450.5 real, 12636.4 MB
[runlim] sample:		475.6 time, 460.5 real, 12636.4 MB
[runlim] sample:		485.7 time, 470.5 real, 12640.4 MB
[runlim] sample:		495.8 time, 480.5 real, 12646.4 MB
[runlim] sample:		505.8 time, 490.5 real, 12646.4 MB
[runlim] sample:		515.9 time, 500.5 real, 12652.4 MB
[runlim] sample:		525.9 time, 510.5 real, 12652.4 MB
[runlim] sample:		536.0 time, 520.5 real, 12654.4 MB
[runlim] sample:		546.0 time, 530.5 real, 12654.4 MB
[runlim] sample:		556.1 time, 540.5 real, 12654.4 MB
[runlim] sample:		566.1 time, 550.5 real, 12654.4 MB
[runlim] sample:		576.2 time, 560.5 real, 12656.4 MB
[runlim] sample:		586.3 time, 570.5 real, 12656.4 MB
[runlim] sample:		596.3 time, 580.5 real, 12658.4 MB
[runlim] sample:		606.4 time, 590.5 real, 12658.4 MB
[runlim] sample:		616.5 time, 600.5 real, 12660.5 MB
[runlim] sample:		626.5 time, 610.5 real, 12660.5 MB
[runlim] sample:		636.7 time, 620.5 real, 12662.5 MB
[runlim] sample:		646.7 time, 630.5 real, 12662.5 MB
[runlim] sample:		656.8 time, 640.5 real, 12664.5 MB
[runlim] sample:		666.9 time, 650.5 real, 12664.5 MB
[runlim] sample:		677.0 time, 660.5 real, 12666.5 MB
[runlim] sample:		687.0 time, 670.5 real, 12666.5 MB
[runlim] sample:		697.2 time, 680.5 real, 12666.5 MB
[runlim] sample:		707.2 time, 690.5 real, 12666.5 MB
[runlim] sample:		717.3 time, 700.5 real, 12668.5 MB
[runlim] sample:		727.3 time, 710.5 real, 12668.5 MB
[runlim] sample:		737.4 time, 720.5 real, 12668.5 MB
[runlim] sample:		747.5 time, 730.5 real, 12670.5 MB
[runlim] sample:		757.5 time, 740.5 real, 12670.5 MB
[runlim] sample:		767.6 time, 750.5 real, 12670.5 MB
[runlim] sample:		777.7 time, 760.5 real, 12670.5 MB
[runlim] sample:		787.8 time, 770.5 real, 12672.5 MB
[runlim] sample:		797.8 time, 780.5 real, 12672.5 MB
[runlim] sample:		808.0 time, 790.5 real, 12674.5 MB
[runlim] sample:		818.0 time, 800.5 real, 12674.5 MB
[runlim] sample:		828.0 time, 810.5 real, 12674.5 MB
[runlim] sample:		838.2 time, 820.5 real, 12674.5 MB
[runlim] sample:		848.2 time, 830.5 real, 12674.5 MB
[runlim] sample:		858.4 time, 840.5 real, 12676.5 MB
[runlim] sample:		868.4 time, 850.5 real, 12676.5 MB
[runlim] sample:		878.4 time, 860.5 real, 12676.5 MB
[runlim] sample:		888.6 time, 870.5 real, 12676.5 MB
[runlim] sample:		898.6 time, 880.5 real, 12676.5 MB
[runlim] sample:		908.8 time, 890.5 real, 12678.5 MB
[runlim] sample:		918.9 time, 900.5 real, 12678.5 MB
[runlim] sample:		929.1 time, 910.5 real, 12686.5 MB
[runlim] sample:		939.1 time, 920.5 real, 12686.5 MB
[runlim] sample:		949.1 time, 930.5 real, 12686.5 MB
[runlim] sample:		959.3 time, 940.5 real, 12698.5 MB
[runlim] sample:		969.3 time, 950.5 real, 12698.5 MB
[runlim] sample:		979.4 time, 960.5 real, 12698.5 MB
[runlim] sample:		989.5 time, 970.5 real, 12708.5 MB
[runlim] sample:		999.5 time, 980.5 real, 12708.5 MB
[runlim] sample:		1009.7 time, 990.5 real, 12710.5 MB
[runlim] sample:		1019.7 time, 1000.5 real, 12710.5 MB
[runlim] sample:		1029.9 time, 1010.5 real, 12710.5 MB
[runlim] sample:		1040.0 time, 1020.5 real, 12712.5 MB
[runlim] sample:		1050.1 time, 1030.5 real, 12712.5 MB
[runlim] sample:		1060.1 time, 1040.5 real, 12712.6 MB
[runlim] sample:		1070.3 time, 1050.5 real, 12712.6 MB
[runlim] sample:		1080.3 time, 1060.5 real, 12712.6 MB
[runlim] sample:		1090.5 time, 1070.5 real, 12714.6 MB
[runlim] sample:		1100.5 time, 1080.5 real, 12714.6 MB
[runlim] sample:		1110.6 time, 1090.5 real, 12714.6 MB
[runlim] sample:		1120.8 time, 1100.5 real, 12714.6 MB
[runlim] sample:		1130.8 time, 1110.5 real, 12714.6 MB
[runlim] sample:		1140.8 time, 1120.5 real, 12714.6 MB
[runlim] sample:		1151.0 time, 1130.5 real, 12716.6 MB
[runlim] sample:		1161.0 time, 1140.5 real, 12716.6 MB
[runlim] sample:		1171.0 time, 1150.5 real, 12716.6 MB
[runlim] sample:		1181.2 time, 1160.5 real, 12718.6 MB
[runlim] sample:		1191.2 time, 1170.5 real, 12718.6 MB
[runlim] sample:		1201.4 time, 1180.5 real, 12718.6 MB
[runlim] sample:		1211.4 time, 1190.5 real, 12718.6 MB
[runlim] sample:		1221.5 time, 1200.5 real, 12718.6 MB
[runlim] sample:		1231.7 time, 1210.5 real, 12720.6 MB
[runlim] sample:		1241.7 time, 1220.5 real, 12720.6 MB
[runlim] sample:		1251.7 time, 1230.5 real, 12720.6 MB
[runlim] sample:		1261.9 time, 1240.5 real, 12724.6 MB
[runlim] sample:		1271.9 time, 1250.5 real, 12724.6 MB
[runlim] sample:		1281.9 time, 1260.5 real, 12724.6 MB
[runlim] sample:		1292.1 time, 1270.5 real, 12730.6 MB
[runlim] sample:		1302.1 time, 1280.5 real, 12730.6 MB
[runlim] sample:		1312.1 time, 1290.5 real, 12730.6 MB
[runlim] sample:		1322.3 time, 1300.5 real, 12734.6 MB
[runlim] sample:		1332.3 time, 1310.5 real, 12734.6 MB
[runlim] sample:		1342.3 time, 1320.5 real, 12734.6 MB
[runlim] sample:		1352.5 time, 1330.5 real, 12740.6 MB
[runlim] sample:		1362.5 time, 1340.5 real, 12740.6 MB
[runlim] sample:		1372.5 time, 1350.5 real, 12740.6 MB
[runlim] sample:		1382.7 time, 1360.5 real, 12742.6 MB
[runlim] sample:		1392.7 time, 1370.5 real, 12742.6 MB
[runlim] sample:		1402.7 time, 1380.5 real, 12742.6 MB
[runlim] sample:		1412.8 time, 1390.5 real, 12742.6 MB
[runlim] sample:		1422.9 time, 1400.5 real, 12746.6 MB
[runlim] sample:		1432.9 time, 1410.5 real, 12746.6 MB
[runlim] sample:		1443.0 time, 1420.5 real, 12746.6 MB
[runlim] sample:		1453.1 time, 1430.5 real, 12752.7 MB
[runlim] sample:		1463.1 time, 1440.5 real, 12752.7 MB
[runlim] sample:		1473.2 time, 1450.5 real, 12752.7 MB
[runlim] sample:		1483.3 time, 1460.5 real, 12756.7 MB
[runlim] sample:		1493.3 time, 1470.5 real, 12756.7 MB
[runlim] sample:		1503.4 time, 1480.5 real, 12756.7 MB
[runlim] sample:		1513.4 time, 1490.5 real, 12756.7 MB
[runlim] sample:		1523.5 time, 1500.5 real, 12760.7 MB
[runlim] sample:		1533.5 time, 1510.5 real, 12760.7 MB
[runlim] sample:		1543.6 time, 1520.5 real, 12760.7 MB
[runlim] sample:		1553.7 time, 1530.5 real, 12764.7 MB
[runlim] sample:		1563.7 time, 1540.5 real, 12764.7 MB
[runlim] sample:		1573.7 time, 1550.5 real, 12764.7 MB
[runlim] sample:		1583.9 time, 1560.5 real, 12768.7 MB
[runlim] sample:		1593.9 time, 1570.5 real, 12768.7 MB
[runlim] sample:		1603.9 time, 1580.5 real, 12768.7 MB
[runlim] sample:		1614.0 time, 1590.5 real, 12768.7 MB
[runlim] sample:		1624.1 time, 1600.5 real, 12768.7 MB
[runlim] sample:		1634.1 time, 1610.5 real, 12768.7 MB
[runlim] sample:		1644.1 time, 1620.5 real, 12768.7 MB
[runlim] sample:		1654.3 time, 1630.5 real, 12770.7 MB
[runlim] sample:		1664.3 time, 1640.5 real, 12770.7 MB
[runlim] sample:		1674.3 time, 1650.5 real, 12770.7 MB
[runlim] sample:		1684.5 time, 1660.5 real, 12770.7 MB
[runlim] sample:		1694.5 time, 1670.5 real, 12770.7 MB
[runlim] sample:		1704.5 time, 1680.5 real, 12770.7 MB
[runlim] sample:		1714.5 time, 1690.5 real, 12770.7 MB
[runlim] sample:		1724.7 time, 1700.5 real, 12774.7 MB
[runlim] sample:		1734.7 time, 1710.5 real, 12774.7 MB
[runlim] sample:		1744.7 time, 1720.5 real, 12774.7 MB
[runlim] sample:		1754.9 time, 1730.5 real, 12774.7 MB
[runlim] sample:		1764.9 time, 1740.5 real, 12774.7 MB
[runlim] sample:		1774.9 time, 1750.5 real, 12774.7 MB
[runlim] sample:		1785.1 time, 1760.5 real, 12776.7 MB
[runlim] sample:		1795.1 time, 1770.5 real, 12776.7 MB
[runlim] end:			Wed Feb  5 17:36:51 2020
[runlim] status:		out of time
[runlim] result:		1
[runlim] children:		17764
[runlim] real:			1775.52 seconds
[runlim] time:			1800.10 seconds
[runlim] space:			12776.7 MB
[runlim] samples:		17750
