[runlim] version:		1.8
[runlim] time limit:		1800 seconds
[runlim] real time limit:	3600 seconds
[runlim] space limit:		32768 MB
[runlim] argv[0]:		/home/cril/wallon/new-cdcl/divide/start.sh
[runlim] argv[1]:		/data/PB/PB06/SATUNSAT-SMALLINT/submitted-PB05/aloul/FPGA_SAT05/normalized-fpga35_34_sat_pb.cnf.cr.opb.bz2
[runlim] argv[2]:		/home/cril/wallon/new-cdcl/divide/results/data_PB_PB06_SATUNSAT_SMALLINT_submitted_PB05_aloul_FPGA_SAT05_normalized_fpga35_34_sat_pb.cnf.cr.opb.bz2
[runlim] start:			Wed Feb  5 18:57:01 2020
[runlim] main pid:		147477
[runlim] sample:		13.2 time, 10.2 real, 1260.0 MB
[runlim] sample:		23.8 time, 20.2 real, 1346.5 MB
[runlim] sample:		34.2 time, 30.2 real, 1930.5 MB
[runlim] sample:		44.4 time, 40.2 real, 3094.6 MB
[runlim] sample:		54.7 time, 50.2 real, 4098.7 MB
[runlim] sample:		65.0 time, 60.2 real, 4592.2 MB
[runlim] sample:		75.1 time, 70.2 real, 4780.3 MB
[runlim] sample:		85.3 time, 80.2 real, 7080.4 MB
[runlim] sample:		95.3 time, 90.2 real, 7088.4 MB
[runlim] sample:		105.6 time, 100.2 real, 9682.4 MB
[runlim] sample:		115.6 time, 110.2 real, 9682.4 MB
[runlim] sample:		125.6 time, 120.2 real, 9684.4 MB
[runlim] sample:		135.8 time, 130.2 real, 9930.4 MB
[runlim] sample:		145.8 time, 140.2 real, 9930.4 MB
[runlim] sample:		156.1 time, 150.2 real, 10608.5 MB
[runlim] sample:		166.1 time, 160.2 real, 10608.6 MB
[runlim] sample:		176.2 time, 170.2 real, 10616.6 MB
[runlim] sample:		186.4 time, 180.2 real, 11902.6 MB
[runlim] sample:		196.5 time, 190.2 real, 11902.7 MB
[runlim] sample:		206.5 time, 200.2 real, 11902.9 MB
[runlim] sample:		217.1 time, 210.2 real, 12708.3 MB
[runlim] sample:		227.1 time, 220.2 real, 12708.3 MB
[runlim] sample:		237.1 time, 230.2 real, 12703.0 MB
[runlim] sample:		247.4 time, 240.2 real, 12731.0 MB
[runlim] sample:		257.4 time, 250.2 real, 12731.0 MB
[runlim] sample:		267.4 time, 260.2 real, 12731.0 MB
[runlim] sample:		277.7 time, 270.2 real, 12741.0 MB
[runlim] sample:		287.7 time, 280.2 real, 12741.0 MB
[runlim] sample:		297.7 time, 290.2 real, 12741.0 MB
[runlim] sample:		308.0 time, 300.2 real, 12761.0 MB
[runlim] sample:		318.1 time, 310.2 real, 12761.0 MB
[runlim] sample:		328.1 time, 320.2 real, 12761.0 MB
[runlim] sample:		338.4 time, 330.2 real, 12775.0 MB
[runlim] sample:		348.4 time, 340.2 real, 12775.0 MB
[runlim] sample:		358.4 time, 350.2 real, 12775.0 MB
[runlim] sample:		368.8 time, 360.2 real, 12793.0 MB
[runlim] sample:		378.8 time, 370.2 real, 12793.0 MB
[runlim] sample:		388.8 time, 380.2 real, 12793.0 MB
[runlim] sample:		399.2 time, 390.2 real, 12829.1 MB
[runlim] sample:		409.2 time, 400.2 real, 12829.1 MB
[runlim] sample:		419.2 time, 410.2 real, 12829.1 MB
[runlim] sample:		429.6 time, 420.2 real, 12847.1 MB
[runlim] sample:		439.6 time, 430.2 real, 12847.1 MB
[runlim] sample:		449.6 time, 440.2 real, 12847.1 MB
[runlim] sample:		460.0 time, 450.2 real, 12857.1 MB
[runlim] sample:		470.0 time, 460.2 real, 12857.1 MB
[runlim] sample:		480.0 time, 470.2 real, 12857.1 MB
[runlim] sample:		490.2 time, 480.2 real, 12871.1 MB
[runlim] sample:		500.4 time, 490.2 real, 12873.1 MB
[runlim] sample:		510.4 time, 500.2 real, 12873.1 MB
[runlim] sample:		520.5 time, 510.2 real, 12873.1 MB
[runlim] sample:		530.8 time, 520.2 real, 12893.1 MB
[runlim] sample:		540.8 time, 530.2 real, 12893.1 MB
[runlim] sample:		550.9 time, 540.2 real, 12893.1 MB
[runlim] sample:		561.2 time, 550.2 real, 12909.1 MB
[runlim] sample:		571.2 time, 560.2 real, 12909.1 MB
[runlim] sample:		581.3 time, 570.2 real, 12909.1 MB
[runlim] sample:		591.3 time, 580.2 real, 12909.1 MB
[runlim] sample:		601.7 time, 590.2 real, 12923.2 MB
[runlim] sample:		611.7 time, 600.2 real, 12923.2 MB
[runlim] sample:		621.7 time, 610.2 real, 12923.2 MB
[runlim] sample:		632.1 time, 620.2 real, 12937.2 MB
[runlim] sample:		642.1 time, 630.2 real, 12937.2 MB
[runlim] sample:		652.1 time, 640.2 real, 12937.3 MB
[runlim] sample:		662.5 time, 650.2 real, 12951.3 MB
[runlim] sample:		672.5 time, 660.2 real, 12951.3 MB
[runlim] sample:		682.5 time, 670.2 real, 12951.4 MB
[runlim] sample:		692.6 time, 680.2 real, 12951.7 MB
[runlim] sample:		703.0 time, 690.2 real, 12975.9 MB
[runlim] sample:		713.0 time, 700.2 real, 12975.9 MB
[runlim] sample:		723.0 time, 710.2 real, 12975.9 MB
[runlim] sample:		733.4 time, 720.2 real, 12999.9 MB
[runlim] sample:		743.5 time, 730.2 real, 12999.9 MB
[runlim] sample:		753.5 time, 740.2 real, 12999.9 MB
[runlim] sample:		763.5 time, 750.2 real, 12999.9 MB
[runlim] sample:		773.9 time, 760.2 real, 13018.1 MB
[runlim] sample:		783.9 time, 770.2 real, 13018.1 MB
[runlim] sample:		794.0 time, 780.2 real, 13018.1 MB
[runlim] sample:		804.3 time, 790.2 real, 13034.1 MB
[runlim] sample:		814.4 time, 800.2 real, 13034.3 MB
[runlim] sample:		824.4 time, 810.2 real, 13034.3 MB
[runlim] sample:		834.5 time, 820.2 real, 13034.3 MB
[runlim] sample:		844.9 time, 830.2 real, 13052.4 MB
[runlim] sample:		854.9 time, 840.2 real, 13052.5 MB
[runlim] sample:		864.9 time, 850.2 real, 13052.5 MB
[runlim] sample:		874.9 time, 860.2 real, 13052.5 MB
[runlim] sample:		885.3 time, 870.2 real, 13068.5 MB
[runlim] sample:		895.3 time, 880.2 real, 13068.5 MB
[runlim] sample:		905.4 time, 890.2 real, 13068.5 MB
[runlim] sample:		915.7 time, 900.2 real, 13112.6 MB
[runlim] sample:		925.8 time, 910.2 real, 13112.6 MB
[runlim] sample:		935.8 time, 920.2 real, 13112.6 MB
[runlim] sample:		945.9 time, 930.2 real, 13114.5 MB
[runlim] sample:		956.3 time, 940.2 real, 13134.6 MB
[runlim] sample:		966.3 time, 950.2 real, 13134.8 MB
[runlim] sample:		976.4 time, 960.2 real, 13134.8 MB
[runlim] sample:		986.4 time, 970.2 real, 13134.8 MB
[runlim] sample:		996.8 time, 980.2 real, 13142.9 MB
[runlim] sample:		1006.8 time, 990.2 real, 13142.9 MB
[runlim] sample:		1016.8 time, 1000.2 real, 13142.9 MB
[runlim] sample:		1027.2 time, 1010.2 real, 13150.9 MB
[runlim] sample:		1037.2 time, 1020.2 real, 13150.9 MB
[runlim] sample:		1047.3 time, 1030.2 real, 13150.9 MB
[runlim] sample:		1057.3 time, 1040.2 real, 13150.9 MB
[runlim] sample:		1067.7 time, 1050.2 real, 13163.0 MB
[runlim] sample:		1077.8 time, 1060.2 real, 13163.0 MB
[runlim] sample:		1087.8 time, 1070.2 real, 13163.0 MB
[runlim] sample:		1097.9 time, 1080.2 real, 13163.0 MB
[runlim] sample:		1108.3 time, 1090.2 real, 13175.0 MB
[runlim] sample:		1118.3 time, 1100.2 real, 13175.0 MB
[runlim] sample:		1128.4 time, 1110.2 real, 13175.0 MB
[runlim] sample:		1138.4 time, 1120.2 real, 13175.0 MB
[runlim] sample:		1148.8 time, 1130.2 real, 13187.1 MB
[runlim] sample:		1158.8 time, 1140.2 real, 13187.1 MB
[runlim] sample:		1168.8 time, 1150.2 real, 13187.1 MB
[runlim] sample:		1178.8 time, 1160.2 real, 13187.1 MB
[runlim] sample:		1189.3 time, 1170.2 real, 13199.1 MB
[runlim] sample:		1199.3 time, 1180.2 real, 13199.1 MB
[runlim] sample:		1209.3 time, 1190.2 real, 13199.1 MB
[runlim] sample:		1219.3 time, 1200.2 real, 13199.1 MB
[runlim] sample:		1229.7 time, 1210.2 real, 13211.1 MB
[runlim] sample:		1239.7 time, 1220.2 real, 13211.1 MB
[runlim] sample:		1249.7 time, 1230.2 real, 13211.1 MB
[runlim] sample:		1259.7 time, 1240.2 real, 13211.1 MB
[runlim] sample:		1270.1 time, 1250.2 real, 13225.2 MB
[runlim] sample:		1280.1 time, 1260.2 real, 13225.2 MB
[runlim] sample:		1290.1 time, 1270.2 real, 13225.2 MB
[runlim] sample:		1300.2 time, 1280.2 real, 13225.2 MB
[runlim] sample:		1310.5 time, 1290.2 real, 13243.2 MB
[runlim] sample:		1320.5 time, 1300.2 real, 13243.2 MB
[runlim] sample:		1330.5 time, 1310.2 real, 13243.2 MB
[runlim] sample:		1340.6 time, 1320.2 real, 13243.2 MB
[runlim] sample:		1350.9 time, 1330.2 real, 13263.2 MB
[runlim] sample:		1360.9 time, 1340.2 real, 13263.2 MB
[runlim] sample:		1370.9 time, 1350.2 real, 13263.2 MB
[runlim] sample:		1381.0 time, 1360.2 real, 13263.2 MB
[runlim] sample:		1391.3 time, 1370.2 real, 13293.2 MB
[runlim] sample:		1401.3 time, 1380.2 real, 13293.2 MB
[runlim] sample:		1411.3 time, 1390.2 real, 13293.2 MB
[runlim] sample:		1421.6 time, 1400.2 real, 13305.2 MB
[runlim] sample:		1431.7 time, 1410.2 real, 13305.2 MB
[runlim] sample:		1441.7 time, 1420.2 real, 13305.2 MB
[runlim] sample:		1451.7 time, 1430.2 real, 13305.2 MB
[runlim] sample:		1462.1 time, 1440.2 real, 13325.2 MB
[runlim] sample:		1472.1 time, 1450.2 real, 13325.2 MB
[runlim] sample:		1482.1 time, 1460.2 real, 13325.2 MB
[runlim] sample:		1492.1 time, 1470.2 real, 13325.2 MB
[runlim] sample:		1502.4 time, 1480.2 real, 13339.2 MB
[runlim] sample:		1512.4 time, 1490.2 real, 13339.2 MB
[runlim] sample:		1522.5 time, 1500.2 real, 13339.2 MB
[runlim] sample:		1532.5 time, 1510.2 real, 13339.2 MB
[runlim] sample:		1542.8 time, 1520.2 real, 13351.3 MB
[runlim] sample:		1552.8 time, 1530.2 real, 13351.3 MB
[runlim] sample:		1562.8 time, 1540.2 real, 13351.3 MB
[runlim] sample:		1572.8 time, 1550.2 real, 13351.3 MB
[runlim] sample:		1583.2 time, 1560.2 real, 13365.3 MB
[runlim] sample:		1593.2 time, 1570.2 real, 13365.3 MB
[runlim] sample:		1603.2 time, 1580.2 real, 13365.3 MB
[runlim] sample:		1613.2 time, 1590.2 real, 13365.3 MB
[runlim] sample:		1623.5 time, 1600.2 real, 13397.3 MB
[runlim] sample:		1633.5 time, 1610.2 real, 13397.3 MB
[runlim] sample:		1643.6 time, 1620.2 real, 13397.3 MB
[runlim] sample:		1653.6 time, 1630.2 real, 13397.3 MB
[runlim] sample:		1663.8 time, 1640.2 real, 13415.3 MB
[runlim] sample:		1673.9 time, 1650.2 real, 13415.3 MB
[runlim] sample:		1683.9 time, 1660.2 real, 13415.3 MB
[runlim] sample:		1693.9 time, 1670.2 real, 13415.3 MB
[runlim] sample:		1704.2 time, 1680.2 real, 13421.3 MB
[runlim] sample:		1714.2 time, 1690.2 real, 13421.3 MB
[runlim] sample:		1724.2 time, 1700.2 real, 13421.3 MB
[runlim] sample:		1734.2 time, 1710.2 real, 13421.3 MB
[runlim] sample:		1744.5 time, 1720.2 real, 13433.3 MB
[runlim] sample:		1754.5 time, 1730.2 real, 13433.3 MB
[runlim] sample:		1764.5 time, 1740.2 real, 13433.3 MB
[runlim] sample:		1774.6 time, 1750.2 real, 13433.3 MB
[runlim] sample:		1784.6 time, 1760.2 real, 13433.3 MB
[runlim] sample:		1794.9 time, 1770.2 real, 13445.3 MB
[runlim] end:			Wed Feb  5 19:26:36 2020
[runlim] status:		out of time
[runlim] result:		1
[runlim] children:		17753
[runlim] real:			1775.45 seconds
[runlim] time:			1800.10 seconds
[runlim] space:			13445.3 MB
[runlim] samples:		17752
