[runlim] version:		1.8
[runlim] time limit:		1800 seconds
[runlim] real time limit:	3600 seconds
[runlim] space limit:		32768 MB
[runlim] argv[0]:		/home/cril/wallon/new-cdcl/divide/start.sh
[runlim] argv[1]:		/data/PB/PB06/SATUNSAT-SMALLINT/submitted-PB06/liu/vdw/normalized-vdw_k4_l4_n360.opb.bz2
[runlim] argv[2]:		/home/cril/wallon/new-cdcl/divide/results/data_PB_PB06_SATUNSAT_SMALLINT_submitted_PB06_liu_vdw_normalized_vdw_k4_l4_n360.opb.bz2
[runlim] start:			Wed Feb  5 17:07:50 2020
[runlim] main pid:		8452
[runlim] sample:		14.8 time, 10.8 real, 1376.2 MB
[runlim] sample:		25.0 time, 20.8 real, 4188.2 MB
[runlim] sample:		35.1 time, 30.8 real, 9004.5 MB
[runlim] sample:		45.2 time, 40.8 real, 9354.5 MB
[runlim] sample:		55.3 time, 50.8 real, 12610.6 MB
[runlim] sample:		65.3 time, 60.8 real, 12614.6 MB
[runlim] sample:		75.4 time, 70.8 real, 12618.7 MB
[runlim] sample:		85.4 time, 80.8 real, 12618.7 MB
[runlim] sample:		95.5 time, 90.8 real, 12630.7 MB
[runlim] sample:		105.5 time, 100.8 real, 12630.7 MB
[runlim] sample:		115.6 time, 110.8 real, 12638.7 MB
[runlim] sample:		125.7 time, 120.8 real, 12638.7 MB
[runlim] sample:		135.9 time, 130.8 real, 12662.8 MB
[runlim] sample:		146.1 time, 140.8 real, 12662.8 MB
[runlim] sample:		156.3 time, 150.8 real, 12666.8 MB
[runlim] sample:		166.4 time, 160.8 real, 12668.9 MB
[runlim] sample:		176.6 time, 170.8 real, 12672.9 MB
[runlim] sample:		186.7 time, 180.8 real, 12682.9 MB
[runlim] sample:		196.8 time, 190.8 real, 12690.9 MB
[runlim] sample:		206.8 time, 200.8 real, 12691.0 MB
[runlim] sample:		217.0 time, 210.8 real, 12699.0 MB
[runlim] sample:		227.1 time, 220.8 real, 12713.5 MB
[runlim] sample:		237.3 time, 230.8 real, 12727.0 MB
[runlim] sample:		247.6 time, 240.8 real, 12729.9 MB
[runlim] sample:		258.0 time, 250.8 real, 12737.7 MB
[runlim] sample:		268.3 time, 260.8 real, 12739.5 MB
[runlim] sample:		278.6 time, 270.8 real, 12741.9 MB
[runlim] sample:		288.9 time, 280.8 real, 12742.0 MB
[runlim] sample:		299.1 time, 290.8 real, 12742.0 MB
[runlim] sample:		309.3 time, 300.8 real, 12742.0 MB
[runlim] sample:		319.3 time, 310.8 real, 12742.0 MB
[runlim] sample:		329.5 time, 320.8 real, 12744.1 MB
[runlim] sample:		339.5 time, 330.8 real, 12744.1 MB
[runlim] sample:		349.6 time, 340.8 real, 12744.1 MB
[runlim] sample:		359.7 time, 350.8 real, 12744.1 MB
[runlim] sample:		369.7 time, 360.8 real, 12744.1 MB
[runlim] sample:		379.9 time, 370.8 real, 12746.2 MB
[runlim] sample:		389.9 time, 380.8 real, 12746.2 MB
[runlim] sample:		400.1 time, 390.8 real, 12746.2 MB
[runlim] sample:		410.1 time, 400.8 real, 12746.2 MB
[runlim] sample:		420.2 time, 410.8 real, 12748.2 MB
[runlim] sample:		430.2 time, 420.8 real, 12748.2 MB
[runlim] sample:		440.3 time, 430.8 real, 12750.2 MB
[runlim] sample:		450.4 time, 440.8 real, 12750.2 MB
[runlim] sample:		460.4 time, 450.8 real, 12750.2 MB
[runlim] sample:		470.5 time, 460.8 real, 12752.2 MB
[runlim] sample:		480.5 time, 470.8 real, 12752.2 MB
[runlim] sample:		490.6 time, 480.8 real, 12754.2 MB
[runlim] sample:		500.6 time, 490.8 real, 12754.2 MB
[runlim] sample:		510.7 time, 500.8 real, 12754.2 MB
[runlim] sample:		520.8 time, 510.8 real, 12756.2 MB
[runlim] sample:		530.8 time, 520.8 real, 12756.2 MB
[runlim] sample:		540.8 time, 530.8 real, 12756.2 MB
[runlim] sample:		550.9 time, 540.8 real, 12758.2 MB
[runlim] sample:		560.9 time, 550.8 real, 12758.2 MB
[runlim] sample:		571.0 time, 560.8 real, 12760.3 MB
[runlim] sample:		581.1 time, 570.8 real, 12760.3 MB
[runlim] sample:		591.1 time, 580.8 real, 12760.3 MB
[runlim] sample:		601.2 time, 590.8 real, 12766.3 MB
[runlim] sample:		611.2 time, 600.8 real, 12766.3 MB
[runlim] sample:		621.2 time, 610.8 real, 12766.3 MB
[runlim] sample:		631.3 time, 620.8 real, 12768.3 MB
[runlim] sample:		641.3 time, 630.8 real, 12768.3 MB
[runlim] sample:		651.3 time, 640.8 real, 12768.3 MB
[runlim] sample:		661.5 time, 650.8 real, 12770.3 MB
[runlim] sample:		671.5 time, 660.8 real, 12770.3 MB
[runlim] sample:		681.5 time, 670.8 real, 12770.3 MB
[runlim] sample:		691.6 time, 680.8 real, 12774.3 MB
[runlim] sample:		701.6 time, 690.8 real, 12774.3 MB
[runlim] sample:		711.6 time, 700.8 real, 12774.3 MB
[runlim] sample:		721.7 time, 710.8 real, 12778.3 MB
[runlim] sample:		731.7 time, 720.8 real, 12778.3 MB
[runlim] sample:		741.7 time, 730.8 real, 12778.3 MB
[runlim] sample:		751.8 time, 740.8 real, 12782.3 MB
[runlim] sample:		761.8 time, 750.8 real, 12782.3 MB
[runlim] sample:		771.9 time, 760.8 real, 12782.3 MB
[runlim] sample:		782.0 time, 770.8 real, 12788.3 MB
[runlim] sample:		792.0 time, 780.8 real, 12788.3 MB
[runlim] sample:		802.0 time, 790.8 real, 12788.3 MB
[runlim] sample:		812.1 time, 800.8 real, 12790.3 MB
[runlim] sample:		822.1 time, 810.8 real, 12790.3 MB
[runlim] sample:		832.1 time, 820.8 real, 12790.3 MB
[runlim] sample:		842.2 time, 830.8 real, 12792.3 MB
[runlim] sample:		852.2 time, 840.8 real, 12792.3 MB
[runlim] sample:		862.2 time, 850.8 real, 12792.3 MB
[runlim] sample:		872.3 time, 860.8 real, 12794.3 MB
[runlim] sample:		882.4 time, 870.8 real, 12794.3 MB
[runlim] sample:		892.4 time, 880.8 real, 12794.3 MB
[runlim] sample:		902.5 time, 890.8 real, 12796.3 MB
[runlim] sample:		912.5 time, 900.8 real, 12796.3 MB
[runlim] sample:		922.5 time, 910.8 real, 12796.3 MB
[runlim] sample:		932.6 time, 920.8 real, 12800.3 MB
[runlim] sample:		942.6 time, 930.8 real, 12800.3 MB
[runlim] sample:		952.7 time, 940.8 real, 12800.3 MB
[runlim] sample:		962.8 time, 950.8 real, 12802.3 MB
[runlim] sample:		972.8 time, 960.8 real, 12802.3 MB
[runlim] sample:		982.8 time, 970.8 real, 12802.3 MB
[runlim] sample:		992.9 time, 980.8 real, 12808.3 MB
[runlim] sample:		1002.9 time, 990.8 real, 12808.3 MB
[runlim] sample:		1013.0 time, 1000.8 real, 12808.3 MB
[runlim] sample:		1023.0 time, 1010.8 real, 12812.3 MB
[runlim] sample:		1033.1 time, 1020.8 real, 12812.3 MB
[runlim] sample:		1043.1 time, 1030.8 real, 12812.3 MB
[runlim] sample:		1053.2 time, 1040.8 real, 12816.3 MB
[runlim] sample:		1063.2 time, 1050.8 real, 12816.3 MB
[runlim] sample:		1073.2 time, 1060.8 real, 12816.3 MB
[runlim] sample:		1083.3 time, 1070.8 real, 12820.3 MB
[runlim] sample:		1093.3 time, 1080.8 real, 12820.3 MB
[runlim] sample:		1103.4 time, 1090.8 real, 12820.3 MB
[runlim] sample:		1113.5 time, 1100.8 real, 12824.3 MB
[runlim] sample:		1123.5 time, 1110.8 real, 12824.3 MB
[runlim] sample:		1133.5 time, 1120.8 real, 12824.3 MB
[runlim] sample:		1143.6 time, 1130.8 real, 12824.3 MB
[runlim] sample:		1153.7 time, 1140.8 real, 12828.3 MB
[runlim] sample:		1163.7 time, 1150.8 real, 12828.3 MB
[runlim] sample:		1173.7 time, 1160.8 real, 12828.3 MB
[runlim] sample:		1183.8 time, 1170.8 real, 12830.3 MB
[runlim] sample:		1193.8 time, 1180.8 real, 12830.3 MB
[runlim] sample:		1203.9 time, 1190.8 real, 12830.3 MB
[runlim] sample:		1214.0 time, 1200.8 real, 12832.4 MB
[runlim] sample:		1224.0 time, 1210.8 real, 12832.4 MB
[runlim] sample:		1234.0 time, 1220.8 real, 12832.4 MB
[runlim] sample:		1244.1 time, 1230.8 real, 12838.4 MB
[runlim] sample:		1254.1 time, 1240.8 real, 12838.4 MB
[runlim] sample:		1264.1 time, 1250.8 real, 12838.4 MB
[runlim] sample:		1274.2 time, 1260.8 real, 12842.4 MB
[runlim] sample:		1284.3 time, 1270.8 real, 12842.4 MB
[runlim] sample:		1294.3 time, 1280.8 real, 12842.4 MB
[runlim] sample:		1304.4 time, 1290.8 real, 12844.4 MB
[runlim] sample:		1314.4 time, 1300.8 real, 12844.4 MB
[runlim] sample:		1324.4 time, 1310.8 real, 12844.4 MB
[runlim] sample:		1334.4 time, 1320.8 real, 12844.4 MB
[runlim] sample:		1344.5 time, 1330.8 real, 12846.4 MB
[runlim] sample:		1354.5 time, 1340.8 real, 12846.4 MB
[runlim] sample:		1364.6 time, 1350.8 real, 12846.4 MB
[runlim] sample:		1374.6 time, 1360.8 real, 12848.4 MB
[runlim] sample:		1384.7 time, 1370.8 real, 12848.4 MB
[runlim] sample:		1394.7 time, 1380.8 real, 12848.4 MB
[runlim] sample:		1404.8 time, 1390.8 real, 12850.4 MB
[runlim] sample:		1414.8 time, 1400.8 real, 12850.4 MB
[runlim] sample:		1424.8 time, 1410.8 real, 12850.4 MB
[runlim] sample:		1434.9 time, 1420.8 real, 12854.4 MB
[runlim] sample:		1444.9 time, 1430.8 real, 12854.4 MB
[runlim] sample:		1454.9 time, 1440.8 real, 12854.4 MB
[runlim] sample:		1465.0 time, 1450.8 real, 12858.4 MB
[runlim] sample:		1475.0 time, 1460.8 real, 12858.4 MB
[runlim] sample:		1485.0 time, 1470.8 real, 12858.4 MB
[runlim] sample:		1495.0 time, 1480.8 real, 12858.4 MB
[runlim] sample:		1505.1 time, 1490.8 real, 12862.4 MB
[runlim] sample:		1515.2 time, 1500.8 real, 12862.4 MB
[runlim] sample:		1525.2 time, 1510.8 real, 12862.4 MB
[runlim] sample:		1535.2 time, 1520.8 real, 12864.4 MB
[runlim] sample:		1545.3 time, 1530.8 real, 12864.4 MB
[runlim] sample:		1555.3 time, 1540.8 real, 12864.4 MB
[runlim] sample:		1565.4 time, 1550.8 real, 12870.4 MB
[runlim] sample:		1575.4 time, 1560.8 real, 12870.4 MB
[runlim] sample:		1585.4 time, 1570.8 real, 12870.4 MB
[runlim] sample:		1595.5 time, 1580.8 real, 12874.4 MB
[runlim] sample:		1605.5 time, 1590.8 real, 12874.4 MB
[runlim] sample:		1615.5 time, 1600.8 real, 12874.4 MB
[runlim] sample:		1625.5 time, 1610.8 real, 12874.4 MB
[runlim] sample:		1635.6 time, 1620.8 real, 12876.4 MB
[runlim] sample:		1645.6 time, 1630.8 real, 12876.4 MB
[runlim] sample:		1655.6 time, 1640.8 real, 12876.4 MB
[runlim] sample:		1665.8 time, 1650.8 real, 12878.4 MB
[runlim] sample:		1675.8 time, 1660.8 real, 12878.4 MB
[runlim] sample:		1685.8 time, 1670.8 real, 12878.4 MB
[runlim] sample:		1695.9 time, 1680.8 real, 12880.4 MB
[runlim] sample:		1705.9 time, 1690.8 real, 12880.4 MB
[runlim] sample:		1715.9 time, 1700.8 real, 12880.4 MB
[runlim] sample:		1726.0 time, 1710.8 real, 12880.4 MB
[runlim] sample:		1736.0 time, 1720.8 real, 12880.4 MB
[runlim] sample:		1746.0 time, 1730.8 real, 12880.4 MB
[runlim] sample:		1756.1 time, 1740.8 real, 12880.4 MB
[runlim] sample:		1766.2 time, 1750.8 real, 12882.4 MB
[runlim] sample:		1776.2 time, 1760.8 real, 12882.4 MB
[runlim] sample:		1786.2 time, 1770.8 real, 12882.4 MB
[runlim] sample:		1796.3 time, 1780.8 real, 12884.4 MB
[runlim] end:			Wed Feb  5 17:37:34 2020
[runlim] status:		out of time
[runlim] result:		1
[runlim] children:		17842
[runlim] real:			1784.48 seconds
[runlim] time:			1800.01 seconds
[runlim] space:			12884.4 MB
[runlim] samples:		17837
