[runlim] version:		1.8
[runlim] time limit:		1800 seconds
[runlim] real time limit:	3600 seconds
[runlim] space limit:		32768 MB
[runlim] argv[0]:		/home/cril/wallon/new-cdcl/divide/start.sh
[runlim] argv[1]:		/data/PB/PB06/SATUNSAT-SMALLINT/submitted-PB05/aloul/FPGA_SAT05/normalized-fpga35_33_sat_pb.cnf.cr.opb.bz2
[runlim] argv[2]:		/home/cril/wallon/new-cdcl/divide/results/data_PB_PB06_SATUNSAT_SMALLINT_submitted_PB05_aloul_FPGA_SAT05_normalized_fpga35_33_sat_pb.cnf.cr.opb.bz2
[runlim] start:			Wed Feb  5 18:54:06 2020
[runlim] main pid:		147233
[runlim] sample:		13.0 time, 10.8 real, 1235.1 MB
[runlim] sample:		23.4 time, 20.8 real, 1387.1 MB
[runlim] sample:		34.4 time, 30.8 real, 3359.1 MB
[runlim] sample:		44.6 time, 40.8 real, 7527.1 MB
[runlim] sample:		54.7 time, 50.8 real, 11525.1 MB
[runlim] sample:		64.8 time, 60.8 real, 12563.4 MB
[runlim] sample:		74.9 time, 70.8 real, 12563.4 MB
[runlim] sample:		84.9 time, 80.8 real, 12563.4 MB
[runlim] sample:		95.1 time, 90.8 real, 12587.4 MB
[runlim] sample:		105.1 time, 100.8 real, 12587.4 MB
[runlim] sample:		115.1 time, 110.8 real, 12587.4 MB
[runlim] sample:		125.3 time, 120.8 real, 12603.4 MB
[runlim] sample:		135.4 time, 130.8 real, 12603.5 MB
[runlim] sample:		145.4 time, 140.8 real, 12603.5 MB
[runlim] sample:		155.6 time, 150.8 real, 12629.6 MB
[runlim] sample:		165.7 time, 160.8 real, 12629.6 MB
[runlim] sample:		175.7 time, 170.8 real, 12629.6 MB
[runlim] sample:		185.9 time, 180.8 real, 12643.6 MB
[runlim] sample:		196.0 time, 190.8 real, 12643.6 MB
[runlim] sample:		206.0 time, 200.8 real, 12643.6 MB
[runlim] sample:		216.3 time, 210.8 real, 12663.6 MB
[runlim] sample:		226.3 time, 220.8 real, 12663.6 MB
[runlim] sample:		236.5 time, 230.8 real, 12668.5 MB
[runlim] sample:		246.7 time, 240.8 real, 12686.5 MB
[runlim] sample:		256.7 time, 250.8 real, 12686.5 MB
[runlim] sample:		266.8 time, 260.8 real, 12686.5 MB
[runlim] sample:		277.1 time, 270.8 real, 12698.5 MB
[runlim] sample:		287.1 time, 280.8 real, 12698.5 MB
[runlim] sample:		297.1 time, 290.8 real, 12698.5 MB
[runlim] sample:		307.4 time, 300.8 real, 12714.5 MB
[runlim] sample:		317.4 time, 310.8 real, 12714.5 MB
[runlim] sample:		327.4 time, 320.8 real, 12714.5 MB
[runlim] sample:		337.7 time, 330.8 real, 12722.5 MB
[runlim] sample:		347.7 time, 340.8 real, 12722.5 MB
[runlim] sample:		357.8 time, 350.8 real, 12722.5 MB
[runlim] sample:		368.1 time, 360.8 real, 12746.5 MB
[runlim] sample:		378.1 time, 370.8 real, 12746.5 MB
[runlim] sample:		388.1 time, 380.8 real, 12746.5 MB
[runlim] sample:		398.5 time, 390.8 real, 12766.5 MB
[runlim] sample:		408.5 time, 400.8 real, 12766.5 MB
[runlim] sample:		418.6 time, 410.8 real, 12766.5 MB
[runlim] sample:		428.6 time, 420.8 real, 12766.5 MB
[runlim] sample:		438.9 time, 430.8 real, 12782.5 MB
[runlim] sample:		449.0 time, 440.8 real, 12782.5 MB
[runlim] sample:		459.0 time, 450.8 real, 12782.5 MB
[runlim] sample:		469.3 time, 460.8 real, 12786.5 MB
[runlim] sample:		479.4 time, 470.8 real, 12786.5 MB
[runlim] sample:		489.4 time, 480.8 real, 12786.5 MB
[runlim] sample:		499.8 time, 490.8 real, 12816.5 MB
[runlim] sample:		509.8 time, 500.8 real, 12816.6 MB
[runlim] sample:		519.8 time, 510.8 real, 12816.6 MB
[runlim] sample:		530.2 time, 520.8 real, 12848.6 MB
[runlim] sample:		540.3 time, 530.8 real, 12848.6 MB
[runlim] sample:		550.3 time, 540.8 real, 12848.6 MB
[runlim] sample:		560.7 time, 550.8 real, 12876.7 MB
[runlim] sample:		570.7 time, 560.8 real, 12876.7 MB
[runlim] sample:		580.7 time, 570.8 real, 12876.7 MB
[runlim] sample:		590.7 time, 580.8 real, 12876.7 MB
[runlim] sample:		601.1 time, 590.8 real, 12898.7 MB
[runlim] sample:		611.1 time, 600.8 real, 12898.7 MB
[runlim] sample:		621.1 time, 610.8 real, 12898.7 MB
[runlim] sample:		631.5 time, 620.8 real, 12918.7 MB
[runlim] sample:		641.5 time, 630.8 real, 12918.7 MB
[runlim] sample:		651.5 time, 640.8 real, 12918.7 MB
[runlim] sample:		661.9 time, 650.8 real, 12932.7 MB
[runlim] sample:		671.9 time, 660.8 real, 12932.7 MB
[runlim] sample:		681.9 time, 670.8 real, 12932.7 MB
[runlim] sample:		691.9 time, 680.8 real, 12932.9 MB
[runlim] sample:		702.3 time, 690.8 real, 12949.0 MB
[runlim] sample:		712.3 time, 700.8 real, 12949.0 MB
[runlim] sample:		722.3 time, 710.8 real, 12949.0 MB
[runlim] sample:		732.8 time, 720.8 real, 12971.7 MB
[runlim] sample:		747.6 time, 730.8 real, 13153.9 MB
[runlim] sample:		762.0 time, 740.8 real, 13154.8 MB
[runlim] sample:		775.3 time, 750.8 real, 13156.3 MB
[runlim] sample:		787.6 time, 760.8 real, 13157.1 MB
[runlim] sample:		799.5 time, 770.8 real, 13167.4 MB
[runlim] sample:		811.0 time, 780.8 real, 13177.4 MB
[runlim] sample:		822.4 time, 790.8 real, 13187.7 MB
[runlim] sample:		833.6 time, 800.8 real, 13203.7 MB
[runlim] sample:		844.5 time, 810.8 real, 13217.7 MB
[runlim] sample:		855.2 time, 820.8 real, 13219.7 MB
[runlim] sample:		865.8 time, 830.8 real, 13219.7 MB
[runlim] sample:		876.3 time, 840.8 real, 13221.7 MB
[runlim] sample:		886.7 time, 850.8 real, 13221.8 MB
[runlim] sample:		897.2 time, 860.8 real, 13221.8 MB
[runlim] sample:		907.5 time, 870.8 real, 13223.8 MB
[runlim] sample:		917.7 time, 880.8 real, 13223.8 MB
[runlim] sample:		927.9 time, 890.8 real, 13223.8 MB
[runlim] sample:		938.0 time, 900.8 real, 13223.8 MB
[runlim] sample:		948.1 time, 910.8 real, 13223.8 MB
[runlim] sample:		958.3 time, 920.8 real, 13225.8 MB
[runlim] sample:		968.4 time, 930.8 real, 13227.9 MB
[runlim] sample:		978.4 time, 940.8 real, 13227.9 MB
[runlim] sample:		988.5 time, 950.8 real, 13229.9 MB
[runlim] sample:		998.6 time, 960.8 real, 13231.9 MB
[runlim] sample:		1008.6 time, 970.8 real, 13231.9 MB
[runlim] sample:		1018.8 time, 980.8 real, 13233.9 MB
[runlim] sample:		1028.9 time, 990.8 real, 13235.9 MB
[runlim] sample:		1038.9 time, 1000.8 real, 13235.9 MB
[runlim] sample:		1049.0 time, 1010.8 real, 13237.9 MB
[runlim] sample:		1059.0 time, 1020.8 real, 13237.9 MB
[runlim] sample:		1069.1 time, 1030.8 real, 13239.9 MB
[runlim] sample:		1079.4 time, 1040.8 real, 13241.9 MB
[runlim] sample:		1089.4 time, 1050.8 real, 13241.9 MB
[runlim] sample:		1099.5 time, 1060.8 real, 13243.9 MB
[runlim] sample:		1109.5 time, 1070.8 real, 13243.9 MB
[runlim] sample:		1119.6 time, 1080.8 real, 13247.9 MB
[runlim] sample:		1129.6 time, 1090.8 real, 13247.9 MB
[runlim] sample:		1139.8 time, 1100.8 real, 13250.0 MB
[runlim] sample:		1149.8 time, 1110.8 real, 13250.0 MB
[runlim] sample:		1160.0 time, 1120.8 real, 13252.0 MB
[runlim] sample:		1170.0 time, 1130.8 real, 13252.0 MB
[runlim] sample:		1180.1 time, 1140.8 real, 13258.0 MB
[runlim] sample:		1190.1 time, 1150.8 real, 13258.0 MB
[runlim] sample:		1200.2 time, 1160.8 real, 13258.0 MB
[runlim] sample:		1210.3 time, 1170.8 real, 13262.0 MB
[runlim] sample:		1220.3 time, 1180.8 real, 13262.0 MB
[runlim] sample:		1230.5 time, 1190.8 real, 13266.0 MB
[runlim] sample:		1240.5 time, 1200.8 real, 13266.0 MB
[runlim] sample:		1250.7 time, 1210.8 real, 13272.0 MB
[runlim] sample:		1260.7 time, 1220.8 real, 13272.0 MB
[runlim] sample:		1270.7 time, 1230.8 real, 13272.0 MB
[runlim] sample:		1280.9 time, 1240.8 real, 13274.0 MB
[runlim] sample:		1290.9 time, 1250.8 real, 13274.0 MB
[runlim] sample:		1301.1 time, 1260.8 real, 13278.0 MB
[runlim] sample:		1311.1 time, 1270.8 real, 13278.0 MB
[runlim] sample:		1321.1 time, 1280.8 real, 13278.0 MB
[runlim] sample:		1331.3 time, 1290.8 real, 13282.0 MB
[runlim] sample:		1341.3 time, 1300.8 real, 13282.0 MB
[runlim] sample:		1351.5 time, 1310.8 real, 13286.0 MB
[runlim] sample:		1361.5 time, 1320.8 real, 13286.0 MB
[runlim] sample:		1371.5 time, 1330.8 real, 13286.0 MB
[runlim] sample:		1381.8 time, 1340.8 real, 13294.0 MB
[runlim] sample:		1391.8 time, 1350.8 real, 13294.0 MB
[runlim] sample:		1402.1 time, 1360.8 real, 13298.0 MB
[runlim] sample:		1412.1 time, 1370.8 real, 13298.0 MB
[runlim] sample:		1422.2 time, 1380.8 real, 13298.0 MB
[runlim] sample:		1432.3 time, 1390.8 real, 13300.1 MB
[runlim] sample:		1442.6 time, 1400.8 real, 13304.1 MB
[runlim] sample:		1452.6 time, 1410.8 real, 13304.1 MB
[runlim] sample:		1462.8 time, 1420.8 real, 13308.1 MB
[runlim] sample:		1472.8 time, 1430.8 real, 13308.1 MB
[runlim] sample:		1483.0 time, 1440.8 real, 13318.1 MB
[runlim] sample:		1493.0 time, 1450.8 real, 13318.1 MB
[runlim] sample:		1503.4 time, 1460.8 real, 13346.1 MB
[runlim] sample:		1513.4 time, 1470.8 real, 13346.1 MB
[runlim] sample:		1523.6 time, 1480.8 real, 13354.1 MB
[runlim] sample:		1533.6 time, 1490.8 real, 13354.1 MB
[runlim] sample:		1543.8 time, 1500.8 real, 13362.1 MB
[runlim] sample:		1553.7 time, 1510.8 real, 13362.1 MB
[runlim] sample:		1563.9 time, 1520.8 real, 13366.1 MB
[runlim] sample:		1574.2 time, 1530.8 real, 13374.1 MB
[runlim] sample:		1584.2 time, 1540.8 real, 13374.1 MB
[runlim] sample:		1594.3 time, 1550.8 real, 13380.1 MB
[runlim] sample:		1604.5 time, 1560.8 real, 13386.1 MB
[runlim] sample:		1614.4 time, 1570.8 real, 13386.1 MB
[runlim] sample:		1624.6 time, 1580.8 real, 13392.1 MB
[runlim] sample:		1634.6 time, 1590.8 real, 13392.1 MB
[runlim] sample:		1644.7 time, 1600.8 real, 13398.1 MB
[runlim] sample:		1654.7 time, 1610.8 real, 13398.1 MB
[runlim] sample:		1664.9 time, 1620.8 real, 13404.1 MB
[runlim] sample:		1675.0 time, 1630.8 real, 13404.1 MB
[runlim] sample:		1685.1 time, 1640.8 real, 13408.1 MB
[runlim] sample:		1695.2 time, 1650.8 real, 13408.1 MB
[runlim] sample:		1705.3 time, 1660.8 real, 13410.1 MB
[runlim] sample:		1715.3 time, 1670.8 real, 13410.1 MB
[runlim] sample:		1725.5 time, 1680.8 real, 13412.1 MB
[runlim] sample:		1735.5 time, 1690.8 real, 13412.1 MB
[runlim] sample:		1745.6 time, 1700.8 real, 13416.2 MB
[runlim] sample:		1755.6 time, 1710.8 real, 13416.2 MB
[runlim] sample:		1765.8 time, 1720.8 real, 13420.2 MB
[runlim] sample:		1775.8 time, 1730.8 real, 13420.2 MB
[runlim] sample:		1786.0 time, 1740.8 real, 13420.2 MB
[runlim] sample:		1796.1 time, 1750.8 real, 13420.2 MB
[runlim] end:			Wed Feb  5 19:23:20 2020
[runlim] status:		out of time
[runlim] result:		1
[runlim] children:		17541
[runlim] real:			1754.84 seconds
[runlim] time:			1800.06 seconds
[runlim] space:			13420.2 MB
[runlim] samples:		17540
