[runlim] version:		1.8
[runlim] time limit:		1800 seconds
[runlim] real time limit:	3600 seconds
[runlim] space limit:		32768 MB
[runlim] argv[0]:		/home/cril/wallon/new-cdcl/divide/start.sh
[runlim] argv[1]:		/data/PB/PB06/SATUNSAT-SMALLINT/submitted-PB05/aloul/FPGA_SAT05/normalized-fpga13_11_sat_pb.cnf.cr.opb.bz2
[runlim] argv[2]:		/home/cril/wallon/new-cdcl/divide/results/data_PB_PB06_SATUNSAT_SMALLINT_submitted_PB05_aloul_FPGA_SAT05_normalized_fpga13_11_sat_pb.cnf.cr.opb.bz2
[runlim] start:			Wed Feb  5 18:54:07 2020
[runlim] main pid:		189258
[runlim] sample:		14.5 time, 10.0 real, 1261.0 MB
[runlim] sample:		24.8 time, 20.0 real, 2502.8 MB
[runlim] sample:		35.1 time, 30.0 real, 6517.1 MB
[runlim] sample:		45.4 time, 40.0 real, 6523.1 MB
[runlim] sample:		55.5 time, 50.0 real, 6523.1 MB
[runlim] sample:		65.6 time, 60.0 real, 6523.1 MB
[runlim] sample:		75.8 time, 70.0 real, 6523.2 MB
[runlim] end:			Wed Feb  5 18:55:23 2020
[runlim] status:		ok
[runlim] result:		0
[runlim] children:		764
[runlim] real:			76.54 seconds
[runlim] time:			82.47 seconds
[runlim] space:			6523.2 MB
[runlim] samples:		764
