[runlim] version:		1.8
[runlim] time limit:		1800 seconds
[runlim] real time limit:	3600 seconds
[runlim] space limit:		32768 MB
[runlim] argv[0]:		/home/cril/wallon/new-cdcl/divide/start.sh
[runlim] argv[1]:		/data/PB/PB06/SATUNSAT-SMALLINT/submitted-PB06/liu/vdw/normalized-vdw_k6_l3_n170.opb.bz2
[runlim] argv[2]:		/home/cril/wallon/new-cdcl/divide/results/data_PB_PB06_SATUNSAT_SMALLINT_submitted_PB06_liu_vdw_normalized_vdw_k6_l3_n170.opb.bz2
[runlim] start:			Wed Feb  5 17:07:50 2020
[runlim] main pid:		182724
[runlim] sample:		18.9 time, 10.9 real, 1371.9 MB
[runlim] sample:		29.3 time, 20.9 real, 6685.2 MB
[runlim] sample:		39.5 time, 30.9 real, 12567.7 MB
[runlim] sample:		49.6 time, 40.9 real, 12571.7 MB
[runlim] sample:		60.0 time, 50.9 real, 12571.8 MB
[runlim] sample:		70.2 time, 60.9 real, 12571.8 MB
[runlim] sample:		80.4 time, 70.9 real, 12571.9 MB
[runlim] sample:		90.4 time, 80.9 real, 12571.9 MB
[runlim] sample:		100.5 time, 90.9 real, 12572.0 MB
[runlim] sample:		110.7 time, 100.9 real, 12572.0 MB
[runlim] sample:		120.7 time, 110.9 real, 12572.0 MB
[runlim] sample:		130.8 time, 120.9 real, 12572.0 MB
[runlim] sample:		141.2 time, 130.9 real, 12572.1 MB
[runlim] sample:		151.2 time, 140.9 real, 12572.1 MB
[runlim] sample:		161.4 time, 150.9 real, 12572.1 MB
[runlim] sample:		171.4 time, 160.9 real, 12572.1 MB
[runlim] sample:		181.6 time, 170.9 real, 12572.2 MB
[runlim] sample:		191.8 time, 180.9 real, 12582.2 MB
[runlim] sample:		201.8 time, 190.9 real, 12582.2 MB
[runlim] sample:		212.0 time, 200.9 real, 12584.2 MB
[runlim] sample:		222.0 time, 210.9 real, 12584.2 MB
[runlim] sample:		232.2 time, 220.9 real, 12586.2 MB
[runlim] sample:		242.2 time, 230.9 real, 12586.2 MB
[runlim] sample:		252.4 time, 240.9 real, 12588.2 MB
[runlim] sample:		262.4 time, 250.9 real, 12588.2 MB
[runlim] sample:		272.6 time, 260.9 real, 12590.2 MB
[runlim] sample:		282.6 time, 270.9 real, 12590.2 MB
[runlim] sample:		293.0 time, 280.9 real, 12604.3 MB
[runlim] sample:		303.0 time, 290.9 real, 12604.3 MB
[runlim] sample:		313.2 time, 300.9 real, 12610.3 MB
[runlim] sample:		323.2 time, 310.9 real, 12610.3 MB
[runlim] sample:		333.4 time, 320.9 real, 12616.4 MB
[runlim] sample:		343.4 time, 330.9 real, 12616.4 MB
[runlim] sample:		353.6 time, 340.9 real, 12622.4 MB
[runlim] sample:		363.7 time, 350.9 real, 12622.4 MB
[runlim] sample:		373.7 time, 360.9 real, 12622.4 MB
[runlim] sample:		383.9 time, 370.9 real, 12626.5 MB
[runlim] sample:		393.9 time, 380.9 real, 12626.5 MB
[runlim] sample:		404.1 time, 390.9 real, 12628.6 MB
[runlim] sample:		414.1 time, 400.9 real, 12628.6 MB
[runlim] sample:		424.4 time, 410.9 real, 12632.6 MB
[runlim] sample:		434.4 time, 420.9 real, 12632.6 MB
[runlim] sample:		444.4 time, 430.9 real, 12632.6 MB
[runlim] sample:		454.6 time, 440.9 real, 12636.6 MB
[runlim] sample:		464.7 time, 450.9 real, 12636.6 MB
[runlim] sample:		475.0 time, 460.9 real, 12644.7 MB
[runlim] sample:		485.2 time, 470.9 real, 12646.2 MB
[runlim] sample:		495.3 time, 480.9 real, 12647.4 MB
[runlim] sample:		505.7 time, 490.9 real, 12649.4 MB
[runlim] sample:		515.9 time, 500.9 real, 12649.4 MB
[runlim] sample:		526.3 time, 510.9 real, 12654.1 MB
[runlim] sample:		536.5 time, 520.9 real, 12654.1 MB
[runlim] sample:		546.6 time, 530.9 real, 12654.1 MB
[runlim] sample:		557.1 time, 540.9 real, 12658.3 MB
[runlim] sample:		567.3 time, 550.9 real, 12658.3 MB
[runlim] sample:		577.6 time, 560.9 real, 12659.2 MB
[runlim] sample:		588.1 time, 570.9 real, 12662.1 MB
[runlim] sample:		598.4 time, 580.9 real, 12662.1 MB
[runlim] sample:		608.7 time, 590.9 real, 12662.1 MB
[runlim] sample:		619.0 time, 600.9 real, 12664.2 MB
[runlim] sample:		629.1 time, 610.9 real, 12664.2 MB
[runlim] sample:		639.5 time, 620.9 real, 12668.2 MB
[runlim] sample:		649.6 time, 630.9 real, 12668.2 MB
[runlim] sample:		659.7 time, 640.9 real, 12668.2 MB
[runlim] sample:		670.1 time, 650.9 real, 12670.3 MB
[runlim] sample:		680.2 time, 660.9 real, 12670.3 MB
[runlim] sample:		690.3 time, 670.9 real, 12670.3 MB
[runlim] sample:		700.5 time, 680.9 real, 12674.3 MB
[runlim] sample:		710.6 time, 690.9 real, 12674.3 MB
[runlim] sample:		720.7 time, 700.9 real, 12674.3 MB
[runlim] sample:		730.9 time, 710.9 real, 12676.3 MB
[runlim] sample:		741.0 time, 720.9 real, 12676.3 MB
[runlim] sample:		751.0 time, 730.9 real, 12676.3 MB
[runlim] sample:		761.3 time, 740.9 real, 12680.3 MB
[runlim] sample:		771.3 time, 750.9 real, 12680.3 MB
[runlim] sample:		781.3 time, 760.9 real, 12680.3 MB
[runlim] sample:		791.5 time, 770.9 real, 12684.4 MB
[runlim] sample:		801.6 time, 780.9 real, 12684.4 MB
[runlim] sample:		811.7 time, 790.9 real, 12684.4 MB
[runlim] sample:		821.9 time, 800.9 real, 12688.4 MB
[runlim] sample:		831.9 time, 810.9 real, 12688.4 MB
[runlim] sample:		841.9 time, 820.9 real, 12688.4 MB
[runlim] sample:		852.1 time, 830.9 real, 12692.4 MB
[runlim] sample:		862.2 time, 840.9 real, 12692.4 MB
[runlim] sample:		872.2 time, 850.9 real, 12692.4 MB
[runlim] sample:		882.4 time, 860.9 real, 12694.4 MB
[runlim] sample:		892.5 time, 870.9 real, 12694.4 MB
[runlim] sample:		902.5 time, 880.9 real, 12694.4 MB
[runlim] sample:		912.7 time, 890.9 real, 12698.4 MB
[runlim] sample:		922.8 time, 900.9 real, 12698.4 MB
[runlim] sample:		932.8 time, 910.9 real, 12698.4 MB
[runlim] sample:		943.0 time, 920.9 real, 12702.5 MB
[runlim] sample:		953.0 time, 930.9 real, 12702.5 MB
[runlim] sample:		963.1 time, 940.9 real, 12702.5 MB
[runlim] sample:		973.2 time, 950.9 real, 12706.5 MB
[runlim] sample:		983.2 time, 960.9 real, 12706.5 MB
[runlim] sample:		993.3 time, 970.9 real, 12706.5 MB
[runlim] sample:		1003.5 time, 980.9 real, 12710.5 MB
[runlim] sample:		1013.5 time, 990.9 real, 12710.5 MB
[runlim] sample:		1023.6 time, 1000.9 real, 12710.5 MB
[runlim] sample:		1033.7 time, 1010.9 real, 12712.5 MB
[runlim] sample:		1043.8 time, 1020.9 real, 12712.5 MB
[runlim] sample:		1053.8 time, 1030.9 real, 12712.5 MB
[runlim] sample:		1063.9 time, 1040.9 real, 12714.5 MB
[runlim] sample:		1073.9 time, 1050.9 real, 12714.5 MB
[runlim] sample:		1084.0 time, 1060.9 real, 12714.5 MB
[runlim] sample:		1094.1 time, 1070.9 real, 12718.6 MB
[runlim] sample:		1104.1 time, 1080.9 real, 12718.6 MB
[runlim] sample:		1114.2 time, 1090.9 real, 12718.6 MB
[runlim] sample:		1124.2 time, 1100.9 real, 12718.6 MB
[runlim] sample:		1134.4 time, 1110.9 real, 12722.6 MB
[runlim] sample:		1144.4 time, 1120.9 real, 12722.6 MB
[runlim] sample:		1154.4 time, 1130.9 real, 12722.6 MB
[runlim] sample:		1164.6 time, 1140.9 real, 12724.6 MB
[runlim] sample:		1174.6 time, 1150.9 real, 12724.6 MB
[runlim] sample:		1184.6 time, 1160.9 real, 12724.6 MB
[runlim] sample:		1194.8 time, 1170.9 real, 12726.6 MB
[runlim] sample:		1204.8 time, 1180.9 real, 12726.6 MB
[runlim] sample:		1214.9 time, 1190.9 real, 12726.6 MB
[runlim] sample:		1224.9 time, 1200.9 real, 12726.6 MB
[runlim] sample:		1235.1 time, 1210.9 real, 12728.6 MB
[runlim] sample:		1245.1 time, 1220.9 real, 12728.6 MB
[runlim] sample:		1255.1 time, 1230.9 real, 12728.6 MB
[runlim] sample:		1265.3 time, 1240.9 real, 12730.6 MB
[runlim] sample:		1275.3 time, 1250.9 real, 12730.6 MB
[runlim] sample:		1285.3 time, 1260.9 real, 12730.6 MB
[runlim] sample:		1295.4 time, 1270.9 real, 12730.6 MB
[runlim] sample:		1305.5 time, 1280.9 real, 12732.6 MB
[runlim] sample:		1315.5 time, 1290.9 real, 12732.6 MB
[runlim] sample:		1325.6 time, 1300.9 real, 12732.6 MB
[runlim] sample:		1335.7 time, 1310.9 real, 12734.6 MB
[runlim] sample:		1345.7 time, 1320.9 real, 12734.6 MB
[runlim] sample:		1355.8 time, 1330.9 real, 12734.6 MB
[runlim] sample:		1365.8 time, 1340.9 real, 12734.6 MB
[runlim] sample:		1376.0 time, 1350.9 real, 12736.6 MB
[runlim] sample:		1386.0 time, 1360.9 real, 12736.6 MB
[runlim] sample:		1396.0 time, 1370.9 real, 12736.6 MB
[runlim] sample:		1406.2 time, 1380.9 real, 12738.6 MB
[runlim] sample:		1416.2 time, 1390.9 real, 12738.6 MB
[runlim] sample:		1426.2 time, 1400.9 real, 12738.6 MB
[runlim] sample:		1436.2 time, 1410.9 real, 12738.6 MB
[runlim] sample:		1446.4 time, 1420.9 real, 12746.6 MB
[runlim] sample:		1456.4 time, 1430.9 real, 12746.6 MB
[runlim] sample:		1466.4 time, 1440.9 real, 12746.6 MB
[runlim] sample:		1476.5 time, 1450.9 real, 12746.6 MB
[runlim] sample:		1486.6 time, 1460.9 real, 12750.6 MB
[runlim] sample:		1496.6 time, 1470.9 real, 12750.6 MB
[runlim] sample:		1506.7 time, 1480.9 real, 12750.6 MB
[runlim] sample:		1516.8 time, 1490.9 real, 12754.6 MB
[runlim] sample:		1526.8 time, 1500.9 real, 12754.6 MB
[runlim] sample:		1536.9 time, 1510.9 real, 12754.6 MB
[runlim] sample:		1547.0 time, 1520.9 real, 12754.6 MB
[runlim] sample:		1557.2 time, 1530.9 real, 12756.6 MB
[runlim] sample:		1567.2 time, 1540.9 real, 12756.6 MB
[runlim] sample:		1577.2 time, 1550.9 real, 12756.6 MB
[runlim] sample:		1587.2 time, 1560.9 real, 12756.6 MB
[runlim] sample:		1597.4 time, 1570.9 real, 12756.6 MB
[runlim] sample:		1607.4 time, 1580.9 real, 12756.6 MB
[runlim] sample:		1617.5 time, 1590.9 real, 12756.6 MB
[runlim] sample:		1627.5 time, 1600.9 real, 12756.6 MB
[runlim] sample:		1637.7 time, 1610.9 real, 12758.6 MB
[runlim] sample:		1647.7 time, 1620.9 real, 12758.6 MB
[runlim] sample:		1657.7 time, 1630.9 real, 12758.6 MB
[runlim] sample:		1667.9 time, 1640.9 real, 12762.6 MB
[runlim] sample:		1677.9 time, 1650.9 real, 12762.6 MB
[runlim] sample:		1688.0 time, 1660.9 real, 12762.6 MB
[runlim] sample:		1698.0 time, 1670.9 real, 12762.6 MB
[runlim] sample:		1708.1 time, 1680.9 real, 12764.6 MB
[runlim] sample:		1718.1 time, 1690.9 real, 12764.6 MB
[runlim] sample:		1728.2 time, 1700.9 real, 12764.6 MB
[runlim] sample:		1738.2 time, 1710.9 real, 12764.6 MB
[runlim] sample:		1748.3 time, 1720.9 real, 12766.6 MB
[runlim] sample:		1758.4 time, 1730.9 real, 12766.6 MB
[runlim] sample:		1768.4 time, 1740.9 real, 12766.6 MB
[runlim] sample:		1778.6 time, 1750.9 real, 12768.6 MB
[runlim] sample:		1788.6 time, 1760.9 real, 12768.6 MB
[runlim] sample:		1798.6 time, 1770.9 real, 12768.6 MB
[runlim] end:			Wed Feb  5 17:37:22 2020
[runlim] status:		out of time
[runlim] result:		1
[runlim] children:		17720
[runlim] real:			1772.33 seconds
[runlim] time:			1800.02 seconds
[runlim] space:			12768.6 MB
[runlim] samples:		17714
