[runlim] version:		1.8
[runlim] time limit:		1800 seconds
[runlim] real time limit:	3600 seconds
[runlim] space limit:		32768 MB
[runlim] argv[0]:		/home/cril/wallon/new-cdcl/divide/start.sh
[runlim] argv[1]:		/data/PB/PB06/SATUNSAT-SMALLINT/submitted-PB05/aloul/FPGA_SAT05/normalized-fpga45_43_sat_pb.cnf.cr.opb.bz2
[runlim] argv[2]:		/home/cril/wallon/new-cdcl/divide/results/data_PB_PB06_SATUNSAT_SMALLINT_submitted_PB05_aloul_FPGA_SAT05_normalized_fpga45_43_sat_pb.cnf.cr.opb.bz2
[runlim] start:			Wed Feb  5 18:56:26 2020
[runlim] main pid:		168047
[runlim] sample:		12.7 time, 10.3 real, 1244.0 MB
[runlim] sample:		23.0 time, 20.3 real, 1304.0 MB
[runlim] sample:		33.5 time, 30.3 real, 1761.9 MB
[runlim] sample:		43.8 time, 40.3 real, 2012.2 MB
[runlim] sample:		54.2 time, 50.3 real, 3363.1 MB
[runlim] sample:		64.4 time, 60.3 real, 3509.8 MB
[runlim] sample:		74.5 time, 70.3 real, 3716.1 MB
[runlim] sample:		84.7 time, 80.3 real, 5836.1 MB
[runlim] sample:		94.7 time, 90.3 real, 5836.1 MB
[runlim] sample:		104.8 time, 100.3 real, 6030.1 MB
[runlim] sample:		115.0 time, 110.3 real, 7064.2 MB
[runlim] sample:		125.0 time, 120.3 real, 7064.2 MB
[runlim] sample:		135.2 time, 130.3 real, 7304.2 MB
[runlim] sample:		145.2 time, 140.3 real, 7304.2 MB
[runlim] sample:		155.2 time, 150.3 real, 8638.2 MB
[runlim] sample:		165.2 time, 160.3 real, 12202.2 MB
[runlim] sample:		175.4 time, 170.3 real, 12648.4 MB
[runlim] sample:		185.4 time, 180.3 real, 12648.4 MB
[runlim] sample:		195.5 time, 190.3 real, 12654.6 MB
[runlim] sample:		205.7 time, 200.3 real, 12666.6 MB
[runlim] sample:		215.7 time, 210.3 real, 12666.6 MB
[runlim] sample:		225.8 time, 220.3 real, 12666.6 MB
[runlim] sample:		235.9 time, 230.3 real, 12676.6 MB
[runlim] sample:		246.0 time, 240.3 real, 12676.6 MB
[runlim] sample:		256.0 time, 250.3 real, 12676.6 MB
[runlim] sample:		266.0 time, 260.3 real, 12676.6 MB
[runlim] sample:		276.2 time, 270.3 real, 12702.6 MB
[runlim] sample:		286.3 time, 280.3 real, 12702.6 MB
[runlim] sample:		296.3 time, 290.3 real, 12702.6 MB
[runlim] sample:		306.5 time, 300.3 real, 12714.6 MB
[runlim] sample:		316.5 time, 310.3 real, 12714.6 MB
[runlim] sample:		326.6 time, 320.3 real, 12714.6 MB
[runlim] sample:		336.8 time, 330.3 real, 12732.6 MB
[runlim] sample:		346.8 time, 340.3 real, 12732.6 MB
[runlim] sample:		356.9 time, 350.3 real, 12732.6 MB
[runlim] sample:		366.9 time, 360.3 real, 12732.6 MB
[runlim] sample:		377.1 time, 370.3 real, 12744.6 MB
[runlim] sample:		387.2 time, 380.3 real, 12744.6 MB
[runlim] sample:		397.2 time, 390.3 real, 12744.6 MB
[runlim] sample:		407.5 time, 400.3 real, 12762.6 MB
[runlim] sample:		417.5 time, 410.3 real, 12762.6 MB
[runlim] sample:		427.5 time, 420.3 real, 12762.6 MB
[runlim] sample:		437.8 time, 430.3 real, 12770.6 MB
[runlim] sample:		447.9 time, 440.3 real, 12770.6 MB
[runlim] sample:		457.9 time, 450.3 real, 12770.6 MB
[runlim] sample:		468.2 time, 460.3 real, 12784.6 MB
[runlim] sample:		478.2 time, 470.3 real, 12784.6 MB
[runlim] sample:		488.2 time, 480.3 real, 12784.6 MB
[runlim] sample:		498.2 time, 490.3 real, 12784.6 MB
[runlim] sample:		508.6 time, 500.3 real, 12804.6 MB
[runlim] sample:		518.6 time, 510.3 real, 12804.6 MB
[runlim] sample:		528.6 time, 520.3 real, 12804.6 MB
[runlim] sample:		538.9 time, 530.3 real, 12814.6 MB
[runlim] sample:		549.0 time, 540.3 real, 12814.6 MB
[runlim] sample:		559.0 time, 550.3 real, 12814.6 MB
[runlim] sample:		569.3 time, 560.3 real, 12820.6 MB
[runlim] sample:		579.4 time, 570.3 real, 12830.6 MB
[runlim] sample:		589.4 time, 580.3 real, 12830.6 MB
[runlim] sample:		599.5 time, 590.3 real, 12830.6 MB
[runlim] sample:		610.3 time, 600.3 real, 12966.4 MB
[runlim] sample:		621.2 time, 610.3 real, 12870.5 MB
[runlim] sample:		631.2 time, 620.3 real, 12870.5 MB
[runlim] sample:		641.6 time, 630.3 real, 12882.5 MB
[runlim] sample:		651.6 time, 640.3 real, 12882.5 MB
[runlim] sample:		661.6 time, 650.3 real, 12882.5 MB
[runlim] sample:		671.6 time, 660.3 real, 12882.5 MB
[runlim] sample:		682.0 time, 670.3 real, 12902.5 MB
[runlim] sample:		692.0 time, 680.3 real, 12902.5 MB
[runlim] sample:		702.0 time, 690.3 real, 12902.5 MB
[runlim] sample:		713.0 time, 700.3 real, 13096.3 MB
[runlim] sample:		724.4 time, 710.3 real, 13097.7 MB
[runlim] sample:		735.5 time, 720.3 real, 13098.4 MB
[runlim] sample:		746.4 time, 730.3 real, 13098.4 MB
[runlim] sample:		757.0 time, 740.3 real, 13098.4 MB
[runlim] sample:		767.8 time, 750.3 real, 13098.5 MB
[runlim] sample:		778.3 time, 760.3 real, 13130.6 MB
[runlim] sample:		788.8 time, 770.3 real, 13142.6 MB
[runlim] sample:		799.2 time, 780.3 real, 13150.6 MB
[runlim] sample:		809.5 time, 790.3 real, 13160.6 MB
[runlim] sample:		819.7 time, 800.3 real, 13160.6 MB
[runlim] sample:		829.9 time, 810.3 real, 13162.6 MB
[runlim] sample:		840.1 time, 820.3 real, 13162.7 MB
[runlim] sample:		850.2 time, 830.3 real, 13164.7 MB
[runlim] sample:		860.4 time, 840.3 real, 13164.7 MB
[runlim] sample:		870.5 time, 850.3 real, 13164.7 MB
[runlim] sample:		880.6 time, 860.3 real, 13164.7 MB
[runlim] sample:		890.7 time, 870.3 real, 13168.7 MB
[runlim] sample:		900.8 time, 880.3 real, 13168.7 MB
[runlim] sample:		910.9 time, 890.3 real, 13170.7 MB
[runlim] sample:		921.0 time, 900.3 real, 13172.7 MB
[runlim] sample:		931.0 time, 910.3 real, 13172.7 MB
[runlim] sample:		941.1 time, 920.3 real, 13174.7 MB
[runlim] sample:		951.3 time, 930.3 real, 13176.7 MB
[runlim] sample:		961.3 time, 940.3 real, 13176.7 MB
[runlim] sample:		971.4 time, 950.3 real, 13178.7 MB
[runlim] sample:		981.4 time, 960.3 real, 13178.7 MB
[runlim] sample:		991.5 time, 970.3 real, 13180.7 MB
[runlim] sample:		1001.6 time, 980.3 real, 13182.7 MB
[runlim] sample:		1011.7 time, 990.3 real, 13182.7 MB
[runlim] sample:		1021.8 time, 1000.3 real, 13186.7 MB
[runlim] sample:		1031.8 time, 1010.3 real, 13186.7 MB
[runlim] sample:		1041.9 time, 1020.3 real, 13190.7 MB
[runlim] sample:		1052.0 time, 1030.3 real, 13190.7 MB
[runlim] sample:		1062.1 time, 1040.3 real, 13196.7 MB
[runlim] sample:		1072.2 time, 1050.3 real, 13196.7 MB
[runlim] sample:		1082.3 time, 1060.3 real, 13198.7 MB
[runlim] sample:		1092.3 time, 1070.3 real, 13198.7 MB
[runlim] sample:		1102.4 time, 1080.3 real, 13202.8 MB
[runlim] sample:		1112.5 time, 1090.3 real, 13202.8 MB
[runlim] sample:		1122.6 time, 1100.3 real, 13204.9 MB
[runlim] sample:		1132.6 time, 1110.3 real, 13204.9 MB
[runlim] sample:		1142.8 time, 1120.3 real, 13208.9 MB
[runlim] sample:		1152.8 time, 1130.3 real, 13208.9 MB
[runlim] sample:		1162.9 time, 1140.3 real, 13212.9 MB
[runlim] sample:		1173.0 time, 1150.3 real, 13212.9 MB
[runlim] sample:		1183.0 time, 1160.3 real, 13212.9 MB
[runlim] sample:		1193.1 time, 1170.3 real, 13222.9 MB
[runlim] sample:		1203.2 time, 1180.3 real, 13222.9 MB
[runlim] sample:		1213.3 time, 1190.3 real, 13226.9 MB
[runlim] sample:		1223.3 time, 1200.3 real, 13226.9 MB
[runlim] sample:		1233.3 time, 1210.3 real, 13226.9 MB
[runlim] sample:		1243.5 time, 1220.3 real, 13231.0 MB
[runlim] sample:		1253.6 time, 1230.3 real, 13231.0 MB
[runlim] sample:		1263.8 time, 1240.3 real, 13233.0 MB
[runlim] sample:		1273.8 time, 1250.3 real, 13233.0 MB
[runlim] sample:		1284.0 time, 1260.3 real, 13235.0 MB
[runlim] sample:		1294.0 time, 1270.3 real, 13235.0 MB
[runlim] sample:		1304.1 time, 1280.3 real, 13243.0 MB
[runlim] sample:		1314.2 time, 1290.3 real, 13243.0 MB
[runlim] sample:		1324.2 time, 1300.3 real, 13243.0 MB
[runlim] sample:		1334.3 time, 1310.3 real, 13249.0 MB
[runlim] sample:		1344.3 time, 1320.3 real, 13249.0 MB
[runlim] sample:		1354.4 time, 1330.3 real, 13249.0 MB
[runlim] sample:		1364.5 time, 1340.3 real, 13255.0 MB
[runlim] sample:		1374.6 time, 1350.3 real, 13255.0 MB
[runlim] sample:		1384.7 time, 1360.3 real, 13259.0 MB
[runlim] sample:		1394.7 time, 1370.3 real, 13259.0 MB
[runlim] sample:		1404.8 time, 1380.3 real, 13259.0 MB
[runlim] sample:		1415.0 time, 1390.3 real, 13263.0 MB
[runlim] sample:		1425.0 time, 1400.3 real, 13263.0 MB
[runlim] sample:		1435.0 time, 1410.3 real, 13263.0 MB
[runlim] sample:		1445.2 time, 1420.3 real, 13267.0 MB
[runlim] sample:		1455.2 time, 1430.3 real, 13267.0 MB
[runlim] sample:		1465.2 time, 1440.3 real, 13267.0 MB
[runlim] sample:		1475.4 time, 1450.3 real, 13269.0 MB
[runlim] sample:		1485.4 time, 1460.3 real, 13269.0 MB
[runlim] sample:		1495.4 time, 1470.3 real, 13269.0 MB
[runlim] sample:		1505.6 time, 1480.3 real, 13271.0 MB
[runlim] sample:		1515.6 time, 1490.3 real, 13271.0 MB
[runlim] sample:		1525.7 time, 1500.3 real, 13271.0 MB
[runlim] sample:		1535.8 time, 1510.3 real, 13279.0 MB
[runlim] sample:		1545.9 time, 1520.3 real, 13279.0 MB
[runlim] sample:		1555.9 time, 1530.3 real, 13279.0 MB
[runlim] sample:		1566.1 time, 1540.3 real, 13291.0 MB
[runlim] sample:		1576.1 time, 1550.3 real, 13291.0 MB
[runlim] sample:		1586.1 time, 1560.3 real, 13291.0 MB
[runlim] sample:		1596.1 time, 1570.3 real, 13291.0 MB
[runlim] sample:		1606.3 time, 1580.3 real, 13299.0 MB
[runlim] sample:		1616.3 time, 1590.3 real, 13299.0 MB
[runlim] sample:		1626.4 time, 1600.3 real, 13299.0 MB
[runlim] sample:		1636.6 time, 1610.3 real, 13307.0 MB
[runlim] sample:		1646.6 time, 1620.3 real, 13307.0 MB
[runlim] sample:		1656.6 time, 1630.3 real, 13307.0 MB
[runlim] sample:		1666.8 time, 1640.3 real, 13315.0 MB
[runlim] sample:		1676.9 time, 1650.3 real, 13315.0 MB
[runlim] sample:		1686.9 time, 1660.3 real, 13315.0 MB
[runlim] sample:		1697.2 time, 1670.3 real, 13319.1 MB
[runlim] sample:		1707.2 time, 1680.3 real, 13319.1 MB
[runlim] sample:		1717.4 time, 1690.3 real, 13323.1 MB
[runlim] sample:		1727.4 time, 1700.3 real, 13323.1 MB
[runlim] sample:		1737.5 time, 1710.3 real, 13323.1 MB
[runlim] sample:		1747.7 time, 1720.3 real, 13327.3 MB
[runlim] sample:		1757.8 time, 1730.3 real, 13327.3 MB
[runlim] sample:		1767.8 time, 1740.3 real, 13327.3 MB
[runlim] sample:		1777.8 time, 1750.3 real, 13327.3 MB
[runlim] sample:		1788.0 time, 1760.3 real, 13337.3 MB
[runlim] sample:		1798.0 time, 1770.3 real, 13337.3 MB
[runlim] end:			Wed Feb  5 19:25:58 2020
[runlim] status:		out of time
[runlim] result:		1
[runlim] children:		17722
[runlim] real:			1772.42 seconds
[runlim] time:			1800.10 seconds
[runlim] space:			13337.3 MB
[runlim] samples:		17721
