[runlim] version:		1.8
[runlim] time limit:		1800 seconds
[runlim] real time limit:	3600 seconds
[runlim] space limit:		32768 MB
[runlim] argv[0]:		/home/cril/wallon/new-cdcl/divide/start.sh
[runlim] argv[1]:		/data/PB/PB06/SATUNSAT-SMALLINT/submitted-PB05/aloul/FPGA_SAT05/normalized-fpga25_23_sat_pb.cnf.cr.opb.bz2
[runlim] argv[2]:		/home/cril/wallon/new-cdcl/divide/results/data_PB_PB06_SATUNSAT_SMALLINT_submitted_PB05_aloul_FPGA_SAT05_normalized_fpga25_23_sat_pb.cnf.cr.opb.bz2
[runlim] start:			Wed Feb  5 18:54:06 2020
[runlim] main pid:		183936
[runlim] sample:		16.5 time, 10.9 real, 1227.2 MB
[runlim] sample:		27.1 time, 20.9 real, 1327.4 MB
[runlim] sample:		37.5 time, 30.9 real, 1553.5 MB
[runlim] sample:		48.1 time, 40.9 real, 2095.5 MB
[runlim] sample:		59.9 time, 50.9 real, 2705.6 MB
[runlim] sample:		70.5 time, 60.9 real, 2719.7 MB
[runlim] sample:		82.3 time, 70.9 real, 2728.0 MB
[runlim] sample:		92.8 time, 80.9 real, 2734.0 MB
[runlim] sample:		103.1 time, 90.9 real, 2748.2 MB
[runlim] sample:		113.3 time, 100.9 real, 2750.2 MB
[runlim] sample:		123.8 time, 110.9 real, 2978.2 MB
[runlim] sample:		133.8 time, 120.9 real, 4048.2 MB
[runlim] sample:		144.1 time, 130.9 real, 5102.3 MB
[runlim] sample:		154.4 time, 140.9 real, 5186.5 MB
[runlim] sample:		164.7 time, 150.9 real, 5270.6 MB
[runlim] sample:		174.7 time, 160.9 real, 5270.8 MB
[runlim] sample:		185.2 time, 170.9 real, 5441.5 MB
[runlim] sample:		195.6 time, 180.9 real, 5596.3 MB
[runlim] sample:		205.7 time, 190.9 real, 5596.3 MB
[runlim] sample:		216.1 time, 200.9 real, 5698.3 MB
[runlim] sample:		226.5 time, 210.9 real, 5796.3 MB
[runlim] sample:		236.5 time, 220.9 real, 5796.3 MB
[runlim] sample:		246.9 time, 230.9 real, 7158.6 MB
[runlim] sample:		257.0 time, 240.9 real, 7158.6 MB
[runlim] sample:		267.4 time, 250.9 real, 7436.6 MB
[runlim] sample:		277.4 time, 260.9 real, 7436.6 MB
[runlim] sample:		287.8 time, 270.9 real, 7548.6 MB
[runlim] sample:		297.8 time, 280.9 real, 7548.6 MB
[runlim] sample:		308.2 time, 290.9 real, 7726.6 MB
[runlim] sample:		318.3 time, 300.9 real, 7726.6 MB
[runlim] sample:		328.3 time, 310.9 real, 7764.6 MB
[runlim] sample:		339.1 time, 320.9 real, 10709.6 MB
[runlim] sample:		349.3 time, 330.9 real, 10709.6 MB
[runlim] sample:		359.4 time, 340.9 real, 10709.6 MB
[runlim] sample:		369.4 time, 350.9 real, 10715.6 MB
[runlim] sample:		379.8 time, 360.9 real, 10859.6 MB
[runlim] sample:		389.8 time, 370.9 real, 10859.6 MB
[runlim] sample:		399.8 time, 380.9 real, 10859.6 MB
[runlim] sample:		410.2 time, 390.9 real, 11595.7 MB
[runlim] sample:		420.3 time, 400.9 real, 11595.7 MB
[runlim] sample:		430.3 time, 410.9 real, 11595.7 MB
[runlim] sample:		440.7 time, 420.9 real, 11683.7 MB
[runlim] sample:		450.7 time, 430.9 real, 11683.7 MB
[runlim] sample:		460.8 time, 440.9 real, 11683.7 MB
[runlim] sample:		470.8 time, 450.9 real, 11683.7 MB
[runlim] sample:		481.3 time, 460.9 real, 11965.7 MB
[runlim] sample:		491.3 time, 470.9 real, 11965.7 MB
[runlim] sample:		501.3 time, 480.9 real, 11965.7 MB
[runlim] sample:		511.8 time, 490.9 real, 12731.8 MB
[runlim] sample:		521.8 time, 500.9 real, 12731.8 MB
[runlim] sample:		531.8 time, 510.9 real, 12731.8 MB
[runlim] sample:		541.9 time, 520.9 real, 12731.8 MB
[runlim] sample:		552.2 time, 530.9 real, 12743.8 MB
[runlim] sample:		562.2 time, 540.9 real, 12743.8 MB
[runlim] sample:		572.3 time, 550.9 real, 12743.8 MB
[runlim] sample:		582.3 time, 560.9 real, 12743.8 MB
[runlim] sample:		592.7 time, 570.9 real, 12753.8 MB
[runlim] sample:		602.7 time, 580.9 real, 12753.8 MB
[runlim] sample:		612.8 time, 590.9 real, 12753.8 MB
[runlim] sample:		622.8 time, 600.9 real, 12753.8 MB
[runlim] sample:		633.2 time, 610.9 real, 12759.8 MB
[runlim] sample:		643.2 time, 620.9 real, 12759.8 MB
[runlim] sample:		653.2 time, 630.9 real, 12759.8 MB
[runlim] sample:		663.6 time, 640.9 real, 12769.8 MB
[runlim] sample:		673.7 time, 650.9 real, 12769.8 MB
[runlim] sample:		683.7 time, 660.9 real, 12769.8 MB
[runlim] sample:		693.7 time, 670.9 real, 12769.8 MB
[runlim] sample:		704.1 time, 680.9 real, 12777.8 MB
[runlim] sample:		714.2 time, 690.9 real, 12777.8 MB
[runlim] sample:		724.2 time, 700.9 real, 12777.8 MB
[runlim] sample:		734.2 time, 710.9 real, 12777.8 MB
[runlim] sample:		744.6 time, 720.9 real, 12785.9 MB
[runlim] sample:		754.7 time, 730.9 real, 12785.9 MB
[runlim] sample:		764.7 time, 740.9 real, 12785.9 MB
[runlim] sample:		774.7 time, 750.9 real, 12785.9 MB
[runlim] sample:		785.1 time, 760.9 real, 12795.9 MB
[runlim] sample:		795.2 time, 770.9 real, 12795.9 MB
[runlim] sample:		805.2 time, 780.9 real, 12795.9 MB
[runlim] sample:		815.6 time, 790.9 real, 12805.9 MB
[runlim] sample:		825.7 time, 800.9 real, 12805.9 MB
[runlim] sample:		835.8 time, 810.9 real, 12805.9 MB
[runlim] sample:		845.9 time, 820.9 real, 12805.9 MB
[runlim] sample:		856.3 time, 830.9 real, 12811.9 MB
[runlim] sample:		866.3 time, 840.9 real, 12811.9 MB
[runlim] sample:		876.3 time, 850.9 real, 12811.9 MB
[runlim] sample:		886.5 time, 860.9 real, 12811.9 MB
[runlim] sample:		896.9 time, 870.9 real, 12821.9 MB
[runlim] sample:		906.9 time, 880.9 real, 12821.9 MB
[runlim] sample:		917.0 time, 890.9 real, 12821.9 MB
[runlim] sample:		927.0 time, 900.9 real, 12821.9 MB
[runlim] sample:		937.4 time, 910.9 real, 12833.9 MB
[runlim] sample:		947.5 time, 920.9 real, 12833.9 MB
[runlim] sample:		957.5 time, 930.9 real, 12833.9 MB
[runlim] sample:		967.9 time, 940.9 real, 12843.9 MB
[runlim] sample:		978.0 time, 950.9 real, 12843.9 MB
[runlim] sample:		988.5 time, 960.9 real, 12853.9 MB
[runlim] sample:		998.6 time, 970.9 real, 12854.0 MB
[runlim] sample:		1008.6 time, 980.9 real, 12854.0 MB
[runlim] sample:		1019.0 time, 990.9 real, 12866.0 MB
[runlim] sample:		1029.2 time, 1000.9 real, 12866.0 MB
[runlim] sample:		1039.6 time, 1010.9 real, 12876.1 MB
[runlim] sample:		1049.6 time, 1020.9 real, 12876.1 MB
[runlim] sample:		1059.7 time, 1030.9 real, 12876.1 MB
[runlim] sample:		1070.1 time, 1040.9 real, 12884.1 MB
[runlim] sample:		1080.1 time, 1050.9 real, 12884.1 MB
[runlim] sample:		1090.6 time, 1060.9 real, 12894.1 MB
[runlim] sample:		1100.6 time, 1070.9 real, 12894.1 MB
[runlim] sample:		1110.7 time, 1080.9 real, 12894.1 MB
[runlim] sample:		1121.2 time, 1090.9 real, 12902.2 MB
[runlim] sample:		1131.2 time, 1100.9 real, 12902.2 MB
[runlim] sample:		1141.7 time, 1110.9 real, 12910.2 MB
[runlim] sample:		1151.7 time, 1120.9 real, 12910.2 MB
[runlim] sample:		1161.8 time, 1130.9 real, 12910.2 MB
[runlim] sample:		1172.2 time, 1140.9 real, 12918.2 MB
[runlim] sample:		1182.4 time, 1150.9 real, 12918.2 MB
[runlim] sample:		1192.4 time, 1160.9 real, 12918.2 MB
[runlim] sample:		1203.2 time, 1170.9 real, 12926.5 MB
[runlim] sample:		1213.5 time, 1180.9 real, 12927.9 MB
[runlim] sample:		1224.6 time, 1190.9 real, 12938.5 MB
[runlim] sample:		1235.7 time, 1200.9 real, 12950.0 MB
[runlim] sample:		1246.7 time, 1210.9 real, 12956.0 MB
[runlim] sample:		1257.7 time, 1220.9 real, 12962.1 MB
[runlim] sample:		1268.6 time, 1230.9 real, 12968.1 MB
[runlim] sample:		1279.6 time, 1240.9 real, 12969.3 MB
[runlim] sample:		1292.6 time, 1250.9 real, 12985.3 MB
[runlim] sample:		1309.2 time, 1260.9 real, 13001.3 MB
[runlim] sample:		1328.5 time, 1270.9 real, 13013.9 MB
[runlim] sample:		1345.3 time, 1280.9 real, 13024.2 MB
[runlim] sample:		1362.1 time, 1290.9 real, 13036.3 MB
[runlim] sample:		1378.7 time, 1300.9 real, 13041.2 MB
[runlim] sample:		1394.9 time, 1310.9 real, 13048.9 MB
[runlim] sample:		1410.8 time, 1320.9 real, 13049.3 MB
[runlim] sample:		1428.7 time, 1330.9 real, 13057.8 MB
[runlim] sample:		1445.0 time, 1340.9 real, 13060.0 MB
[runlim] sample:		1461.7 time, 1350.9 real, 13064.5 MB
[runlim] sample:		1478.8 time, 1360.9 real, 13067.5 MB
[runlim] sample:		1496.6 time, 1370.9 real, 13069.3 MB
[runlim] sample:		1513.9 time, 1380.9 real, 13069.5 MB
[runlim] sample:		1531.8 time, 1390.9 real, 13072.6 MB
[runlim] sample:		1549.8 time, 1400.9 real, 13072.6 MB
[runlim] sample:		1566.7 time, 1410.9 real, 13074.0 MB
[runlim] sample:		1583.5 time, 1420.9 real, 13075.2 MB
[runlim] sample:		1600.8 time, 1430.9 real, 13077.3 MB
[runlim] sample:		1618.7 time, 1440.9 real, 13079.7 MB
[runlim] sample:		1636.7 time, 1450.9 real, 13079.7 MB
[runlim] sample:		1653.8 time, 1460.9 real, 13080.0 MB
[runlim] sample:		1670.8 time, 1470.9 real, 13082.0 MB
[runlim] sample:		1686.9 time, 1480.9 real, 13082.0 MB
[runlim] sample:		1704.2 time, 1490.9 real, 13082.1 MB
[runlim] sample:		1721.2 time, 1500.9 real, 13084.6 MB
[runlim] sample:		1735.3 time, 1510.9 real, 13084.7 MB
[runlim] sample:		1752.3 time, 1520.9 real, 13086.7 MB
[runlim] sample:		1769.0 time, 1530.9 real, 13088.9 MB
[runlim] sample:		1786.8 time, 1540.9 real, 13088.9 MB
[runlim] end:			Wed Feb  5 19:19:54 2020
[runlim] status:		out of time
[runlim] result:		1
[runlim] children:		15479
[runlim] real:			1548.86 seconds
[runlim] time:			1800.14 seconds
[runlim] space:			13091.6 MB
[runlim] samples:		15479
