[runlim] version:		1.8
[runlim] time limit:		1800 seconds
[runlim] real time limit:	3600 seconds
[runlim] space limit:		32768 MB
[runlim] argv[0]:		/home/cril/wallon/new-cdcl/weaken-to-clash/start.sh
[runlim] argv[1]:		/data/PB/PB06/SATUNSAT-SMALLINT/submitted-PB05/aloul/FPGA_SAT05/normalized-fpga40_40_sat_pb.cnf.cr.opb.bz2
[runlim] argv[2]:		/home/cril/wallon/new-cdcl/weaken-to-clash/results/data_PB_PB06_SATUNSAT_SMALLINT_submitted_PB05_aloul_FPGA_SAT05_normalized_fpga40_40_sat_pb.cnf.cr.opb.bz2
[runlim] start:			Sat Feb  8 20:54:17 2020
[runlim] main pid:		78118
[runlim] sample:		16.2 time, 10.6 real, 1231.5 MB
[runlim] sample:		26.8 time, 20.6 real, 1293.8 MB
[runlim] sample:		37.5 time, 30.6 real, 1494.0 MB
[runlim] sample:		47.7 time, 40.6 real, 3986.0 MB
[runlim] sample:		58.0 time, 50.6 real, 4076.0 MB
[runlim] sample:		68.3 time, 60.6 real, 4350.1 MB
[runlim] sample:		78.6 time, 70.6 real, 4360.2 MB
[runlim] sample:		89.1 time, 80.6 real, 4368.4 MB
[runlim] sample:		99.3 time, 90.6 real, 4372.5 MB
[runlim] sample:		109.6 time, 100.6 real, 4376.5 MB
[runlim] sample:		120.0 time, 110.6 real, 4382.5 MB
[runlim] sample:		130.2 time, 120.6 real, 4386.5 MB
[runlim] sample:		140.5 time, 130.6 real, 4394.6 MB
[runlim] end:			Sat Feb  8 20:56:32 2020
[runlim] status:		ok
[runlim] result:		0
[runlim] children:		1354
[runlim] real:			135.92 seconds
[runlim] time:			145.99 seconds
[runlim] space:			4395.1 MB
[runlim] samples:		1352
