[runlim] version:		1.8
[runlim] time limit:		1800 seconds
[runlim] real time limit:	3600 seconds
[runlim] space limit:		32768 MB
[runlim] argv[0]:		/home/cril/wallon/new-cdcl/weaken-to-clash/start.sh
[runlim] argv[1]:		/data/PB/PB06/SATUNSAT-SMALLINT/submitted-PB05/aloul/FPGA_SAT05/normalized-fpga20_18_sat_pb.cnf.cr.opb.bz2
[runlim] argv[2]:		/home/cril/wallon/new-cdcl/weaken-to-clash/results/data_PB_PB06_SATUNSAT_SMALLINT_submitted_PB05_aloul_FPGA_SAT05_normalized_fpga20_18_sat_pb.cnf.cr.opb.bz2
[runlim] start:			Sat Feb  8 20:53:09 2020
[runlim] main pid:		51985
[runlim] sample:		13.2 time, 10.5 real, 1495.4 MB
[runlim] sample:		23.7 time, 20.5 real, 2761.8 MB
[runlim] sample:		34.0 time, 30.5 real, 3011.5 MB
[runlim] sample:		44.3 time, 40.5 real, 3745.6 MB
[runlim] sample:		54.7 time, 50.5 real, 5381.1 MB
[runlim] sample:		64.9 time, 60.5 real, 9863.5 MB
[runlim] sample:		75.1 time, 70.5 real, 12565.7 MB
[runlim] sample:		85.2 time, 80.5 real, 12571.4 MB
[runlim] sample:		95.3 time, 90.5 real, 12573.4 MB
[runlim] sample:		105.5 time, 100.5 real, 12577.4 MB
[runlim] sample:		115.5 time, 110.5 real, 12577.4 MB
[runlim] sample:		125.7 time, 120.5 real, 12593.4 MB
[runlim] sample:		135.7 time, 130.5 real, 12593.4 MB
[runlim] sample:		145.7 time, 140.5 real, 12593.4 MB
[runlim] sample:		155.9 time, 150.5 real, 12603.4 MB
[runlim] sample:		165.9 time, 160.5 real, 12603.4 MB
[runlim] sample:		176.1 time, 170.5 real, 12607.4 MB
[runlim] sample:		186.1 time, 180.5 real, 12607.4 MB
[runlim] sample:		196.1 time, 190.5 real, 12607.5 MB
[runlim] sample:		206.3 time, 200.5 real, 12611.6 MB
[runlim] sample:		216.3 time, 210.5 real, 12611.6 MB
[runlim] sample:		226.5 time, 220.5 real, 12621.7 MB
[runlim] sample:		236.5 time, 230.5 real, 12621.7 MB
[runlim] sample:		246.6 time, 240.5 real, 12621.7 MB
[runlim] sample:		256.8 time, 250.5 real, 12621.7 MB
[runlim] sample:		266.8 time, 260.5 real, 12621.7 MB
[runlim] sample:		276.8 time, 270.5 real, 12621.7 MB
[runlim] sample:		287.0 time, 280.5 real, 12631.7 MB
[runlim] sample:		297.0 time, 290.5 real, 12631.7 MB
[runlim] sample:		307.5 time, 300.5 real, 12646.9 MB
[runlim] sample:		321.0 time, 310.5 real, 12732.4 MB
[runlim] sample:		334.8 time, 320.5 real, 12741.4 MB
[runlim] sample:		347.8 time, 330.5 real, 12749.5 MB
[runlim] sample:		359.6 time, 340.5 real, 12761.5 MB
[runlim] sample:		370.0 time, 350.5 real, 12775.6 MB
[runlim] sample:		381.1 time, 360.5 real, 12789.6 MB
[runlim] sample:		392.3 time, 370.5 real, 12795.6 MB
[runlim] sample:		408.8 time, 380.5 real, 12813.6 MB
[runlim] sample:		423.2 time, 390.5 real, 12820.5 MB
[runlim] sample:		435.5 time, 400.5 real, 12822.5 MB
[runlim] sample:		446.8 time, 410.5 real, 12824.7 MB
[runlim] sample:		457.2 time, 420.5 real, 12826.7 MB
[runlim] sample:		467.5 time, 430.5 real, 12826.7 MB
[runlim] sample:		477.7 time, 440.5 real, 12830.7 MB
[runlim] sample:		487.9 time, 450.5 real, 12834.8 MB
[runlim] sample:		498.0 time, 460.5 real, 12836.8 MB
[runlim] sample:		508.1 time, 470.5 real, 12838.8 MB
[runlim] sample:		518.2 time, 480.5 real, 12838.8 MB
[runlim] sample:		528.3 time, 490.5 real, 12840.8 MB
[runlim] sample:		538.5 time, 500.5 real, 12842.8 MB
[runlim] sample:		548.6 time, 510.5 real, 12844.8 MB
[runlim] sample:		558.7 time, 520.5 real, 12850.8 MB
[runlim] sample:		568.8 time, 530.5 real, 12854.8 MB
[runlim] sample:		578.9 time, 540.5 real, 12856.8 MB
[runlim] sample:		589.0 time, 550.5 real, 12858.8 MB
[runlim] sample:		599.0 time, 560.5 real, 12858.8 MB
[runlim] sample:		609.1 time, 570.5 real, 12860.8 MB
[runlim] sample:		619.2 time, 580.5 real, 12862.8 MB
[runlim] sample:		629.3 time, 590.5 real, 12866.8 MB
[runlim] sample:		639.3 time, 600.5 real, 12866.8 MB
[runlim] sample:		649.4 time, 610.5 real, 12868.8 MB
[runlim] sample:		659.5 time, 620.5 real, 12870.8 MB
[runlim] sample:		669.5 time, 630.5 real, 12870.8 MB
[runlim] sample:		679.6 time, 640.5 real, 12874.8 MB
[runlim] sample:		689.7 time, 650.5 real, 12876.8 MB
[runlim] sample:		699.8 time, 660.5 real, 12876.8 MB
[runlim] sample:		709.9 time, 670.5 real, 12880.9 MB
[runlim] sample:		719.9 time, 680.5 real, 12880.9 MB
[runlim] sample:		730.0 time, 690.5 real, 12882.9 MB
[runlim] sample:		740.0 time, 700.5 real, 12882.9 MB
[runlim] sample:		750.1 time, 710.5 real, 12884.9 MB
[runlim] sample:		760.3 time, 720.5 real, 12886.9 MB
[runlim] sample:		770.3 time, 730.5 real, 12886.9 MB
[runlim] sample:		780.4 time, 740.5 real, 12888.9 MB
[runlim] sample:		790.4 time, 750.5 real, 12888.9 MB
[runlim] sample:		800.6 time, 760.5 real, 12890.9 MB
[runlim] sample:		810.8 time, 770.5 real, 12892.9 MB
[runlim] sample:		820.8 time, 780.5 real, 12892.9 MB
[runlim] sample:		831.0 time, 790.5 real, 12896.9 MB
[runlim] sample:		841.0 time, 800.5 real, 12896.9 MB
[runlim] sample:		851.3 time, 810.5 real, 12898.9 MB
[runlim] sample:		861.3 time, 820.5 real, 12898.9 MB
[runlim] sample:		871.6 time, 830.5 real, 12900.9 MB
[runlim] sample:		881.6 time, 840.5 real, 12900.9 MB
[runlim] sample:		891.9 time, 850.5 real, 12903.0 MB
[runlim] sample:		901.9 time, 860.5 real, 12903.0 MB
[runlim] sample:		912.0 time, 870.5 real, 12903.0 MB
[runlim] sample:		922.2 time, 880.5 real, 12905.0 MB
[runlim] sample:		932.2 time, 890.5 real, 12905.0 MB
[runlim] sample:		942.5 time, 900.5 real, 12909.0 MB
[runlim] sample:		952.5 time, 910.5 real, 12909.0 MB
[runlim] sample:		962.5 time, 920.5 real, 12909.0 MB
[runlim] sample:		972.8 time, 930.5 real, 12911.0 MB
[runlim] sample:		982.8 time, 940.5 real, 12911.0 MB
[runlim] sample:		993.1 time, 950.5 real, 12915.0 MB
[runlim] sample:		1003.1 time, 960.5 real, 12915.0 MB
[runlim] sample:		1013.1 time, 970.5 real, 12915.0 MB
[runlim] sample:		1023.4 time, 980.5 real, 12917.0 MB
[runlim] sample:		1033.4 time, 990.5 real, 12917.0 MB
[runlim] sample:		1043.7 time, 1000.5 real, 12921.0 MB
[runlim] sample:		1053.7 time, 1010.5 real, 12921.0 MB
[runlim] sample:		1063.7 time, 1020.5 real, 12921.0 MB
[runlim] sample:		1074.0 time, 1030.5 real, 12923.1 MB
[runlim] sample:		1084.0 time, 1040.5 real, 12923.1 MB
[runlim] sample:		1094.2 time, 1050.5 real, 12927.1 MB
[runlim] sample:		1104.3 time, 1060.5 real, 12927.1 MB
[runlim] sample:		1114.3 time, 1070.5 real, 12927.1 MB
[runlim] sample:		1124.6 time, 1080.5 real, 12947.1 MB
[runlim] sample:		1134.6 time, 1090.5 real, 12947.1 MB
[runlim] sample:		1144.6 time, 1100.5 real, 12947.1 MB
[runlim] sample:		1154.9 time, 1110.5 real, 12971.1 MB
[runlim] sample:		1164.9 time, 1120.5 real, 12971.1 MB
[runlim] sample:		1174.9 time, 1130.5 real, 12971.1 MB
[runlim] sample:		1185.2 time, 1140.5 real, 12997.1 MB
[runlim] sample:		1195.2 time, 1150.5 real, 12997.1 MB
[runlim] sample:		1205.2 time, 1160.5 real, 12997.1 MB
[runlim] sample:		1215.4 time, 1170.5 real, 13031.1 MB
[runlim] sample:		1225.4 time, 1180.5 real, 13031.1 MB
[runlim] sample:		1235.5 time, 1190.5 real, 13031.1 MB
[runlim] sample:		1245.6 time, 1200.5 real, 13067.1 MB
[runlim] sample:		1255.6 time, 1210.5 real, 13067.1 MB
[runlim] sample:		1265.7 time, 1220.5 real, 13067.1 MB
[runlim] sample:		1275.8 time, 1230.5 real, 13091.1 MB
[runlim] sample:		1285.8 time, 1240.5 real, 13091.1 MB
[runlim] sample:		1295.9 time, 1250.5 real, 13091.7 MB
[runlim] sample:		1306.1 time, 1260.5 real, 13095.7 MB
[runlim] sample:		1316.1 time, 1270.5 real, 13095.7 MB
[runlim] sample:		1326.2 time, 1280.5 real, 13095.7 MB
[runlim] sample:		1336.3 time, 1290.5 real, 13103.7 MB
[runlim] sample:		1346.3 time, 1300.5 real, 13103.7 MB
[runlim] sample:		1356.3 time, 1310.5 real, 13103.7 MB
[runlim] sample:		1366.5 time, 1320.5 real, 13105.7 MB
[runlim] sample:		1376.5 time, 1330.5 real, 13105.7 MB
[runlim] sample:		1386.5 time, 1340.5 real, 13105.7 MB
[runlim] sample:		1396.8 time, 1350.5 real, 13107.7 MB
[runlim] sample:		1406.8 time, 1360.5 real, 13107.7 MB
[runlim] sample:		1416.8 time, 1370.5 real, 13107.7 MB
[runlim] sample:		1427.0 time, 1380.5 real, 13111.7 MB
[runlim] sample:		1437.1 time, 1390.5 real, 13111.7 MB
[runlim] sample:		1447.1 time, 1400.5 real, 13111.7 MB
[runlim] sample:		1457.3 time, 1410.5 real, 13111.8 MB
[runlim] sample:		1467.3 time, 1420.5 real, 13111.8 MB
[runlim] sample:		1477.3 time, 1430.5 real, 13111.8 MB
[runlim] sample:		1487.6 time, 1440.5 real, 13113.8 MB
[runlim] sample:		1497.6 time, 1450.5 real, 13113.8 MB
[runlim] sample:		1507.6 time, 1460.5 real, 13113.8 MB
[runlim] sample:		1517.6 time, 1470.5 real, 13113.8 MB
[runlim] sample:		1527.8 time, 1480.5 real, 13115.8 MB
[runlim] sample:		1537.9 time, 1490.5 real, 13115.8 MB
[runlim] sample:		1547.9 time, 1500.5 real, 13115.8 MB
[runlim] sample:		1558.1 time, 1510.5 real, 13119.8 MB
[runlim] sample:		1568.1 time, 1520.5 real, 13119.8 MB
[runlim] sample:		1578.2 time, 1530.5 real, 13119.8 MB
[runlim] sample:		1588.4 time, 1540.5 real, 13121.8 MB
[runlim] sample:		1598.4 time, 1550.5 real, 13121.8 MB
[runlim] sample:		1608.4 time, 1560.5 real, 13121.8 MB
[runlim] sample:		1618.5 time, 1570.5 real, 13121.8 MB
[runlim] sample:		1628.7 time, 1580.5 real, 13125.8 MB
[runlim] sample:		1638.7 time, 1590.5 real, 13125.8 MB
[runlim] sample:		1648.8 time, 1600.5 real, 13125.8 MB
[runlim] sample:		1658.8 time, 1610.5 real, 13125.8 MB
[runlim] sample:		1669.0 time, 1620.5 real, 13127.8 MB
[runlim] sample:		1679.0 time, 1630.5 real, 13127.8 MB
[runlim] sample:		1689.1 time, 1640.5 real, 13127.8 MB
[runlim] sample:		1699.3 time, 1650.5 real, 13129.8 MB
[runlim] sample:		1709.3 time, 1660.5 real, 13129.8 MB
[runlim] sample:		1719.3 time, 1670.5 real, 13129.8 MB
[runlim] sample:		1729.4 time, 1680.5 real, 13129.8 MB
[runlim] sample:		1739.6 time, 1690.5 real, 13131.8 MB
[runlim] sample:		1749.6 time, 1700.5 real, 13131.8 MB
[runlim] sample:		1759.6 time, 1710.5 real, 13131.8 MB
[runlim] sample:		1769.9 time, 1720.5 real, 13135.8 MB
[runlim] sample:		1779.9 time, 1730.5 real, 13135.8 MB
[runlim] sample:		1789.9 time, 1740.5 real, 13135.8 MB
[runlim] sample:		1799.9 time, 1750.5 real, 13135.8 MB
[runlim] end:			Sat Feb  8 21:22:19 2020
[runlim] status:		out of time
[runlim] result:		1
[runlim] children:		17501
[runlim] real:			1750.63 seconds
[runlim] time:			1800.04 seconds
[runlim] space:			13135.8 MB
[runlim] samples:		17501
