[runlim] version:		1.8
[runlim] time limit:		1800 seconds
[runlim] real time limit:	3600 seconds
[runlim] space limit:		32768 MB
[runlim] argv[0]:		/home/cril/wallon/new-cdcl/weaken-to-clash/start.sh
[runlim] argv[1]:		/data/PB/PB06/SATUNSAT-SMALLINT/submitted-PB05/aloul/FPGA_SAT05/normalized-fpga25_23_sat_pb.cnf.cr.opb.bz2
[runlim] argv[2]:		/home/cril/wallon/new-cdcl/weaken-to-clash/results/data_PB_PB06_SATUNSAT_SMALLINT_submitted_PB05_aloul_FPGA_SAT05_normalized_fpga25_23_sat_pb.cnf.cr.opb.bz2
[runlim] start:			Sat Feb  8 20:50:51 2020
[runlim] main pid:		29309
[runlim] sample:		13.2 time, 10.6 real, 1245.2 MB
[runlim] sample:		23.6 time, 20.6 real, 1540.9 MB
[runlim] sample:		33.8 time, 30.6 real, 4748.9 MB
[runlim] sample:		43.9 time, 40.6 real, 8955.1 MB
[runlim] sample:		53.9 time, 50.6 real, 8957.1 MB
[runlim] sample:		64.2 time, 60.6 real, 9130.6 MB
[runlim] sample:		74.2 time, 70.6 real, 9130.7 MB
[runlim] sample:		84.4 time, 80.6 real, 9338.3 MB
[runlim] sample:		94.4 time, 90.6 real, 9564.3 MB
[runlim] sample:		104.6 time, 100.6 real, 9728.3 MB
[runlim] sample:		114.8 time, 110.6 real, 9858.3 MB
[runlim] sample:		124.8 time, 120.6 real, 9858.3 MB
[runlim] sample:		134.9 time, 130.6 real, 9858.3 MB
[runlim] sample:		145.1 time, 140.6 real, 10526.3 MB
[runlim] sample:		155.4 time, 150.6 real, 10526.4 MB
[runlim] sample:		165.6 time, 160.6 real, 10792.5 MB
[runlim] sample:		175.6 time, 170.6 real, 10792.6 MB
[runlim] sample:		185.7 time, 180.6 real, 10792.6 MB
[runlim] sample:		195.9 time, 190.6 real, 11392.7 MB
[runlim] sample:		205.9 time, 200.6 real, 11392.7 MB
[runlim] sample:		215.9 time, 210.6 real, 11558.7 MB
[runlim] sample:		226.1 time, 220.6 real, 12352.7 MB
[runlim] sample:		236.1 time, 230.6 real, 12352.7 MB
[runlim] sample:		246.2 time, 240.6 real, 12354.7 MB
[runlim] sample:		256.4 time, 250.6 real, 12536.7 MB
[runlim] sample:		266.4 time, 260.6 real, 12536.7 MB
[runlim] sample:		276.4 time, 270.6 real, 12536.7 MB
[runlim] sample:		286.6 time, 280.6 real, 12646.7 MB
[runlim] sample:		296.6 time, 290.6 real, 12646.7 MB
[runlim] sample:		306.7 time, 300.6 real, 12646.8 MB
[runlim] sample:		317.1 time, 310.6 real, 12659.7 MB
[runlim] sample:		327.1 time, 320.6 real, 12659.7 MB
[runlim] sample:		337.1 time, 330.6 real, 12659.7 MB
[runlim] sample:		347.3 time, 340.6 real, 12669.7 MB
[runlim] sample:		357.3 time, 350.6 real, 12669.7 MB
[runlim] sample:		367.4 time, 360.6 real, 12669.7 MB
[runlim] sample:		377.6 time, 370.6 real, 12679.7 MB
[runlim] sample:		387.6 time, 380.6 real, 12679.7 MB
[runlim] sample:		397.6 time, 390.6 real, 12679.7 MB
[runlim] sample:		407.9 time, 400.6 real, 12689.8 MB
[runlim] sample:		417.9 time, 410.6 real, 12689.8 MB
[runlim] sample:		427.9 time, 420.6 real, 12689.8 MB
[runlim] sample:		438.1 time, 430.6 real, 12703.8 MB
[runlim] sample:		448.2 time, 440.6 real, 12703.8 MB
[runlim] sample:		458.2 time, 450.6 real, 12703.8 MB
[runlim] sample:		468.2 time, 460.6 real, 12703.8 MB
[runlim] sample:		478.5 time, 470.6 real, 12720.0 MB
[runlim] sample:		488.6 time, 480.6 real, 12722.0 MB
[runlim] sample:		499.2 time, 490.6 real, 12736.5 MB
[runlim] sample:		509.7 time, 500.6 real, 12750.8 MB
[runlim] sample:		521.0 time, 510.6 real, 12782.4 MB
[runlim] sample:		533.4 time, 520.6 real, 12803.4 MB
[runlim] sample:		545.9 time, 530.6 real, 12826.3 MB
[runlim] sample:		558.4 time, 540.6 real, 12840.1 MB
[runlim] sample:		571.0 time, 550.6 real, 12852.9 MB
[runlim] sample:		583.8 time, 560.6 real, 12867.2 MB
[runlim] sample:		596.5 time, 570.6 real, 12882.4 MB
[runlim] sample:		608.7 time, 580.6 real, 12893.2 MB
[runlim] sample:		620.5 time, 590.6 real, 12902.9 MB
[runlim] sample:		631.9 time, 600.6 real, 12911.1 MB
[runlim] sample:		643.3 time, 610.6 real, 12919.2 MB
[runlim] sample:		654.5 time, 620.6 real, 12921.2 MB
[runlim] sample:		665.1 time, 630.6 real, 12921.2 MB
[runlim] sample:		675.7 time, 640.6 real, 12923.2 MB
[runlim] sample:		685.8 time, 650.6 real, 12925.2 MB
[runlim] sample:		696.1 time, 660.6 real, 12927.2 MB
[runlim] sample:		706.3 time, 670.6 real, 12927.2 MB
[runlim] sample:		716.5 time, 680.6 real, 12927.2 MB
[runlim] sample:		726.6 time, 690.6 real, 12929.2 MB
[runlim] sample:		736.6 time, 700.6 real, 12929.2 MB
[runlim] sample:		746.8 time, 710.6 real, 12929.2 MB
[runlim] sample:		756.8 time, 720.6 real, 12929.2 MB
[runlim] sample:		766.9 time, 730.6 real, 12931.2 MB
[runlim] sample:		777.1 time, 740.6 real, 12931.3 MB
[runlim] sample:		787.1 time, 750.6 real, 12931.3 MB
[runlim] sample:		797.2 time, 760.6 real, 12933.3 MB
[runlim] sample:		807.2 time, 770.6 real, 12933.3 MB
[runlim] sample:		817.3 time, 780.6 real, 12935.3 MB
[runlim] sample:		827.4 time, 790.6 real, 12937.3 MB
[runlim] sample:		837.4 time, 800.6 real, 12937.3 MB
[runlim] sample:		847.5 time, 810.6 real, 12939.3 MB
[runlim] sample:		857.5 time, 820.6 real, 12939.3 MB
[runlim] sample:		867.6 time, 830.6 real, 12943.3 MB
[runlim] sample:		877.6 time, 840.6 real, 12943.3 MB
[runlim] sample:		887.7 time, 850.6 real, 12947.3 MB
[runlim] sample:		897.7 time, 860.6 real, 12947.4 MB
[runlim] sample:		907.8 time, 870.6 real, 12949.4 MB
[runlim] sample:		917.8 time, 880.6 real, 12949.4 MB
[runlim] sample:		927.9 time, 890.6 real, 12951.4 MB
[runlim] sample:		938.0 time, 900.6 real, 12951.4 MB
[runlim] sample:		948.0 time, 910.6 real, 12953.4 MB
[runlim] sample:		958.1 time, 920.6 real, 12953.4 MB
[runlim] sample:		968.2 time, 930.6 real, 12955.4 MB
[runlim] sample:		978.2 time, 940.6 real, 12955.4 MB
[runlim] sample:		988.3 time, 950.6 real, 12957.4 MB
[runlim] sample:		998.3 time, 960.6 real, 12957.4 MB
[runlim] sample:		1008.3 time, 970.6 real, 12957.4 MB
[runlim] sample:		1018.4 time, 980.6 real, 12961.4 MB
[runlim] sample:		1028.5 time, 990.6 real, 12961.4 MB
[runlim] sample:		1038.6 time, 1000.6 real, 12963.4 MB
[runlim] sample:		1048.6 time, 1010.6 real, 12958.8 MB
[runlim] sample:		1058.7 time, 1020.6 real, 12962.8 MB
[runlim] sample:		1068.7 time, 1030.6 real, 12962.8 MB
[runlim] sample:		1078.8 time, 1040.6 real, 12962.8 MB
[runlim] sample:		1088.9 time, 1050.6 real, 12964.8 MB
[runlim] sample:		1098.9 time, 1060.6 real, 12964.8 MB
[runlim] sample:		1109.0 time, 1070.6 real, 12966.8 MB
[runlim] sample:		1119.0 time, 1080.6 real, 12966.8 MB
[runlim] sample:		1129.0 time, 1090.6 real, 12966.8 MB
[runlim] sample:		1139.2 time, 1100.6 real, 12968.8 MB
[runlim] sample:		1149.2 time, 1110.6 real, 12968.8 MB
[runlim] sample:		1159.3 time, 1120.6 real, 12970.8 MB
[runlim] sample:		1169.4 time, 1130.6 real, 12970.8 MB
[runlim] sample:		1179.4 time, 1140.6 real, 12970.9 MB
[runlim] sample:		1189.5 time, 1150.6 real, 12972.9 MB
[runlim] sample:		1199.5 time, 1160.6 real, 12972.9 MB
[runlim] sample:		1209.5 time, 1170.6 real, 12972.9 MB
[runlim] sample:		1219.7 time, 1180.6 real, 12974.9 MB
[runlim] sample:		1229.7 time, 1190.6 real, 12974.9 MB
[runlim] sample:		1239.7 time, 1200.6 real, 12974.9 MB
[runlim] sample:		1249.9 time, 1210.6 real, 12976.9 MB
[runlim] sample:		1259.9 time, 1220.6 real, 12976.9 MB
[runlim] sample:		1270.0 time, 1230.6 real, 12976.9 MB
[runlim] sample:		1280.1 time, 1240.6 real, 12980.9 MB
[runlim] sample:		1290.2 time, 1250.6 real, 12980.9 MB
[runlim] sample:		1300.4 time, 1260.6 real, 12982.9 MB
[runlim] sample:		1310.4 time, 1270.6 real, 12982.9 MB
[runlim] sample:		1320.4 time, 1280.6 real, 12982.9 MB
[runlim] sample:		1330.4 time, 1290.6 real, 12982.9 MB
[runlim] sample:		1340.6 time, 1300.6 real, 12985.0 MB
[runlim] sample:		1350.6 time, 1310.6 real, 12985.0 MB
[runlim] sample:		1360.6 time, 1320.6 real, 12985.0 MB
[runlim] sample:		1370.8 time, 1330.6 real, 12989.0 MB
[runlim] sample:		1380.8 time, 1340.6 real, 12989.0 MB
[runlim] sample:		1390.8 time, 1350.6 real, 12989.1 MB
[runlim] sample:		1401.0 time, 1360.6 real, 12993.1 MB
[runlim] sample:		1411.0 time, 1370.6 real, 12993.1 MB
[runlim] sample:		1421.0 time, 1380.6 real, 12993.1 MB
[runlim] sample:		1431.2 time, 1390.6 real, 12995.1 MB
[runlim] sample:		1441.2 time, 1400.6 real, 12995.1 MB
[runlim] sample:		1451.2 time, 1410.6 real, 12995.1 MB
[runlim] sample:		1461.4 time, 1420.6 real, 12999.1 MB
[runlim] sample:		1471.4 time, 1430.6 real, 12999.1 MB
[runlim] sample:		1481.4 time, 1440.6 real, 12999.1 MB
[runlim] sample:		1491.6 time, 1450.6 real, 13005.1 MB
[runlim] sample:		1501.6 time, 1460.6 real, 13005.1 MB
[runlim] sample:		1511.6 time, 1470.6 real, 13005.1 MB
[runlim] sample:		1521.7 time, 1480.6 real, 13005.1 MB
[runlim] sample:		1531.8 time, 1490.6 real, 13011.2 MB
[runlim] sample:		1541.8 time, 1500.6 real, 13011.2 MB
[runlim] sample:		1551.8 time, 1510.6 real, 13011.2 MB
[runlim] sample:		1562.0 time, 1520.6 real, 13019.2 MB
[runlim] sample:		1572.0 time, 1530.6 real, 13019.2 MB
[runlim] sample:		1582.1 time, 1540.6 real, 13019.2 MB
[runlim] sample:		1592.1 time, 1550.6 real, 13019.2 MB
[runlim] sample:		1602.3 time, 1560.6 real, 13027.2 MB
[runlim] sample:		1612.3 time, 1570.6 real, 13027.2 MB
[runlim] sample:		1622.3 time, 1580.6 real, 13027.2 MB
[runlim] sample:		1632.5 time, 1590.6 real, 13033.2 MB
[runlim] sample:		1642.5 time, 1600.6 real, 13033.2 MB
[runlim] sample:		1652.5 time, 1610.6 real, 13033.2 MB
[runlim] sample:		1662.5 time, 1620.6 real, 13033.2 MB
[runlim] sample:		1672.7 time, 1630.6 real, 13039.2 MB
[runlim] sample:		1682.7 time, 1640.6 real, 13039.2 MB
[runlim] sample:		1692.7 time, 1650.6 real, 13039.2 MB
[runlim] sample:		1703.2 time, 1660.6 real, 13044.0 MB
[runlim] sample:		1713.6 time, 1670.6 real, 13062.0 MB
[runlim] sample:		1723.6 time, 1680.6 real, 13052.3 MB
[runlim] sample:		1733.7 time, 1690.6 real, 13052.3 MB
[runlim] sample:		1743.7 time, 1700.6 real, 13052.3 MB
[runlim] sample:		1753.8 time, 1710.6 real, 13058.3 MB
[runlim] sample:		1763.8 time, 1720.6 real, 13058.3 MB
[runlim] sample:		1773.9 time, 1730.6 real, 13058.3 MB
[runlim] sample:		1783.9 time, 1740.6 real, 13058.3 MB
[runlim] sample:		1794.0 time, 1750.6 real, 13062.3 MB
[runlim] end:			Sat Feb  8 21:20:07 2020
[runlim] status:		out of time
[runlim] result:		1
[runlim] children:		17560
[runlim] real:			1756.60 seconds
[runlim] time:			1800.05 seconds
[runlim] space:			13062.3 MB
[runlim] samples:		17560
