[runlim] version:		1.8
[runlim] time limit:		1800 seconds
[runlim] real time limit:	3600 seconds
[runlim] space limit:		32768 MB
[runlim] argv[0]:		/home/cril/wallon/new-cdcl/weaken-to-clash/start.sh
[runlim] argv[1]:		/data/PB/PB06/SATUNSAT-SMALLINT/submitted-PB06/liu/vdw/normalized-vdw_k5_l4_n750.opb.bz2
[runlim] argv[2]:		/home/cril/wallon/new-cdcl/weaken-to-clash/results/data_PB_PB06_SATUNSAT_SMALLINT_submitted_PB06_liu_vdw_normalized_vdw_k5_l4_n750.opb.bz2
[runlim] start:			Sat Feb  8 19:20:41 2020
[runlim] main pid:		162329
[runlim] sample:		16.7 time, 10.7 real, 1246.6 MB
[runlim] sample:		27.9 time, 20.7 real, 1298.8 MB
[runlim] sample:		38.8 time, 30.7 real, 1697.8 MB
[runlim] sample:		51.0 time, 40.7 real, 6534.0 MB
[runlim] sample:		61.1 time, 50.7 real, 11201.5 MB
[runlim] sample:		71.5 time, 60.7 real, 12580.7 MB
[runlim] sample:		81.8 time, 70.7 real, 12582.8 MB
[runlim] sample:		91.8 time, 80.7 real, 12582.9 MB
[runlim] sample:		102.1 time, 90.7 real, 12582.9 MB
[runlim] sample:		112.3 time, 100.7 real, 12582.9 MB
[runlim] sample:		122.4 time, 110.7 real, 12582.9 MB
[runlim] sample:		132.7 time, 120.7 real, 12582.9 MB
[runlim] sample:		142.7 time, 130.7 real, 12582.9 MB
[runlim] sample:		153.0 time, 140.7 real, 12596.9 MB
[runlim] sample:		163.1 time, 150.7 real, 12596.9 MB
[runlim] sample:		173.4 time, 160.7 real, 12605.1 MB
[runlim] sample:		183.4 time, 170.7 real, 12605.1 MB
[runlim] sample:		194.0 time, 180.7 real, 12609.1 MB
[runlim] sample:		204.3 time, 190.7 real, 12613.2 MB
[runlim] sample:		214.4 time, 200.7 real, 12613.2 MB
[runlim] sample:		224.8 time, 210.7 real, 12617.4 MB
[runlim] sample:		235.2 time, 220.7 real, 12620.1 MB
[runlim] sample:		245.6 time, 230.7 real, 12624.1 MB
[runlim] sample:		255.7 time, 240.7 real, 12624.1 MB
[runlim] sample:		266.1 time, 250.7 real, 12628.8 MB
[runlim] sample:		276.2 time, 260.7 real, 12628.8 MB
[runlim] sample:		286.3 time, 270.7 real, 12628.8 MB
[runlim] sample:		296.7 time, 280.7 real, 12630.8 MB
[runlim] sample:		306.7 time, 290.7 real, 12630.8 MB
[runlim] sample:		317.1 time, 300.7 real, 12631.0 MB
[runlim] sample:		327.2 time, 310.7 real, 12631.0 MB
[runlim] sample:		337.6 time, 320.7 real, 12635.0 MB
[runlim] sample:		347.6 time, 330.7 real, 12635.0 MB
[runlim] sample:		358.0 time, 340.7 real, 12653.0 MB
[runlim] sample:		368.1 time, 350.7 real, 12653.0 MB
[runlim] sample:		378.1 time, 360.7 real, 12653.0 MB
[runlim] sample:		388.5 time, 370.7 real, 12663.0 MB
[runlim] sample:		398.5 time, 380.7 real, 12663.0 MB
[runlim] sample:		408.9 time, 390.7 real, 12669.0 MB
[runlim] sample:		418.9 time, 400.7 real, 12669.0 MB
[runlim] sample:		429.0 time, 410.7 real, 12669.0 MB
[runlim] sample:		439.4 time, 420.7 real, 12687.0 MB
[runlim] sample:		449.5 time, 430.7 real, 12687.1 MB
[runlim] sample:		459.9 time, 440.7 real, 12693.1 MB
[runlim] sample:		469.9 time, 450.7 real, 12693.1 MB
[runlim] sample:		479.9 time, 460.7 real, 12693.1 MB
[runlim] sample:		490.4 time, 470.7 real, 12699.1 MB
[runlim] sample:		500.4 time, 480.7 real, 12699.1 MB
[runlim] sample:		510.8 time, 490.7 real, 12707.1 MB
[runlim] sample:		520.8 time, 500.7 real, 12707.1 MB
[runlim] sample:		530.9 time, 510.7 real, 12707.1 MB
[runlim] sample:		541.2 time, 520.7 real, 12713.1 MB
[runlim] sample:		551.3 time, 530.7 real, 12713.1 MB
[runlim] sample:		561.3 time, 540.7 real, 12713.2 MB
[runlim] sample:		571.8 time, 550.7 real, 12723.2 MB
[runlim] sample:		581.8 time, 560.7 real, 12723.2 MB
[runlim] sample:		591.8 time, 570.7 real, 12723.2 MB
[runlim] sample:		602.2 time, 580.7 real, 12733.2 MB
[runlim] sample:		612.2 time, 590.7 real, 12733.2 MB
[runlim] sample:		622.6 time, 600.7 real, 12743.3 MB
[runlim] sample:		632.6 time, 610.7 real, 12743.3 MB
[runlim] sample:		642.7 time, 620.7 real, 12743.3 MB
[runlim] sample:		653.0 time, 630.7 real, 12759.3 MB
[runlim] sample:		663.1 time, 640.7 real, 12759.3 MB
[runlim] sample:		673.1 time, 650.7 real, 12759.3 MB
[runlim] sample:		683.4 time, 660.7 real, 12765.3 MB
[runlim] sample:		693.5 time, 670.7 real, 12765.3 MB
[runlim] sample:		703.5 time, 680.7 real, 12765.3 MB
[runlim] sample:		713.8 time, 690.7 real, 12769.4 MB
[runlim] sample:		723.9 time, 700.7 real, 12769.4 MB
[runlim] sample:		733.9 time, 710.7 real, 12769.4 MB
[runlim] sample:		744.3 time, 720.7 real, 12773.4 MB
[runlim] sample:		754.3 time, 730.7 real, 12773.4 MB
[runlim] sample:		764.4 time, 740.7 real, 12773.4 MB
[runlim] sample:		774.8 time, 750.7 real, 12779.4 MB
[runlim] sample:		784.8 time, 760.7 real, 12779.4 MB
[runlim] sample:		794.9 time, 770.7 real, 12779.4 MB
[runlim] sample:		805.3 time, 780.7 real, 12785.4 MB
[runlim] sample:		815.3 time, 790.7 real, 12785.4 MB
[runlim] sample:		825.3 time, 800.7 real, 12785.4 MB
[runlim] sample:		835.7 time, 810.7 real, 12791.5 MB
[runlim] sample:		845.7 time, 820.7 real, 12791.5 MB
[runlim] sample:		855.7 time, 830.7 real, 12791.5 MB
[runlim] sample:		866.0 time, 840.7 real, 12799.5 MB
[runlim] sample:		876.1 time, 850.7 real, 12799.5 MB
[runlim] sample:		886.1 time, 860.7 real, 12799.5 MB
[runlim] sample:		896.4 time, 870.7 real, 12809.5 MB
[runlim] sample:		906.5 time, 880.7 real, 12809.5 MB
[runlim] sample:		916.5 time, 890.7 real, 12809.5 MB
[runlim] sample:		926.8 time, 900.7 real, 12819.5 MB
[runlim] sample:		936.8 time, 910.7 real, 12819.5 MB
[runlim] sample:		946.9 time, 920.7 real, 12819.5 MB
[runlim] sample:		957.1 time, 930.7 real, 12825.5 MB
[runlim] sample:		967.2 time, 940.7 real, 12825.5 MB
[runlim] sample:		977.2 time, 950.7 real, 12825.5 MB
[runlim] sample:		987.5 time, 960.7 real, 12831.5 MB
[runlim] sample:		997.5 time, 970.7 real, 12831.5 MB
[runlim] sample:		1007.6 time, 980.7 real, 12831.5 MB
[runlim] sample:		1017.9 time, 990.7 real, 12839.6 MB
[runlim] sample:		1027.9 time, 1000.7 real, 12839.6 MB
[runlim] sample:		1037.9 time, 1010.7 real, 12839.6 MB
[runlim] sample:		1048.2 time, 1020.7 real, 12841.6 MB
[runlim] sample:		1058.2 time, 1030.7 real, 12841.6 MB
[runlim] sample:		1068.2 time, 1040.7 real, 12841.6 MB
[runlim] sample:		1078.6 time, 1050.7 real, 12845.6 MB
[runlim] sample:		1088.6 time, 1060.7 real, 12845.6 MB
[runlim] sample:		1098.7 time, 1070.7 real, 12845.7 MB
[runlim] sample:		1108.9 time, 1080.7 real, 12855.7 MB
[runlim] sample:		1118.9 time, 1090.7 real, 12855.7 MB
[runlim] sample:		1129.3 time, 1100.7 real, 12863.7 MB
[runlim] sample:		1139.3 time, 1110.7 real, 12863.7 MB
[runlim] sample:		1149.6 time, 1120.7 real, 12873.7 MB
[runlim] sample:		1159.6 time, 1130.7 real, 12873.7 MB
[runlim] sample:		1169.8 time, 1140.7 real, 12885.7 MB
[runlim] sample:		1179.8 time, 1150.7 real, 12885.7 MB
[runlim] sample:		1189.9 time, 1160.7 real, 12885.7 MB
[runlim] sample:		1200.1 time, 1170.7 real, 12893.7 MB
[runlim] sample:		1210.2 time, 1180.7 real, 12893.7 MB
[runlim] sample:		1220.4 time, 1190.7 real, 12899.7 MB
[runlim] sample:		1230.4 time, 1200.7 real, 12899.7 MB
[runlim] sample:		1240.6 time, 1210.7 real, 12901.7 MB
[runlim] sample:		1250.7 time, 1220.7 real, 12901.7 MB
[runlim] sample:		1260.7 time, 1230.7 real, 12901.7 MB
[runlim] sample:		1270.9 time, 1240.7 real, 12903.7 MB
[runlim] sample:		1281.0 time, 1250.7 real, 12903.7 MB
[runlim] sample:		1291.2 time, 1260.7 real, 12905.7 MB
[runlim] sample:		1301.3 time, 1270.7 real, 12905.7 MB
[runlim] sample:		1311.3 time, 1280.7 real, 12905.7 MB
[runlim] sample:		1321.6 time, 1290.7 real, 12911.7 MB
[runlim] sample:		1332.1 time, 1300.7 real, 12913.8 MB
[runlim] sample:		1342.4 time, 1310.7 real, 12917.8 MB
[runlim] sample:		1352.6 time, 1320.7 real, 12921.8 MB
[runlim] sample:		1362.8 time, 1330.7 real, 12925.8 MB
[runlim] sample:		1373.0 time, 1340.7 real, 12929.8 MB
[runlim] sample:		1383.2 time, 1350.7 real, 12933.8 MB
[runlim] sample:		1393.5 time, 1360.7 real, 12937.8 MB
[runlim] sample:		1403.7 time, 1370.7 real, 12941.8 MB
[runlim] sample:		1413.9 time, 1380.7 real, 12943.8 MB
[runlim] sample:		1424.1 time, 1390.7 real, 12945.8 MB
[runlim] sample:		1434.1 time, 1400.7 real, 12945.8 MB
[runlim] sample:		1444.4 time, 1410.7 real, 12951.8 MB
[runlim] sample:		1454.7 time, 1420.7 real, 12961.8 MB
[runlim] sample:		1464.9 time, 1430.7 real, 12971.8 MB
[runlim] sample:		1475.0 time, 1440.7 real, 12971.8 MB
[runlim] sample:		1485.2 time, 1450.7 real, 12977.8 MB
[runlim] sample:		1495.5 time, 1460.7 real, 12981.8 MB
[runlim] sample:		1505.5 time, 1470.7 real, 12981.8 MB
[runlim] sample:		1515.7 time, 1480.7 real, 12983.9 MB
[runlim] sample:		1525.9 time, 1490.7 real, 12985.9 MB
[runlim] sample:		1536.2 time, 1500.7 real, 12985.9 MB
[runlim] sample:		1546.3 time, 1510.7 real, 12986.2 MB
[runlim] sample:		1556.5 time, 1520.7 real, 12986.2 MB
[runlim] sample:		1566.9 time, 1530.7 real, 12988.4 MB
[runlim] sample:		1576.9 time, 1540.7 real, 12988.4 MB
[runlim] sample:		1587.2 time, 1550.7 real, 12988.4 MB
[runlim] sample:		1597.5 time, 1560.7 real, 12990.4 MB
[runlim] sample:		1607.5 time, 1570.7 real, 12990.4 MB
[runlim] sample:		1617.8 time, 1580.7 real, 12992.4 MB
[runlim] sample:		1628.1 time, 1590.7 real, 12992.4 MB
[runlim] sample:		1638.2 time, 1600.7 real, 12992.4 MB
[runlim] sample:		1648.6 time, 1610.7 real, 12994.4 MB
[runlim] sample:		1658.9 time, 1620.7 real, 12994.4 MB
[runlim] sample:		1669.2 time, 1630.7 real, 12998.4 MB
[runlim] sample:		1679.5 time, 1640.7 real, 12998.4 MB
[runlim] sample:		1689.7 time, 1650.7 real, 12998.4 MB
[runlim] sample:		1700.0 time, 1660.7 real, 13004.4 MB
[runlim] sample:		1710.3 time, 1670.7 real, 13010.4 MB
[runlim] sample:		1720.4 time, 1680.7 real, 13010.4 MB
[runlim] sample:		1730.7 time, 1690.7 real, 13014.4 MB
[runlim] sample:		1740.8 time, 1700.7 real, 13014.4 MB
[runlim] sample:		1751.1 time, 1710.7 real, 13018.4 MB
[runlim] sample:		1761.2 time, 1720.7 real, 13018.4 MB
[runlim] sample:		1771.5 time, 1730.7 real, 13020.4 MB
[runlim] sample:		1781.8 time, 1740.7 real, 13024.5 MB
[runlim] sample:		1791.9 time, 1750.7 real, 13024.5 MB
[runlim] end:			Sat Feb  8 19:49:59 2020
[runlim] status:		out of time
[runlim] result:		1
[runlim] children:		17604
[runlim] real:			1758.52 seconds
[runlim] time:			1800.07 seconds
[runlim] space:			13034.5 MB
[runlim] samples:		17578
