[runlim] version:		1.8
[runlim] time limit:		1800 seconds
[runlim] real time limit:	3600 seconds
[runlim] space limit:		32768 MB
[runlim] argv[0]:		/home/cril/wallon/new-cdcl/weaken-to-clash/start.sh
[runlim] argv[1]:		/data/PB/PB11/DEC-SMALLINT-LIN/heinz/normalized-neos-849702.opb.bz2
[runlim] argv[2]:		/home/cril/wallon/new-cdcl/weaken-to-clash/results/data_PB_PB11_DEC_SMALLINT_LIN_heinz_normalized_neos_849702.opb.bz2
[runlim] start:			Sat Feb  8 23:59:46 2020
[runlim] main pid:		93589
[runlim] sample:		14.5 time, 10.1 real, 1292.1 MB
[runlim] sample:		25.1 time, 20.1 real, 1328.4 MB
[runlim] sample:		36.0 time, 30.1 real, 2124.1 MB
[runlim] sample:		46.2 time, 40.1 real, 3484.7 MB
[runlim] sample:		56.4 time, 50.1 real, 5656.9 MB
[runlim] sample:		66.6 time, 60.1 real, 5793.0 MB
[runlim] sample:		76.7 time, 70.1 real, 5793.4 MB
[runlim] sample:		87.0 time, 80.1 real, 5985.5 MB
[runlim] sample:		97.3 time, 90.1 real, 6089.5 MB
[runlim] sample:		107.6 time, 100.1 real, 6241.5 MB
[runlim] sample:		117.7 time, 110.1 real, 6241.5 MB
[runlim] sample:		128.0 time, 120.1 real, 6523.6 MB
[runlim] sample:		138.0 time, 130.1 real, 6653.6 MB
[runlim] sample:		148.4 time, 140.1 real, 7351.6 MB
[runlim] sample:		158.8 time, 150.1 real, 7977.7 MB
[runlim] sample:		168.8 time, 160.1 real, 7977.7 MB
[runlim] sample:		179.2 time, 170.1 real, 8059.7 MB
[runlim] sample:		189.2 time, 180.1 real, 8059.7 MB
[runlim] sample:		199.6 time, 190.1 real, 8173.7 MB
[runlim] sample:		209.6 time, 200.1 real, 8173.7 MB
[runlim] sample:		219.6 time, 210.1 real, 8293.7 MB
[runlim] sample:		230.1 time, 220.1 real, 8851.7 MB
[runlim] sample:		240.1 time, 230.1 real, 8851.7 MB
[runlim] sample:		250.5 time, 240.1 real, 8955.7 MB
[runlim] sample:		260.5 time, 250.1 real, 8955.7 MB
[runlim] sample:		271.0 time, 260.1 real, 9133.7 MB
[runlim] sample:		281.0 time, 270.1 real, 9133.7 MB
[runlim] sample:		291.0 time, 280.1 real, 9821.7 MB
[runlim] sample:		301.5 time, 290.1 real, 12931.8 MB
[runlim] sample:		311.5 time, 300.1 real, 12931.8 MB
[runlim] sample:		321.5 time, 310.1 real, 12931.8 MB
[runlim] sample:		331.6 time, 320.1 real, 12937.8 MB
[runlim] sample:		342.0 time, 330.1 real, 12961.9 MB
[runlim] sample:		352.0 time, 340.1 real, 12961.9 MB
[runlim] sample:		362.1 time, 350.1 real, 12961.9 MB
[runlim] sample:		372.6 time, 360.1 real, 12989.9 MB
[runlim] sample:		382.6 time, 370.1 real, 12989.9 MB
[runlim] sample:		392.6 time, 380.1 real, 12989.9 MB
[runlim] sample:		403.1 time, 390.1 real, 13023.9 MB
[runlim] sample:		413.1 time, 400.1 real, 13023.9 MB
[runlim] sample:		423.1 time, 410.1 real, 13023.9 MB
[runlim] sample:		433.1 time, 420.1 real, 13023.9 MB
[runlim] sample:		443.6 time, 430.1 real, 13054.1 MB
[runlim] sample:		453.6 time, 440.1 real, 13054.1 MB
[runlim] sample:		463.7 time, 450.1 real, 13054.3 MB
[runlim] sample:		474.2 time, 460.1 real, 13082.3 MB
[runlim] sample:		484.2 time, 470.1 real, 13082.4 MB
[runlim] sample:		494.7 time, 480.1 real, 13096.4 MB
[runlim] sample:		504.7 time, 490.1 real, 13096.4 MB
[runlim] sample:		515.2 time, 500.1 real, 13117.0 MB
[runlim] sample:		528.6 time, 510.1 real, 13409.0 MB
[runlim] sample:		541.3 time, 520.1 real, 13409.5 MB
[runlim] sample:		553.4 time, 530.1 real, 13409.7 MB
[runlim] sample:		565.1 time, 540.1 real, 13409.9 MB
[runlim] sample:		576.2 time, 550.1 real, 13409.9 MB
[runlim] sample:		586.9 time, 560.1 real, 13409.9 MB
[runlim] sample:		597.4 time, 570.1 real, 13410.0 MB
[runlim] sample:		607.6 time, 580.1 real, 13410.0 MB
[runlim] sample:		618.0 time, 590.1 real, 13410.0 MB
[runlim] sample:		628.3 time, 600.1 real, 13410.0 MB
[runlim] sample:		638.7 time, 610.1 real, 13436.0 MB
[runlim] sample:		648.9 time, 620.1 real, 13450.0 MB
[runlim] sample:		659.0 time, 630.1 real, 13450.0 MB
[runlim] sample:		669.3 time, 640.1 real, 13462.0 MB
[runlim] sample:		679.5 time, 650.1 real, 13468.1 MB
[runlim] sample:		689.5 time, 660.1 real, 13468.1 MB
[runlim] sample:		699.7 time, 670.1 real, 13470.1 MB
[runlim] sample:		709.8 time, 680.1 real, 13472.1 MB
[runlim] sample:		719.9 time, 690.1 real, 13472.1 MB
[runlim] sample:		730.0 time, 700.1 real, 13476.1 MB
[runlim] sample:		740.2 time, 710.1 real, 13482.1 MB
[runlim] sample:		750.2 time, 720.1 real, 13482.1 MB
[runlim] sample:		760.5 time, 730.1 real, 13486.2 MB
[runlim] sample:		770.5 time, 740.1 real, 13486.2 MB
[runlim] sample:		780.7 time, 750.1 real, 13492.2 MB
[runlim] sample:		790.9 time, 760.1 real, 13498.2 MB
[runlim] sample:		800.9 time, 770.1 real, 13498.2 MB
[runlim] sample:		811.2 time, 780.1 real, 13504.2 MB
[runlim] sample:		821.2 time, 790.1 real, 13504.2 MB
[runlim] sample:		831.5 time, 800.1 real, 13508.2 MB
[runlim] sample:		841.5 time, 810.1 real, 13508.2 MB
[runlim] sample:		851.8 time, 820.1 real, 13516.2 MB
[runlim] sample:		861.8 time, 830.1 real, 13516.2 MB
[runlim] sample:		872.1 time, 840.1 real, 13522.2 MB
[runlim] sample:		882.1 time, 850.1 real, 13522.2 MB
[runlim] sample:		892.3 time, 860.1 real, 13530.2 MB
[runlim] sample:		902.3 time, 870.1 real, 13530.2 MB
[runlim] sample:		912.6 time, 880.1 real, 13538.2 MB
[runlim] sample:		922.6 time, 890.1 real, 13538.2 MB
[runlim] sample:		932.6 time, 900.1 real, 13538.2 MB
[runlim] sample:		942.9 time, 910.1 real, 13546.2 MB
[runlim] sample:		952.9 time, 920.1 real, 13546.2 MB
[runlim] sample:		963.2 time, 930.1 real, 13554.3 MB
[runlim] sample:		973.2 time, 940.1 real, 13554.3 MB
[runlim] sample:		983.5 time, 950.1 real, 13562.3 MB
[runlim] sample:		993.5 time, 960.1 real, 13562.3 MB
[runlim] sample:		1003.5 time, 970.1 real, 13562.3 MB
[runlim] sample:		1013.8 time, 980.1 real, 13572.3 MB
[runlim] sample:		1024.2 time, 990.1 real, 13582.3 MB
[runlim] sample:		1034.2 time, 1000.1 real, 13582.3 MB
[runlim] sample:		1044.5 time, 1010.1 real, 13590.3 MB
[runlim] sample:		1054.6 time, 1020.1 real, 13590.3 MB
[runlim] sample:		1064.9 time, 1030.1 real, 13602.3 MB
[runlim] sample:		1075.3 time, 1040.1 real, 13616.3 MB
[runlim] sample:		1085.3 time, 1050.1 real, 13616.3 MB
[runlim] sample:		1095.6 time, 1060.1 real, 13630.3 MB
[runlim] sample:		1105.6 time, 1070.1 real, 13630.3 MB
[runlim] sample:		1116.0 time, 1080.1 real, 13646.3 MB
[runlim] sample:		1126.1 time, 1090.1 real, 13646.3 MB
[runlim] sample:		1136.4 time, 1100.1 real, 13654.3 MB
[runlim] sample:		1146.9 time, 1110.1 real, 13662.3 MB
[runlim] sample:		1157.0 time, 1120.1 real, 13662.3 MB
[runlim] sample:		1167.5 time, 1130.1 real, 13670.3 MB
[runlim] sample:		1177.7 time, 1140.1 real, 13670.3 MB
[runlim] sample:		1188.2 time, 1150.1 real, 13682.3 MB
[runlim] sample:		1198.5 time, 1160.1 real, 13690.3 MB
[runlim] sample:		1208.6 time, 1170.1 real, 13690.3 MB
[runlim] sample:		1219.1 time, 1180.1 real, 13702.3 MB
[runlim] sample:		1229.2 time, 1190.1 real, 13702.3 MB
[runlim] sample:		1239.5 time, 1200.1 real, 13716.3 MB
[runlim] sample:		1249.6 time, 1210.1 real, 13716.3 MB
[runlim] sample:		1260.1 time, 1220.1 real, 13730.3 MB
[runlim] sample:		1270.2 time, 1230.1 real, 13730.3 MB
[runlim] sample:		1280.7 time, 1240.1 real, 13754.3 MB
[runlim] sample:		1290.7 time, 1250.1 real, 13754.3 MB
[runlim] sample:		1301.1 time, 1260.1 real, 13764.3 MB
[runlim] sample:		1311.1 time, 1270.1 real, 13764.3 MB
[runlim] sample:		1321.5 time, 1280.1 real, 13774.3 MB
[runlim] sample:		1331.5 time, 1290.1 real, 13774.3 MB
[runlim] sample:		1342.0 time, 1300.1 real, 13780.3 MB
[runlim] sample:		1352.3 time, 1310.1 real, 13780.3 MB
[runlim] sample:		1362.5 time, 1320.1 real, 13780.5 MB
[runlim] sample:		1372.9 time, 1330.1 real, 13790.9 MB
[runlim] sample:		1382.9 time, 1340.1 real, 13790.9 MB
[runlim] sample:		1393.4 time, 1350.1 real, 13800.9 MB
[runlim] sample:		1403.6 time, 1360.1 real, 13800.9 MB
[runlim] sample:		1414.1 time, 1370.1 real, 13812.9 MB
[runlim] sample:		1424.3 time, 1380.1 real, 13812.9 MB
[runlim] sample:		1434.9 time, 1390.1 real, 13823.5 MB
[runlim] sample:		1445.5 time, 1400.1 real, 13823.5 MB
[runlim] sample:		1456.0 time, 1410.1 real, 13824.4 MB
[runlim] sample:		1466.9 time, 1420.1 real, 13833.1 MB
[runlim] sample:		1477.1 time, 1430.1 real, 13833.1 MB
[runlim] sample:		1488.0 time, 1440.1 real, 13839.1 MB
[runlim] sample:		1498.1 time, 1450.1 real, 13839.1 MB
[runlim] sample:		1508.5 time, 1460.1 real, 13841.1 MB
[runlim] sample:		1518.9 time, 1470.1 real, 13841.1 MB
[runlim] sample:		1529.2 time, 1480.1 real, 13841.1 MB
[runlim] sample:		1539.7 time, 1490.1 real, 13845.1 MB
[runlim] sample:		1550.0 time, 1500.1 real, 13845.1 MB
[runlim] sample:		1560.8 time, 1510.1 real, 13851.1 MB
[runlim] sample:		1570.9 time, 1520.1 real, 13851.1 MB
[runlim] sample:		1581.1 time, 1530.1 real, 13851.1 MB
[runlim] sample:		1591.9 time, 1540.1 real, 13855.1 MB
[runlim] sample:		1602.4 time, 1550.1 real, 13855.1 MB
[runlim] sample:		1613.5 time, 1560.1 real, 13861.3 MB
[runlim] sample:		1624.5 time, 1570.1 real, 13861.3 MB
[runlim] sample:		1635.5 time, 1580.1 real, 13862.0 MB
[runlim] sample:		1646.5 time, 1590.1 real, 13866.6 MB
[runlim] sample:		1657.1 time, 1600.1 real, 13867.9 MB
[runlim] sample:		1668.5 time, 1610.1 real, 13875.4 MB
[runlim] sample:		1680.0 time, 1620.1 real, 13875.4 MB
[runlim] sample:		1691.4 time, 1630.1 real, 13879.4 MB
[runlim] sample:		1702.7 time, 1640.1 real, 13891.7 MB
[runlim] sample:		1713.7 time, 1650.1 real, 13891.8 MB
[runlim] sample:		1725.0 time, 1660.1 real, 13897.8 MB
[runlim] sample:		1735.7 time, 1670.1 real, 13897.8 MB
[runlim] sample:		1746.4 time, 1680.1 real, 13897.8 MB
[runlim] sample:		1757.6 time, 1690.1 real, 13901.9 MB
[runlim] sample:		1768.8 time, 1700.1 real, 13901.9 MB
[runlim] sample:		1779.8 time, 1710.1 real, 13901.9 MB
[runlim] sample:		1791.7 time, 1720.1 real, 13910.1 MB
[runlim] end:			Sun Feb  9 00:28:33 2020
[runlim] status:		out of time
[runlim] result:		1
[runlim] children:		17271
[runlim] real:			1727.08 seconds
[runlim] time:			1800.01 seconds
[runlim] space:			13910.1 MB
[runlim] samples:		17270
