[runlim] version:		1.8
[runlim] time limit:		1800 seconds
[runlim] real time limit:	3600 seconds
[runlim] space limit:		32768 MB
[runlim] argv[0]:		/home/cril/wallon/new-cdcl/weaken-to-clash/start.sh
[runlim] argv[1]:		/data/PB/PB06/SATUNSAT-SMALLINT/submitted-PB05/aloul/FPGA_SAT05/normalized-fpga40_39_sat_pb.cnf.cr.opb.bz2
[runlim] argv[2]:		/home/cril/wallon/new-cdcl/weaken-to-clash/results/data_PB_PB06_SATUNSAT_SMALLINT_submitted_PB05_aloul_FPGA_SAT05_normalized_fpga40_39_sat_pb.cnf.cr.opb.bz2
[runlim] start:			Sat Feb  8 20:53:43 2020
[runlim] main pid:		52081
[runlim] sample:		13.2 time, 10.5 real, 1242.2 MB
[runlim] sample:		23.6 time, 20.5 real, 1348.7 MB
[runlim] sample:		34.3 time, 30.5 real, 2412.7 MB
[runlim] sample:		44.7 time, 40.5 real, 4406.7 MB
[runlim] sample:		55.1 time, 50.5 real, 8276.8 MB
[runlim] sample:		65.7 time, 60.5 real, 10683.9 MB
[runlim] sample:		75.7 time, 70.5 real, 10685.2 MB
[runlim] sample:		85.7 time, 80.5 real, 10685.2 MB
[runlim] sample:		96.0 time, 90.5 real, 10849.2 MB
[runlim] sample:		106.0 time, 100.5 real, 10849.2 MB
[runlim] sample:		116.2 time, 110.5 real, 10961.2 MB
[runlim] sample:		126.2 time, 120.5 real, 10961.2 MB
[runlim] sample:		136.2 time, 130.5 real, 10961.2 MB
[runlim] sample:		146.5 time, 140.5 real, 11113.2 MB
[runlim] sample:		156.5 time, 150.5 real, 11113.2 MB
[runlim] sample:		166.5 time, 160.5 real, 11113.2 MB
[runlim] sample:		176.8 time, 170.5 real, 12679.3 MB
[runlim] sample:		186.8 time, 180.5 real, 12679.3 MB
[runlim] sample:		196.8 time, 190.5 real, 12679.4 MB
[runlim] sample:		207.1 time, 200.5 real, 12682.2 MB
[runlim] sample:		217.1 time, 210.5 real, 12682.3 MB
[runlim] sample:		227.1 time, 220.5 real, 12682.3 MB
[runlim] sample:		237.4 time, 230.5 real, 12704.3 MB
[runlim] sample:		247.4 time, 240.5 real, 12704.3 MB
[runlim] sample:		257.4 time, 250.5 real, 12704.3 MB
[runlim] sample:		267.6 time, 260.5 real, 12709.4 MB
[runlim] sample:		277.9 time, 270.5 real, 12717.4 MB
[runlim] sample:		287.9 time, 280.5 real, 12717.4 MB
[runlim] sample:		297.9 time, 290.5 real, 12712.1 MB
[runlim] sample:		308.2 time, 300.5 real, 12734.1 MB
[runlim] sample:		318.2 time, 310.5 real, 12734.1 MB
[runlim] sample:		328.3 time, 320.5 real, 12734.1 MB
[runlim] sample:		338.6 time, 330.5 real, 12746.1 MB
[runlim] sample:		348.6 time, 340.5 real, 12746.1 MB
[runlim] sample:		358.6 time, 350.5 real, 12746.1 MB
[runlim] sample:		368.9 time, 360.5 real, 12760.1 MB
[runlim] sample:		379.0 time, 370.5 real, 12760.1 MB
[runlim] sample:		389.0 time, 380.5 real, 12760.1 MB
[runlim] sample:		399.4 time, 390.5 real, 12796.1 MB
[runlim] sample:		409.4 time, 400.5 real, 12796.1 MB
[runlim] sample:		419.4 time, 410.5 real, 12796.1 MB
[runlim] sample:		429.4 time, 420.5 real, 12796.1 MB
[runlim] sample:		439.8 time, 430.5 real, 12820.1 MB
[runlim] sample:		449.8 time, 440.5 real, 12820.1 MB
[runlim] sample:		459.8 time, 450.5 real, 12820.1 MB
[runlim] sample:		470.2 time, 460.5 real, 12838.1 MB
[runlim] sample:		480.2 time, 470.5 real, 12838.1 MB
[runlim] sample:		490.2 time, 480.5 real, 12838.1 MB
[runlim] sample:		500.6 time, 490.5 real, 12850.1 MB
[runlim] sample:		510.6 time, 500.5 real, 12850.1 MB
[runlim] sample:		520.6 time, 510.5 real, 12850.1 MB
[runlim] sample:		531.1 time, 520.5 real, 12880.1 MB
[runlim] sample:		541.1 time, 530.5 real, 12880.1 MB
[runlim] sample:		551.1 time, 540.5 real, 12880.1 MB
[runlim] sample:		561.1 time, 550.5 real, 12880.2 MB
[runlim] sample:		571.5 time, 560.5 real, 12906.2 MB
[runlim] sample:		581.5 time, 570.5 real, 12906.2 MB
[runlim] sample:		591.5 time, 580.5 real, 12906.2 MB
[runlim] sample:		602.0 time, 590.5 real, 12924.2 MB
[runlim] sample:		612.0 time, 600.5 real, 12924.2 MB
[runlim] sample:		622.0 time, 610.5 real, 12924.2 MB
[runlim] sample:		632.4 time, 620.5 real, 12946.3 MB
[runlim] sample:		642.5 time, 630.5 real, 12946.8 MB
[runlim] sample:		652.5 time, 640.5 real, 12946.8 MB
[runlim] sample:		662.5 time, 650.5 real, 12946.8 MB
[runlim] sample:		672.9 time, 660.5 real, 12968.8 MB
[runlim] sample:		683.0 time, 670.5 real, 12969.0 MB
[runlim] sample:		693.0 time, 680.5 real, 12969.0 MB
[runlim] sample:		703.4 time, 690.5 real, 12989.2 MB
[runlim] sample:		713.4 time, 700.5 real, 12989.2 MB
[runlim] sample:		723.5 time, 710.5 real, 12989.3 MB
[runlim] sample:		733.5 time, 720.5 real, 12989.6 MB
[runlim] sample:		744.0 time, 730.5 real, 13008.1 MB
[runlim] sample:		754.7 time, 740.5 real, 13026.2 MB
[runlim] sample:		765.0 time, 750.5 real, 13027.1 MB
[runlim] sample:		775.6 time, 760.5 real, 13044.4 MB
[runlim] sample:		785.9 time, 770.5 real, 13045.1 MB
[runlim] sample:		796.6 time, 780.5 real, 13065.7 MB
[runlim] sample:		807.0 time, 790.5 real, 13067.8 MB
[runlim] sample:		817.7 time, 800.5 real, 13086.0 MB
[runlim] sample:		828.2 time, 810.5 real, 13087.9 MB
[runlim] sample:		839.0 time, 820.5 real, 13122.1 MB
[runlim] sample:		849.8 time, 830.5 real, 13126.6 MB
[runlim] sample:		861.0 time, 840.5 real, 13165.8 MB
[runlim] sample:		871.7 time, 850.5 real, 13166.9 MB
[runlim] sample:		882.8 time, 860.5 real, 13187.3 MB
[runlim] sample:		893.5 time, 870.5 real, 13187.4 MB
[runlim] sample:		904.6 time, 880.5 real, 13202.2 MB
[runlim] sample:		915.2 time, 890.5 real, 13202.2 MB
[runlim] sample:		926.2 time, 900.5 real, 13218.2 MB
[runlim] sample:		937.0 time, 910.5 real, 13218.2 MB
[runlim] sample:		947.7 time, 920.5 real, 13218.2 MB
[runlim] sample:		958.7 time, 930.5 real, 13238.3 MB
[runlim] sample:		969.3 time, 940.5 real, 13238.3 MB
[runlim] sample:		980.0 time, 950.5 real, 13238.3 MB
[runlim] sample:		990.9 time, 960.5 real, 13266.4 MB
[runlim] sample:		1001.5 time, 970.5 real, 13266.4 MB
[runlim] sample:		1012.6 time, 980.5 real, 13280.5 MB
[runlim] sample:		1023.1 time, 990.5 real, 13280.5 MB
[runlim] sample:		1033.6 time, 1000.5 real, 13280.6 MB
[runlim] sample:		1044.5 time, 1010.5 real, 13288.6 MB
[runlim] sample:		1055.0 time, 1020.5 real, 13288.6 MB
[runlim] sample:		1065.4 time, 1030.5 real, 13288.6 MB
[runlim] sample:		1076.2 time, 1040.5 real, 13298.6 MB
[runlim] sample:		1086.7 time, 1050.5 real, 13298.6 MB
[runlim] sample:		1097.2 time, 1060.5 real, 13298.6 MB
[runlim] sample:		1108.0 time, 1070.5 real, 13310.9 MB
[runlim] sample:		1118.5 time, 1080.5 real, 13310.9 MB
[runlim] sample:		1128.8 time, 1090.5 real, 13310.9 MB
[runlim] sample:		1139.1 time, 1100.5 real, 13310.9 MB
[runlim] sample:		1149.4 time, 1110.5 real, 13312.9 MB
[runlim] sample:		1159.7 time, 1120.5 real, 13312.9 MB
[runlim] sample:		1170.0 time, 1130.5 real, 13312.9 MB
[runlim] sample:		1180.6 time, 1140.5 real, 13317.0 MB
[runlim] sample:		1190.8 time, 1150.5 real, 13317.0 MB
[runlim] sample:		1200.9 time, 1160.5 real, 13317.0 MB
[runlim] sample:		1211.3 time, 1170.5 real, 13323.0 MB
[runlim] sample:		1221.4 time, 1180.5 real, 13323.0 MB
[runlim] sample:		1231.5 time, 1190.5 real, 13323.0 MB
[runlim] sample:		1241.8 time, 1200.5 real, 13329.0 MB
[runlim] sample:		1251.8 time, 1210.5 real, 13329.0 MB
[runlim] sample:		1261.8 time, 1220.5 real, 13329.0 MB
[runlim] sample:		1271.9 time, 1230.5 real, 13329.0 MB
[runlim] sample:		1282.1 time, 1240.5 real, 13335.0 MB
[runlim] sample:		1292.1 time, 1250.5 real, 13335.0 MB
[runlim] sample:		1302.2 time, 1260.5 real, 13335.0 MB
[runlim] sample:		1312.6 time, 1270.5 real, 13339.0 MB
[runlim] sample:		1322.6 time, 1280.5 real, 13339.0 MB
[runlim] sample:		1332.6 time, 1290.5 real, 13339.0 MB
[runlim] sample:		1342.8 time, 1300.5 real, 13345.0 MB
[runlim] sample:		1352.9 time, 1310.5 real, 13345.0 MB
[runlim] sample:		1362.9 time, 1320.5 real, 13345.0 MB
[runlim] sample:		1372.9 time, 1330.5 real, 13345.0 MB
[runlim] sample:		1383.2 time, 1340.5 real, 13349.1 MB
[runlim] sample:		1393.2 time, 1350.5 real, 13349.1 MB
[runlim] sample:		1403.3 time, 1360.5 real, 13349.1 MB
[runlim] sample:		1413.5 time, 1370.5 real, 13359.1 MB
[runlim] sample:		1423.6 time, 1380.5 real, 13359.1 MB
[runlim] sample:		1433.6 time, 1390.5 real, 13359.1 MB
[runlim] sample:		1443.6 time, 1400.5 real, 13359.1 MB
[runlim] sample:		1453.9 time, 1410.5 real, 13363.1 MB
[runlim] sample:		1463.9 time, 1420.5 real, 13363.1 MB
[runlim] sample:		1473.9 time, 1430.5 real, 13363.1 MB
[runlim] sample:		1483.9 time, 1440.5 real, 13363.1 MB
[runlim] sample:		1494.1 time, 1450.5 real, 13369.1 MB
[runlim] sample:		1504.2 time, 1460.5 real, 13369.1 MB
[runlim] sample:		1514.2 time, 1470.5 real, 13369.1 MB
[runlim] sample:		1524.5 time, 1480.5 real, 13375.1 MB
[runlim] sample:		1534.5 time, 1490.5 real, 13375.1 MB
[runlim] sample:		1544.5 time, 1500.5 real, 13375.1 MB
[runlim] sample:		1554.5 time, 1510.5 real, 13375.1 MB
[runlim] sample:		1564.8 time, 1520.5 real, 13383.2 MB
[runlim] sample:		1574.8 time, 1530.5 real, 13383.2 MB
[runlim] sample:		1584.8 time, 1540.5 real, 13383.2 MB
[runlim] sample:		1594.8 time, 1550.5 real, 13383.2 MB
[runlim] sample:		1605.1 time, 1560.5 real, 13389.2 MB
[runlim] sample:		1615.1 time, 1570.5 real, 13389.2 MB
[runlim] sample:		1625.1 time, 1580.5 real, 13389.2 MB
[runlim] sample:		1635.3 time, 1590.5 real, 13395.2 MB
[runlim] sample:		1645.4 time, 1600.5 real, 13395.2 MB
[runlim] sample:		1655.4 time, 1610.5 real, 13395.2 MB
[runlim] sample:		1665.4 time, 1620.5 real, 13395.2 MB
[runlim] sample:		1675.6 time, 1630.5 real, 13399.2 MB
[runlim] sample:		1686.0 time, 1640.5 real, 13429.2 MB
[runlim] sample:		1696.0 time, 1650.5 real, 13429.2 MB
[runlim] sample:		1706.2 time, 1660.5 real, 13429.2 MB
[runlim] sample:		1716.5 time, 1670.5 real, 13429.2 MB
[runlim] sample:		1726.6 time, 1680.5 real, 13429.2 MB
[runlim] sample:		1736.8 time, 1690.5 real, 13451.2 MB
[runlim] sample:		1747.0 time, 1700.5 real, 13463.2 MB
[runlim] sample:		1757.3 time, 1710.5 real, 13469.2 MB
[runlim] sample:		1767.3 time, 1720.5 real, 13469.2 MB
[runlim] sample:		1777.5 time, 1730.5 real, 13475.2 MB
[runlim] sample:		1787.7 time, 1740.5 real, 13481.2 MB
[runlim] sample:		1797.7 time, 1750.5 real, 13481.2 MB
[runlim] end:			Sat Feb  8 21:22:55 2020
[runlim] status:		out of time
[runlim] result:		1
[runlim] children:		17523
[runlim] real:			1752.72 seconds
[runlim] time:			1800.05 seconds
[runlim] space:			13487.2 MB
[runlim] samples:		17522
