[runlim] version:		1.8
[runlim] time limit:		1800 seconds
[runlim] real time limit:	3600 seconds
[runlim] space limit:		32768 MB
[runlim] argv[0]:		/home/cril/wallon/new-cdcl/weaken-to-clash/start.sh
[runlim] argv[1]:		/data/PB/PB06/SATUNSAT-SMALLINT/submitted-PB06/liu/vdw/normalized-vdw_k6_l3_n170.opb.bz2
[runlim] argv[2]:		/home/cril/wallon/new-cdcl/weaken-to-clash/results/data_PB_PB06_SATUNSAT_SMALLINT_submitted_PB06_liu_vdw_normalized_vdw_k6_l3_n170.opb.bz2
[runlim] start:			Sat Feb  8 19:21:15 2020
[runlim] main pid:		26954
[runlim] sample:		15.0 time, 10.5 real, 1378.1 MB
[runlim] sample:		25.3 time, 20.5 real, 4552.2 MB
[runlim] sample:		35.4 time, 30.5 real, 10678.2 MB
[runlim] sample:		45.4 time, 40.5 real, 12588.5 MB
[runlim] sample:		55.4 time, 50.5 real, 12588.5 MB
[runlim] sample:		65.5 time, 60.5 real, 12594.5 MB
[runlim] sample:		75.5 time, 70.5 real, 12594.6 MB
[runlim] sample:		85.6 time, 80.5 real, 12602.6 MB
[runlim] sample:		95.6 time, 90.5 real, 12602.6 MB
[runlim] sample:		105.7 time, 100.5 real, 12606.6 MB
[runlim] sample:		115.7 time, 110.5 real, 12606.6 MB
[runlim] sample:		125.8 time, 120.5 real, 12606.7 MB
[runlim] sample:		135.8 time, 130.5 real, 12606.7 MB
[runlim] sample:		145.9 time, 140.5 real, 12618.7 MB
[runlim] sample:		155.9 time, 150.5 real, 12618.7 MB
[runlim] sample:		166.0 time, 160.5 real, 12622.7 MB
[runlim] sample:		176.0 time, 170.5 real, 12622.7 MB
[runlim] sample:		186.1 time, 180.5 real, 12622.7 MB
[runlim] sample:		196.2 time, 190.5 real, 12632.8 MB
[runlim] sample:		206.3 time, 200.5 real, 12632.8 MB
[runlim] sample:		216.4 time, 210.5 real, 12636.8 MB
[runlim] sample:		226.4 time, 220.5 real, 12636.8 MB
[runlim] sample:		236.4 time, 230.5 real, 12636.8 MB
[runlim] sample:		246.5 time, 240.5 real, 12638.8 MB
[runlim] sample:		256.5 time, 250.5 real, 12638.8 MB
[runlim] sample:		266.6 time, 260.5 real, 12640.9 MB
[runlim] sample:		276.9 time, 270.5 real, 12640.9 MB
[runlim] sample:		286.9 time, 280.5 real, 12640.9 MB
[runlim] sample:		297.0 time, 290.5 real, 12644.9 MB
[runlim] sample:		307.0 time, 300.5 real, 12644.9 MB
[runlim] sample:		317.1 time, 310.5 real, 12646.9 MB
[runlim] sample:		327.1 time, 320.5 real, 12646.9 MB
[runlim] sample:		337.1 time, 330.5 real, 12646.9 MB
[runlim] sample:		347.2 time, 340.5 real, 12648.9 MB
[runlim] sample:		357.3 time, 350.5 real, 12648.9 MB
[runlim] sample:		367.4 time, 360.5 real, 12656.9 MB
[runlim] sample:		377.4 time, 370.5 real, 12656.9 MB
[runlim] sample:		387.4 time, 380.5 real, 12656.9 MB
[runlim] sample:		397.6 time, 390.5 real, 12666.9 MB
[runlim] sample:		407.5 time, 400.5 real, 12666.9 MB
[runlim] sample:		417.6 time, 410.5 real, 12666.9 MB
[runlim] sample:		427.7 time, 420.5 real, 12674.9 MB
[runlim] sample:		437.7 time, 430.5 real, 12674.9 MB
[runlim] sample:		447.7 time, 440.5 real, 12674.9 MB
[runlim] sample:		457.9 time, 450.5 real, 12683.1 MB
[runlim] sample:		467.9 time, 460.5 real, 12683.1 MB
[runlim] sample:		478.0 time, 470.5 real, 12689.1 MB
[runlim] sample:		488.0 time, 480.5 real, 12689.1 MB
[runlim] sample:		498.0 time, 490.5 real, 12689.1 MB
[runlim] sample:		508.2 time, 500.5 real, 12695.1 MB
[runlim] sample:		518.3 time, 510.5 real, 12695.1 MB
[runlim] sample:		528.3 time, 520.5 real, 12695.1 MB
[runlim] sample:		538.4 time, 530.5 real, 12699.1 MB
[runlim] sample:		548.4 time, 540.5 real, 12699.1 MB
[runlim] sample:		558.4 time, 550.5 real, 12699.1 MB
[runlim] sample:		568.5 time, 560.5 real, 12705.1 MB
[runlim] sample:		578.6 time, 570.5 real, 12705.2 MB
[runlim] sample:		588.6 time, 580.5 real, 12705.3 MB
[runlim] sample:		598.7 time, 590.5 real, 12711.5 MB
[runlim] sample:		608.8 time, 600.5 real, 12711.7 MB
[runlim] sample:		618.8 time, 610.5 real, 12712.2 MB
[runlim] sample:		629.0 time, 620.5 real, 12718.5 MB
[runlim] sample:		639.0 time, 630.5 real, 12718.5 MB
[runlim] sample:		649.1 time, 640.5 real, 12718.9 MB
[runlim] sample:		659.3 time, 650.5 real, 12721.3 MB
[runlim] sample:		669.3 time, 660.5 real, 12721.3 MB
[runlim] sample:		679.4 time, 670.5 real, 12721.3 MB
[runlim] sample:		689.5 time, 680.5 real, 12723.3 MB
[runlim] sample:		699.6 time, 690.5 real, 12723.3 MB
[runlim] sample:		709.6 time, 700.5 real, 12723.3 MB
[runlim] sample:		719.8 time, 710.5 real, 12725.4 MB
[runlim] sample:		729.8 time, 720.5 real, 12725.4 MB
[runlim] sample:		739.8 time, 730.5 real, 12725.4 MB
[runlim] sample:		749.9 time, 740.5 real, 12729.5 MB
[runlim] sample:		760.0 time, 750.5 real, 12729.5 MB
[runlim] sample:		770.0 time, 760.5 real, 12729.5 MB
[runlim] sample:		780.1 time, 770.5 real, 12735.5 MB
[runlim] sample:		790.1 time, 780.5 real, 12735.6 MB
[runlim] sample:		800.1 time, 790.5 real, 12735.6 MB
[runlim] sample:		810.3 time, 800.5 real, 12739.6 MB
[runlim] sample:		820.3 time, 810.5 real, 12739.6 MB
[runlim] sample:		830.3 time, 820.5 real, 12739.6 MB
[runlim] sample:		840.5 time, 830.5 real, 12743.6 MB
[runlim] sample:		850.5 time, 840.5 real, 12743.6 MB
[runlim] sample:		860.5 time, 850.5 real, 12743.6 MB
[runlim] sample:		870.6 time, 860.5 real, 12747.6 MB
[runlim] sample:		880.6 time, 870.5 real, 12747.6 MB
[runlim] sample:		890.6 time, 880.5 real, 12747.6 MB
[runlim] sample:		900.8 time, 890.5 real, 12753.6 MB
[runlim] sample:		910.8 time, 900.5 real, 12753.6 MB
[runlim] sample:		920.8 time, 910.5 real, 12753.6 MB
[runlim] sample:		930.9 time, 920.5 real, 12755.6 MB
[runlim] sample:		941.0 time, 930.5 real, 12755.6 MB
[runlim] sample:		951.0 time, 940.5 real, 12755.6 MB
[runlim] sample:		961.1 time, 950.5 real, 12757.6 MB
[runlim] sample:		971.1 time, 960.5 real, 12757.6 MB
[runlim] sample:		981.1 time, 970.5 real, 12757.6 MB
[runlim] sample:		991.1 time, 980.5 real, 12757.6 MB
[runlim] sample:		1001.2 time, 990.5 real, 12759.7 MB
[runlim] sample:		1011.2 time, 1000.5 real, 12759.7 MB
[runlim] sample:		1021.2 time, 1010.5 real, 12759.7 MB
[runlim] sample:		1031.3 time, 1020.5 real, 12761.7 MB
[runlim] sample:		1041.4 time, 1030.5 real, 12761.7 MB
[runlim] sample:		1051.4 time, 1040.5 real, 12761.7 MB
[runlim] sample:		1061.5 time, 1050.5 real, 12765.7 MB
[runlim] sample:		1071.5 time, 1060.5 real, 12765.7 MB
[runlim] sample:		1081.5 time, 1070.5 real, 12765.7 MB
[runlim] sample:		1091.7 time, 1080.5 real, 12767.7 MB
[runlim] sample:		1101.7 time, 1090.5 real, 12767.7 MB
[runlim] sample:		1111.7 time, 1100.5 real, 12767.7 MB
[runlim] sample:		1121.7 time, 1110.5 real, 12767.7 MB
[runlim] sample:		1131.8 time, 1120.5 real, 12771.7 MB
[runlim] sample:		1141.8 time, 1130.5 real, 12771.7 MB
[runlim] sample:		1151.8 time, 1140.5 real, 12771.7 MB
[runlim] sample:		1161.9 time, 1150.5 real, 12771.7 MB
[runlim] sample:		1171.9 time, 1160.5 real, 12771.7 MB
[runlim] sample:		1182.0 time, 1170.5 real, 12771.8 MB
[runlim] sample:		1192.0 time, 1180.5 real, 12773.8 MB
[runlim] sample:		1202.1 time, 1190.5 real, 12773.8 MB
[runlim] sample:		1212.1 time, 1200.5 real, 12773.8 MB
[runlim] sample:		1222.2 time, 1210.5 real, 12775.8 MB
[runlim] sample:		1232.2 time, 1220.5 real, 12775.8 MB
[runlim] sample:		1242.2 time, 1230.5 real, 12775.8 MB
[runlim] sample:		1252.3 time, 1240.5 real, 12777.8 MB
[runlim] sample:		1262.3 time, 1250.5 real, 12777.8 MB
[runlim] sample:		1272.3 time, 1260.5 real, 12777.8 MB
[runlim] sample:		1282.4 time, 1270.5 real, 12777.8 MB
[runlim] sample:		1292.5 time, 1280.5 real, 12779.8 MB
[runlim] sample:		1302.5 time, 1290.5 real, 12779.8 MB
[runlim] sample:		1312.5 time, 1300.5 real, 12779.8 MB
[runlim] sample:		1322.6 time, 1310.5 real, 12781.8 MB
[runlim] sample:		1332.6 time, 1320.5 real, 12781.8 MB
[runlim] sample:		1342.7 time, 1330.5 real, 12781.8 MB
[runlim] sample:		1352.8 time, 1340.5 real, 12783.8 MB
[runlim] sample:		1362.8 time, 1350.5 real, 12783.8 MB
[runlim] sample:		1372.8 time, 1360.5 real, 12783.8 MB
[runlim] sample:		1382.8 time, 1370.5 real, 12783.8 MB
[runlim] sample:		1392.9 time, 1380.5 real, 12787.8 MB
[runlim] sample:		1402.9 time, 1390.5 real, 12787.8 MB
[runlim] sample:		1413.0 time, 1400.5 real, 12787.8 MB
[runlim] sample:		1423.1 time, 1410.5 real, 12789.8 MB
[runlim] sample:		1433.1 time, 1420.5 real, 12789.8 MB
[runlim] sample:		1443.1 time, 1430.5 real, 12789.8 MB
[runlim] sample:		1453.2 time, 1440.5 real, 12791.8 MB
[runlim] sample:		1463.2 time, 1450.5 real, 12791.8 MB
[runlim] sample:		1473.2 time, 1460.5 real, 12791.8 MB
[runlim] sample:		1483.3 time, 1470.5 real, 12791.8 MB
[runlim] sample:		1493.3 time, 1480.5 real, 12793.8 MB
[runlim] sample:		1503.4 time, 1490.5 real, 12793.8 MB
[runlim] sample:		1513.4 time, 1500.5 real, 12793.8 MB
[runlim] sample:		1523.5 time, 1510.5 real, 12795.8 MB
[runlim] sample:		1533.5 time, 1520.5 real, 12795.8 MB
[runlim] sample:		1543.5 time, 1530.5 real, 12795.8 MB
[runlim] sample:		1553.6 time, 1540.5 real, 12799.8 MB
[runlim] sample:		1563.6 time, 1550.5 real, 12799.8 MB
[runlim] sample:		1573.6 time, 1560.5 real, 12799.8 MB
[runlim] sample:		1583.7 time, 1570.5 real, 12799.8 MB
[runlim] sample:		1593.8 time, 1580.5 real, 12801.8 MB
[runlim] sample:		1603.8 time, 1590.5 real, 12801.8 MB
[runlim] sample:		1613.8 time, 1600.5 real, 12801.8 MB
[runlim] sample:		1623.9 time, 1610.5 real, 12805.8 MB
[runlim] sample:		1633.9 time, 1620.5 real, 12805.8 MB
[runlim] sample:		1643.9 time, 1630.5 real, 12805.8 MB
[runlim] sample:		1654.0 time, 1640.5 real, 12807.8 MB
[runlim] sample:		1664.0 time, 1650.5 real, 12807.8 MB
[runlim] sample:		1674.0 time, 1660.5 real, 12807.8 MB
[runlim] sample:		1684.1 time, 1670.5 real, 12807.8 MB
[runlim] sample:		1694.2 time, 1680.5 real, 12809.8 MB
[runlim] sample:		1704.2 time, 1690.5 real, 12809.8 MB
[runlim] sample:		1714.2 time, 1700.5 real, 12809.8 MB
[runlim] sample:		1724.3 time, 1710.5 real, 12811.8 MB
[runlim] sample:		1734.3 time, 1720.5 real, 12811.8 MB
[runlim] sample:		1744.3 time, 1730.5 real, 12811.8 MB
[runlim] sample:		1754.4 time, 1740.5 real, 12813.8 MB
[runlim] sample:		1764.4 time, 1750.5 real, 12813.8 MB
[runlim] sample:		1774.5 time, 1760.5 real, 12813.8 MB
[runlim] sample:		1784.5 time, 1770.5 real, 12813.8 MB
[runlim] sample:		1794.6 time, 1780.5 real, 12817.8 MB
[runlim] end:			Sat Feb  8 19:51:01 2020
[runlim] status:		out of time
[runlim] result:		1
[runlim] children:		17858
[runlim] real:			1786.04 seconds
[runlim] time:			1800.08 seconds
[runlim] space:			12817.8 MB
[runlim] samples:		17855
