[runlim] version:		1.8
[runlim] time limit:		1800 seconds
[runlim] real time limit:	3600 seconds
[runlim] space limit:		32768 MB
[runlim] argv[0]:		/home/cril/wallon/new-cdcl/weaken-to-clash/start.sh
[runlim] argv[1]:		/data/PB/PB06/SATUNSAT-SMALLINT/submitted-PB05/aloul/FPGA_SAT05/normalized-fpga35_34_sat_pb.cnf.cr.opb.bz2
[runlim] argv[2]:		/home/cril/wallon/new-cdcl/weaken-to-clash/results/data_PB_PB06_SATUNSAT_SMALLINT_submitted_PB05_aloul_FPGA_SAT05_normalized_fpga35_34_sat_pb.cnf.cr.opb.bz2
[runlim] start:			Sat Feb  8 20:54:17 2020
[runlim] main pid:		190973
[runlim] sample:		14.1 time, 10.5 real, 1252.5 MB
[runlim] sample:		24.8 time, 20.5 real, 1380.6 MB
[runlim] sample:		35.1 time, 30.5 real, 2406.7 MB
[runlim] sample:		45.4 time, 40.5 real, 2652.7 MB
[runlim] sample:		56.0 time, 50.5 real, 3792.8 MB
[runlim] sample:		66.2 time, 60.5 real, 3797.0 MB
[runlim] sample:		77.0 time, 70.5 real, 3815.2 MB
[runlim] sample:		87.3 time, 80.5 real, 3823.2 MB
[runlim] sample:		97.5 time, 90.5 real, 3829.3 MB
[runlim] sample:		107.6 time, 100.5 real, 3833.3 MB
[runlim] sample:		117.9 time, 110.5 real, 4013.4 MB
[runlim] sample:		128.1 time, 120.5 real, 4611.4 MB
[runlim] sample:		138.1 time, 130.5 real, 4613.7 MB
[runlim] sample:		148.3 time, 140.5 real, 4868.1 MB
[runlim] sample:		158.5 time, 150.5 real, 5764.7 MB
[runlim] sample:		168.7 time, 160.5 real, 6614.7 MB
[runlim] sample:		178.7 time, 170.5 real, 6614.7 MB
[runlim] sample:		188.9 time, 180.5 real, 6868.7 MB
[runlim] sample:		199.4 time, 190.5 real, 6877.2 MB
[runlim] sample:		209.6 time, 200.5 real, 7164.8 MB
[runlim] sample:		219.6 time, 210.5 real, 7740.8 MB
[runlim] sample:		229.8 time, 220.5 real, 7960.8 MB
[runlim] sample:		239.8 time, 230.5 real, 8258.9 MB
[runlim] sample:		249.9 time, 240.5 real, 12250.9 MB
[runlim] sample:		260.1 time, 250.5 real, 12725.0 MB
[runlim] sample:		270.1 time, 260.5 real, 12725.0 MB
[runlim] sample:		280.2 time, 270.5 real, 12729.0 MB
[runlim] sample:		290.4 time, 280.5 real, 12739.0 MB
[runlim] sample:		300.4 time, 290.5 real, 12739.0 MB
[runlim] sample:		310.4 time, 300.5 real, 12739.0 MB
[runlim] sample:		320.7 time, 310.5 real, 12749.0 MB
[runlim] sample:		330.7 time, 320.5 real, 12749.0 MB
[runlim] sample:		340.8 time, 330.5 real, 12749.0 MB
[runlim] sample:		351.0 time, 340.5 real, 12767.1 MB
[runlim] sample:		361.0 time, 350.5 real, 12767.1 MB
[runlim] sample:		371.1 time, 360.5 real, 12759.1 MB
[runlim] sample:		381.4 time, 370.5 real, 12769.1 MB
[runlim] sample:		391.4 time, 380.5 real, 12769.1 MB
[runlim] sample:		401.4 time, 390.5 real, 12769.1 MB
[runlim] sample:		411.4 time, 400.5 real, 12769.1 MB
[runlim] sample:		421.7 time, 410.5 real, 12783.1 MB
[runlim] sample:		431.7 time, 420.5 real, 12783.1 MB
[runlim] sample:		441.8 time, 430.5 real, 12783.1 MB
[runlim] sample:		452.0 time, 440.5 real, 12797.1 MB
[runlim] sample:		462.0 time, 450.5 real, 12797.1 MB
[runlim] sample:		472.1 time, 460.5 real, 12797.1 MB
[runlim] sample:		482.3 time, 470.5 real, 12805.2 MB
[runlim] sample:		492.3 time, 480.5 real, 12805.2 MB
[runlim] sample:		502.4 time, 490.5 real, 12805.2 MB
[runlim] sample:		512.6 time, 500.5 real, 12823.2 MB
[runlim] sample:		522.7 time, 510.5 real, 12823.2 MB
[runlim] sample:		532.7 time, 520.5 real, 12823.2 MB
[runlim] sample:		542.7 time, 530.5 real, 12823.2 MB
[runlim] sample:		553.0 time, 540.5 real, 12833.2 MB
[runlim] sample:		563.0 time, 550.5 real, 12833.2 MB
[runlim] sample:		573.0 time, 560.5 real, 12833.2 MB
[runlim] sample:		583.3 time, 570.5 real, 12843.2 MB
[runlim] sample:		593.3 time, 580.5 real, 12843.2 MB
[runlim] sample:		603.4 time, 590.5 real, 12843.2 MB
[runlim] sample:		613.6 time, 600.5 real, 12851.2 MB
[runlim] sample:		623.6 time, 610.5 real, 12851.2 MB
[runlim] sample:		633.7 time, 620.5 real, 12851.2 MB
[runlim] sample:		643.7 time, 630.5 real, 12851.2 MB
[runlim] sample:		654.0 time, 640.5 real, 12867.2 MB
[runlim] sample:		664.3 time, 650.5 real, 12873.4 MB
[runlim] sample:		674.4 time, 660.5 real, 12873.4 MB
[runlim] sample:		684.6 time, 670.5 real, 12885.4 MB
[runlim] sample:		694.7 time, 680.5 real, 12885.4 MB
[runlim] sample:		704.7 time, 690.5 real, 12885.4 MB
[runlim] sample:		714.7 time, 700.5 real, 12885.4 MB
[runlim] sample:		725.0 time, 710.5 real, 12893.4 MB
[runlim] sample:		735.0 time, 720.5 real, 12893.4 MB
[runlim] sample:		745.0 time, 730.5 real, 12893.4 MB
[runlim] sample:		755.3 time, 740.5 real, 12909.4 MB
[runlim] sample:		765.4 time, 750.5 real, 12909.4 MB
[runlim] sample:		775.4 time, 760.5 real, 12909.4 MB
[runlim] sample:		785.4 time, 770.5 real, 12909.4 MB
[runlim] sample:		795.7 time, 780.5 real, 12925.4 MB
[runlim] sample:		805.7 time, 790.5 real, 12925.4 MB
[runlim] sample:		815.8 time, 800.5 real, 12925.4 MB
[runlim] sample:		826.0 time, 810.5 real, 12939.4 MB
[runlim] sample:		836.1 time, 820.5 real, 12939.4 MB
[runlim] sample:		846.1 time, 830.5 real, 12939.4 MB
[runlim] sample:		856.1 time, 840.5 real, 12939.4 MB
[runlim] sample:		866.4 time, 850.5 real, 12961.5 MB
[runlim] sample:		876.4 time, 860.5 real, 12961.5 MB
[runlim] sample:		886.5 time, 870.5 real, 12961.5 MB
[runlim] sample:		896.5 time, 880.5 real, 12961.6 MB
[runlim] sample:		906.8 time, 890.5 real, 12971.6 MB
[runlim] sample:		916.8 time, 900.5 real, 12971.6 MB
[runlim] sample:		926.8 time, 910.5 real, 12971.6 MB
[runlim] sample:		937.1 time, 920.5 real, 12981.6 MB
[runlim] sample:		947.1 time, 930.5 real, 12981.6 MB
[runlim] sample:		957.1 time, 940.5 real, 12981.6 MB
[runlim] sample:		967.2 time, 950.5 real, 12981.6 MB
[runlim] sample:		977.4 time, 960.5 real, 12999.6 MB
[runlim] sample:		987.4 time, 970.5 real, 12999.6 MB
[runlim] sample:		997.5 time, 980.5 real, 12999.6 MB
[runlim] sample:		1007.5 time, 990.5 real, 12999.6 MB
[runlim] sample:		1017.7 time, 1000.5 real, 13011.7 MB
[runlim] sample:		1027.7 time, 1010.5 real, 13011.7 MB
[runlim] sample:		1037.8 time, 1020.5 real, 13011.7 MB
[runlim] sample:		1048.0 time, 1030.5 real, 13025.7 MB
[runlim] sample:		1058.0 time, 1040.5 real, 13025.7 MB
[runlim] sample:		1068.1 time, 1050.5 real, 13025.7 MB
[runlim] sample:		1078.1 time, 1060.5 real, 13025.7 MB
[runlim] sample:		1088.4 time, 1070.5 real, 13035.7 MB
[runlim] sample:		1098.4 time, 1080.5 real, 13035.7 MB
[runlim] sample:		1108.4 time, 1090.5 real, 13035.7 MB
[runlim] sample:		1118.4 time, 1100.5 real, 13035.7 MB
[runlim] sample:		1128.7 time, 1110.5 real, 13045.7 MB
[runlim] sample:		1138.7 time, 1120.5 real, 13045.7 MB
[runlim] sample:		1148.7 time, 1130.5 real, 13045.7 MB
[runlim] sample:		1159.0 time, 1140.5 real, 13057.7 MB
[runlim] sample:		1169.0 time, 1150.5 real, 13057.7 MB
[runlim] sample:		1179.0 time, 1160.5 real, 13057.7 MB
[runlim] sample:		1189.0 time, 1170.5 real, 13057.7 MB
[runlim] sample:		1199.3 time, 1180.5 real, 13071.7 MB
[runlim] sample:		1209.3 time, 1190.5 real, 13071.8 MB
[runlim] sample:		1219.3 time, 1200.5 real, 13072.0 MB
[runlim] sample:		1229.4 time, 1210.5 real, 13072.5 MB
[runlim] sample:		1239.7 time, 1220.5 real, 13086.5 MB
[runlim] sample:		1249.7 time, 1230.5 real, 13086.5 MB
[runlim] sample:		1259.8 time, 1240.5 real, 13086.6 MB
[runlim] sample:		1269.8 time, 1250.5 real, 13086.6 MB
[runlim] sample:		1280.0 time, 1260.5 real, 13094.6 MB
[runlim] sample:		1290.1 time, 1270.5 real, 13094.6 MB
[runlim] sample:		1300.1 time, 1280.5 real, 13094.6 MB
[runlim] sample:		1310.2 time, 1290.5 real, 13094.6 MB
[runlim] sample:		1320.4 time, 1300.5 real, 13104.7 MB
[runlim] sample:		1330.4 time, 1310.5 real, 13104.7 MB
[runlim] sample:		1340.5 time, 1320.5 real, 13104.7 MB
[runlim] sample:		1350.5 time, 1330.5 real, 13104.7 MB
[runlim] sample:		1360.8 time, 1340.5 real, 13114.7 MB
[runlim] sample:		1370.8 time, 1350.5 real, 13114.7 MB
[runlim] sample:		1380.8 time, 1360.5 real, 13114.7 MB
[runlim] sample:		1390.9 time, 1370.5 real, 13114.7 MB
[runlim] sample:		1401.1 time, 1380.5 real, 13124.8 MB
[runlim] sample:		1411.1 time, 1390.5 real, 13124.8 MB
[runlim] sample:		1421.1 time, 1400.5 real, 13124.8 MB
[runlim] sample:		1431.3 time, 1410.5 real, 13134.8 MB
[runlim] sample:		1441.4 time, 1420.5 real, 13134.8 MB
[runlim] sample:		1451.4 time, 1430.5 real, 13134.8 MB
[runlim] sample:		1461.4 time, 1440.5 real, 13134.8 MB
[runlim] sample:		1471.6 time, 1450.5 real, 13144.8 MB
[runlim] sample:		1481.6 time, 1460.5 real, 13144.8 MB
[runlim] sample:		1491.6 time, 1470.5 real, 13144.8 MB
[runlim] sample:		1501.7 time, 1480.5 real, 13144.8 MB
[runlim] sample:		1511.9 time, 1490.5 real, 13152.8 MB
[runlim] sample:		1521.9 time, 1500.5 real, 13152.8 MB
[runlim] sample:		1531.9 time, 1510.5 real, 13152.8 MB
[runlim] sample:		1541.9 time, 1520.5 real, 13152.8 MB
[runlim] sample:		1552.2 time, 1530.5 real, 13160.8 MB
[runlim] sample:		1562.2 time, 1540.5 real, 13160.8 MB
[runlim] sample:		1572.2 time, 1550.5 real, 13160.8 MB
[runlim] sample:		1582.2 time, 1560.5 real, 13160.8 MB
[runlim] sample:		1592.4 time, 1570.5 real, 13170.8 MB
[runlim] sample:		1602.4 time, 1580.5 real, 13170.8 MB
[runlim] sample:		1612.4 time, 1590.5 real, 13170.8 MB
[runlim] sample:		1622.5 time, 1600.5 real, 13170.8 MB
[runlim] sample:		1632.7 time, 1610.5 real, 13178.8 MB
[runlim] sample:		1642.7 time, 1620.5 real, 13178.8 MB
[runlim] sample:		1652.7 time, 1630.5 real, 13178.8 MB
[runlim] sample:		1662.7 time, 1640.5 real, 13178.8 MB
[runlim] sample:		1672.9 time, 1650.5 real, 13184.9 MB
[runlim] sample:		1682.9 time, 1660.5 real, 13184.9 MB
[runlim] sample:		1692.9 time, 1670.5 real, 13184.9 MB
[runlim] sample:		1703.0 time, 1680.5 real, 13184.9 MB
[runlim] sample:		1713.2 time, 1690.5 real, 13192.9 MB
[runlim] sample:		1723.2 time, 1700.5 real, 13192.9 MB
[runlim] sample:		1733.2 time, 1710.5 real, 13192.9 MB
[runlim] sample:		1743.2 time, 1720.5 real, 13192.9 MB
[runlim] sample:		1753.5 time, 1730.5 real, 13200.9 MB
[runlim] sample:		1763.5 time, 1740.5 real, 13200.9 MB
[runlim] sample:		1773.5 time, 1750.5 real, 13200.9 MB
[runlim] sample:		1783.5 time, 1760.5 real, 13200.9 MB
[runlim] sample:		1793.7 time, 1770.5 real, 13208.9 MB
[runlim] end:			Sat Feb  8 21:23:53 2020
[runlim] status:		out of time
[runlim] result:		1
[runlim] children:		17764
[runlim] real:			1776.82 seconds
[runlim] time:			1800.05 seconds
[runlim] space:			13208.9 MB
[runlim] samples:		17763
